## SLURM PROLOG ###############################################################
##    Job ID : 3736945
##  Job Name : color_CNN
##  Nodelist : gpu2006
##      CPUs : 1
##  Mem/Node : 30720 MB
## Directory : /gpfs/data/tserre/aarjun1/pathtracker/mot/InT-Models-main
##   Started : Sat Jan  1 18:57:46 EST 2022
###############################################################################
Tensorflow version 2.7.0
Failed to import slowfast.
Failed to import spatial sampler.
Found dataset: /users/aarjun1/scratch/pathtracker_data/mot/tfrecords/
Loading training dataset
Loading validation dataset
Init model ffhgru full bptt penalty:  False
107582
Loading parallel finished on GPU count: 4
Including parameters ['module.bn.weight', 'module.bn.bias', 'module.preproc.weight', 'module.preproc.bias', 'module.unit1.w_exc', 'module.unit1.w_inh', 'module.unit1.alpha', 'module.unit1.mu', 'module.unit1.gamma', 'module.unit1.kappa', 'module.unit1.w', 'module.unit1.a_w_gate.weight', 'module.unit1.a_w_gate.bias', 'module.unit1.a_u_gate.weight', 'module.unit1.a_u_gate.bias', 'module.unit1.i_w_gate.weight', 'module.unit1.i_w_gate.bias', 'module.unit1.i_u_gate.weight', 'module.unit1.i_u_gate.bias', 'module.unit1.e_w_gate.weight', 'module.unit1.e_w_gate.bias', 'module.unit1.e_u_gate.weight', 'module.unit1.e_u_gate.bias', 'module.unit1.bn.0.weight', 'module.unit1.bn.0.bias', 'module.unit1.bn.1.weight', 'module.unit1.bn.1.bias', 'module.readout_conv.weight', 'module.readout_conv.bias', 'module.target_conv.weight', 'module.target_conv.bias', 'module.readout_dense.weight', 'module.readout_dense.bias']
Epoch: [0][0/167]  lr: 0.0003  Time: 11.061 (itavg:11.061) (11.061)  Data: 0.608 (0.608) Loss: 1.13039279 (1.13039279) (1.13039279)  bal_acc: 34.44445 (34.44445) preci: 0.34444 (0.34444) rec: 0.34444 (0.34444)  f1: 0.34444 (0.34444) jvpen: 1.000000000000 11.061 losscale:1.00000
Epoch: [0][20/167]  lr: 0.0003  Time: 1.519 (itavg:1.581) (2.032)  Data: 0.068 (0.094) Loss: 1.10730386 (1.11899787) (1.11954048)  bal_acc: 27.77778 (33.54497) preci: 0.27778 (0.33545) rec: 0.27778 (0.33545)  f1: 0.27778 (0.33545) jvpen: 1.000000000000 31.617 losscale:1.00000
Epoch: [0][40/167]  lr: 0.0003  Time: 1.503 (itavg:1.514) (1.780)  Data: 0.064 (0.079) Loss: 1.09862316 (1.10535377) (1.11262014)  bal_acc: 36.11111 (33.45529) preci: 0.36111 (0.33455) rec: 0.36111 (0.33455)  f1: 0.36111 (0.33455) jvpen: 1.000000000000 30.287 losscale:1.00000
Epoch: [0][60/167]  lr: 0.0003  Time: 1.512 (itavg:1.513) (1.692)  Data: 0.059 (0.075) Loss: 1.09872222 (1.09938319) (1.10828015)  bal_acc: 30.00000 (33.06922) preci: 0.30000 (0.33069) rec: 0.30000 (0.33069)  f1: 0.30000 (0.33069) jvpen: 1.000000000000 30.268 losscale:1.00000
Epoch: [0][80/167]  lr: 0.0003  Time: 1.510 (itavg:1.509) (1.647)  Data: 0.059 (0.071) Loss: 1.09836698 (1.09881918) (1.10594411)  bal_acc: 35.00000 (32.92867) preci: 0.35000 (0.32929) rec: 0.35000 (0.32929)  f1: 0.35000 (0.32929) jvpen: 1.000000000000 30.175 losscale:1.00000
Epoch: [0][100/167]  lr: 0.0003  Time: 1.511 (itavg:1.513) (1.620)  Data: 0.062 (0.069) Loss: 1.09761655 (1.09887382) (1.10454405)  bal_acc: 35.55556 (32.87679) preci: 0.35556 (0.32877) rec: 0.35556 (0.32877)  f1: 0.35556 (0.32877) jvpen: 1.000000000000 30.252 losscale:1.00000
Epoch: [0][120/167]  lr: 0.0003  Time: 1.499 (itavg:1.512) (1.602)  Data: 0.045 (0.066) Loss: 1.10098863 (1.09885067) (1.10360300)  bal_acc: 30.00000 (32.99357) preci: 0.30000 (0.32994) rec: 0.30000 (0.32994)  f1: 0.30000 (0.32994) jvpen: 1.000000000000 30.233 losscale:1.00000
Epoch: [0][140/167]  lr: 0.0003  Time: 1.521 (itavg:1.513) (1.590)  Data: 0.056 (0.066) Loss: 1.09950447 (1.09849304) (1.10287818)  bal_acc: 30.00000 (33.21119) preci: 0.30000 (0.33211) rec: 0.30000 (0.33211)  f1: 0.30000 (0.33211) jvpen: 1.000000000000 30.269 losscale:1.00000
Epoch: [0][160/167]  lr: 0.0003  Time: 1.493 (itavg:1.514) (1.580)  Data: 0.022 (0.064) Loss: 1.09833038 (1.09910977) (1.10241006)  bal_acc: 35.55556 (33.10904) preci: 0.35556 (0.33109) rec: 0.35556 (0.33109)  f1: 0.35556 (0.33109) jvpen: 1.000000000000 30.276 losscale:1.00000
0
SHAPEEE :  (180, 64, 32, 32, 3)
Test: [0/167]	 Time: 1.317	 Loss: 1.09910882 ( 1.09910882)	Bal_acc: 35.00000000 preci: 0.35000 (0.35000) rec: 0.35000(0.35000) f1: 0.35000 (0.35000)
SHAPEEE :  (180, 64, 32, 32, 3)
SHAPEEE :  (180, 64, 32, 32, 3)
SHAPEEE :  (180, 64, 32, 32, 3)
SHAPEEE :  (180, 64, 32, 32, 3)
SHAPEEE :  (180, 64, 32, 32, 3)
SHAPEEE :  (180, 64, 32, 32, 3)
SHAPEEE :  (180, 64, 32, 32, 3)
SHAPEEE :  (180, 64, 32, 32, 3)
SHAPEEE :  (180, 64, 32, 32, 3)
SHAPEEE :  (180, 64, 32, 32, 3)
SHAPEEE :  (180, 64, 32, 32, 3)
SHAPEEE :  (180, 64, 32, 32, 3)
SHAPEEE :  (180, 64, 32, 32, 3)
SHAPEEE :  (180, 64, 32, 32, 3)
SHAPEEE :  (180, 64, 32, 32, 3)
SHAPEEE :  (180, 64, 32, 32, 3)
SHAPEEE :  (180, 64, 32, 32, 3)
SHAPEEE :  (180, 64, 32, 32, 3)
SHAPEEE :  (180, 64, 32, 32, 3)
SHAPEEE :  (180, 64, 32, 32, 3)
Test: [3600/167]	 Time: 0.779	 Loss: 1.09785759 ( 1.09855064)	Bal_acc: 32.85714386 preci: 0.37222 (0.32857) rec: 0.37222(0.32857) f1: 0.37222 (0.32857)
SHAPEEE :  (180, 64, 32, 32, 3)
SHAPEEE :  (180, 64, 32, 32, 3)
SHAPEEE :  (180, 64, 32, 32, 3)
SHAPEEE :  (180, 64, 32, 32, 3)
SHAPEEE :  (180, 64, 32, 32, 3)
SHAPEEE :  (180, 64, 32, 32, 3)
SHAPEEE :  (180, 64, 32, 32, 3)
SHAPEEE :  (180, 64, 32, 32, 3)
SHAPEEE :  (180, 64, 32, 32, 3)
SHAPEEE :  (180, 64, 32, 32, 3)
SHAPEEE :  (180, 64, 32, 32, 3)
SHAPEEE :  (180, 64, 32, 32, 3)
SHAPEEE :  (180, 64, 32, 32, 3)
SHAPEEE :  (180, 64, 32, 32, 3)
SHAPEEE :  (180, 64, 32, 32, 3)
SHAPEEE :  (180, 64, 32, 32, 3)
SHAPEEE :  (180, 64, 32, 32, 3)
SHAPEEE :  (180, 64, 32, 32, 3)
SHAPEEE :  (180, 64, 32, 32, 3)
SHAPEEE :  (180, 64, 32, 32, 3)
Test: [7200/167]	 Time: 0.764	 Loss: 1.09843838 ( 1.09847316)	Bal_acc: 33.03523157 preci: 0.32222 (0.33035) rec: 0.32222(0.33035) f1: 0.32222 (0.33035)
SHAPEEE :  (180, 64, 32, 32, 3)
SHAPEEE :  (180, 64, 32, 32, 3)
SHAPEEE :  (180, 64, 32, 32, 3)
SHAPEEE :  (180, 64, 32, 32, 3)
SHAPEEE :  (180, 64, 32, 32, 3)
SHAPEEE :  (180, 64, 32, 32, 3)
SHAPEEE :  (180, 64, 32, 32, 3)
SHAPEEE :  (180, 64, 32, 32, 3)
SHAPEEE :  (180, 64, 32, 32, 3)
SHAPEEE :  (180, 64, 32, 32, 3)
SHAPEEE :  (180, 64, 32, 32, 3)
SHAPEEE :  (180, 64, 32, 32, 3)
SHAPEEE :  (180, 64, 32, 32, 3)
SHAPEEE :  (180, 64, 32, 32, 3)
SHAPEEE :  (180, 64, 32, 32, 3)
SHAPEEE :  (180, 64, 32, 32, 3)
SHAPEEE :  (180, 64, 32, 32, 3)
SHAPEEE :  (180, 64, 32, 32, 3)
SHAPEEE :  (180, 64, 32, 32, 3)
SHAPEEE :  (180, 64, 32, 32, 3)
Test: [10800/167]	 Time: 0.757	 Loss: 1.09764230 ( 1.09851328)	Bal_acc: 33.13297012 preci: 0.35000 (0.33133) rec: 0.35000(0.33133) f1: 0.35000 (0.33133)
SHAPEEE :  (180, 64, 32, 32, 3)
SHAPEEE :  (180, 64, 32, 32, 3)
SHAPEEE :  (180, 64, 32, 32, 3)
SHAPEEE :  (180, 64, 32, 32, 3)
SHAPEEE :  (180, 64, 32, 32, 3)
SHAPEEE :  (180, 64, 32, 32, 3)
SHAPEEE :  (180, 64, 32, 32, 3)
SHAPEEE :  (180, 64, 32, 32, 3)
SHAPEEE :  (180, 64, 32, 32, 3)
SHAPEEE :  (180, 64, 32, 32, 3)
SHAPEEE :  (180, 64, 32, 32, 3)
SHAPEEE :  (180, 64, 32, 32, 3)
SHAPEEE :  (180, 64, 32, 32, 3)
SHAPEEE :  (180, 64, 32, 32, 3)
SHAPEEE :  (180, 64, 32, 32, 3)
SHAPEEE :  (180, 64, 32, 32, 3)
SHAPEEE :  (180, 64, 32, 32, 3)
SHAPEEE :  (180, 64, 32, 32, 3)
SHAPEEE :  (180, 64, 32, 32, 3)
SHAPEEE :  (180, 64, 32, 32, 3)
Test: [14400/167]	 Time: 0.754	 Loss: 1.09875095 ( 1.09860633)	Bal_acc: 33.34019322 preci: 0.30556 (0.33340) rec: 0.30556(0.33340) f1: 0.30556 (0.33340)
SHAPEEE :  (180, 64, 32, 32, 3)
SHAPEEE :  (180, 64, 32, 32, 3)
SHAPEEE :  (180, 64, 32, 32, 3)
SHAPEEE :  (180, 64, 32, 32, 3)
SHAPEEE :  (180, 64, 32, 32, 3)
SHAPEEE :  (180, 64, 32, 32, 3)
SHAPEEE :  (180, 64, 32, 32, 3)
SHAPEEE :  (180, 64, 32, 32, 3)
SHAPEEE :  (180, 64, 32, 32, 3)
SHAPEEE :  (180, 64, 32, 32, 3)
SHAPEEE :  (180, 64, 32, 32, 3)
SHAPEEE :  (180, 64, 32, 32, 3)
SHAPEEE :  (180, 64, 32, 32, 3)
SHAPEEE :  (180, 64, 32, 32, 3)
SHAPEEE :  (180, 64, 32, 32, 3)
SHAPEEE :  (180, 64, 32, 32, 3)
SHAPEEE :  (180, 64, 32, 32, 3)
SHAPEEE :  (180, 64, 32, 32, 3)
SHAPEEE :  (180, 64, 32, 32, 3)
SHAPEEE :  (180, 64, 32, 32, 3)
Test: [18000/167]	 Time: 0.752	 Loss: 1.09813881 ( 1.09861891)	Bal_acc: 33.59736091 preci: 0.32222 (0.33597) rec: 0.32222(0.33597) f1: 0.32222 (0.33597)
SHAPEEE :  (180, 64, 32, 32, 3)
SHAPEEE :  (180, 64, 32, 32, 3)
SHAPEEE :  (180, 64, 32, 32, 3)
SHAPEEE :  (180, 64, 32, 32, 3)
SHAPEEE :  (180, 64, 32, 32, 3)
SHAPEEE :  (180, 64, 32, 32, 3)
SHAPEEE :  (180, 64, 32, 32, 3)
SHAPEEE :  (180, 64, 32, 32, 3)
SHAPEEE :  (180, 64, 32, 32, 3)
SHAPEEE :  (180, 64, 32, 32, 3)
SHAPEEE :  (180, 64, 32, 32, 3)
SHAPEEE :  (180, 64, 32, 32, 3)
SHAPEEE :  (180, 64, 32, 32, 3)
SHAPEEE :  (180, 64, 32, 32, 3)
SHAPEEE :  (180, 64, 32, 32, 3)
SHAPEEE :  (180, 64, 32, 32, 3)
SHAPEEE :  (180, 64, 32, 32, 3)
SHAPEEE :  (180, 64, 32, 32, 3)
SHAPEEE :  (180, 64, 32, 32, 3)
SHAPEEE :  (180, 64, 32, 32, 3)
Test: [21600/167]	 Time: 0.752	 Loss: 1.09782934 ( 1.09859886)	Bal_acc: 33.51239778 preci: 0.32778 (0.33512) rec: 0.32778(0.33512) f1: 0.32778 (0.33512)
SHAPEEE :  (180, 64, 32, 32, 3)
SHAPEEE :  (180, 64, 32, 32, 3)
SHAPEEE :  (180, 64, 32, 32, 3)
SHAPEEE :  (180, 64, 32, 32, 3)
SHAPEEE :  (180, 64, 32, 32, 3)
SHAPEEE :  (180, 64, 32, 32, 3)
SHAPEEE :  (180, 64, 32, 32, 3)
SHAPEEE :  (180, 64, 32, 32, 3)
SHAPEEE :  (180, 64, 32, 32, 3)
SHAPEEE :  (180, 64, 32, 32, 3)
SHAPEEE :  (180, 64, 32, 32, 3)
SHAPEEE :  (180, 64, 32, 32, 3)
SHAPEEE :  (180, 64, 32, 32, 3)
SHAPEEE :  (180, 64, 32, 32, 3)
SHAPEEE :  (180, 64, 32, 32, 3)
SHAPEEE :  (180, 64, 32, 32, 3)
SHAPEEE :  (180, 64, 32, 32, 3)
SHAPEEE :  (180, 64, 32, 32, 3)
SHAPEEE :  (180, 64, 32, 32, 3)
SHAPEEE :  (180, 64, 32, 32, 3)
Test: [25200/167]	 Time: 0.751	 Loss: 1.09967554 ( 1.09863869)	Bal_acc: 33.32151401 preci: 0.28889 (0.33322) rec: 0.28889(0.33322) f1: 0.28889 (0.33322)
SHAPEEE :  (180, 64, 32, 32, 3)
SHAPEEE :  (180, 64, 32, 32, 3)
SHAPEEE :  (180, 64, 32, 32, 3)
SHAPEEE :  (180, 64, 32, 32, 3)
SHAPEEE :  (180, 64, 32, 32, 3)
SHAPEEE :  (180, 64, 32, 32, 3)
SHAPEEE :  (180, 64, 32, 32, 3)
SHAPEEE :  (180, 64, 32, 32, 3)
SHAPEEE :  (180, 64, 32, 32, 3)
SHAPEEE :  (180, 64, 32, 32, 3)
SHAPEEE :  (180, 64, 32, 32, 3)
SHAPEEE :  (180, 64, 32, 32, 3)
SHAPEEE :  (180, 64, 32, 32, 3)
SHAPEEE :  (180, 64, 32, 32, 3)
SHAPEEE :  (180, 64, 32, 32, 3)
SHAPEEE :  (180, 64, 32, 32, 3)
SHAPEEE :  (180, 64, 32, 32, 3)
SHAPEEE :  (180, 64, 32, 32, 3)
SHAPEEE :  (180, 64, 32, 32, 3)
SHAPEEE :  (180, 64, 32, 32, 3)
Test: [28800/167]	 Time: 0.750	 Loss: 1.09548867 ( 1.09866615)	Bal_acc: 33.46100864 preci: 0.39444 (0.33461) rec: 0.39444(0.33461) f1: 0.39444 (0.33461)
SHAPEEE :  (180, 64, 32, 32, 3)
SHAPEEE :  (180, 64, 32, 32, 3)
SHAPEEE :  (180, 64, 32, 32, 3)
SHAPEEE :  (180, 64, 32, 32, 3)
SHAPEEE :  (180, 64, 32, 32, 3)
val f 0.33356762704360915 val loss 1.0986904645540627 val acc 33.356761415320705
Epoch: [1][0/167]  lr: 0.0003  Time: 2.018 (itavg:2.018) (2.018)  Data: 0.569 (0.569) Loss: 1.09856737 (1.09856737) (1.09856737)  bal_acc: 38.88889 (38.88889) preci: 0.38889 (0.38889) rec: 0.38889 (0.38889)  f1: 0.38889 (0.38889) jvpen: 1.000000000000 2.019 losscale:1.00000
Epoch: [1][20/167]  lr: 0.0003  Time: 1.504 (itavg:1.518) (1.542)  Data: 0.044 (0.091) Loss: 1.09896159 (1.09886537) (1.09885118)  bal_acc: 32.22222 (32.85714) preci: 0.32222 (0.32857) rec: 0.32222 (0.32857)  f1: 0.32222 (0.32857) jvpen: 1.000000000000 30.355 losscale:1.00000
