## SLURM PROLOG ###############################################################
##    Job ID : 3880440
##  Job Name : pathtracker_mot
##  Nodelist : gpu2008
##      CPUs : 1
##  Mem/Node : 40960 MB
## Directory : /gpfs/data/tserre/aarjun1/pathtracker/mot/InT-Models-main_temp
##   Started : Sun Jan 30 17:08:23 EST 2022
###############################################################################
Tensorflow version 2.7.0
Failed to import slowfast.
Failed to import spatial sampler.
Found dataset: /users/aarjun1/scratch/pathtracker_data/mot/tfrecords_64/
Loading training dataset
DATASET :  /users/aarjun1/scratch/pathtracker_data/mot/tfrecords_64/train-*  : 
 ['/users/aarjun1/scratch/pathtracker_data/mot/tfrecords_64/train-batch_0--00005-of-00040', '/users/aarjun1/scratch/pathtracker_data/mot/tfrecords_64/train-batch_0--00002-of-00040', '/users/aarjun1/scratch/pathtracker_data/mot/tfrecords_64/train-batch_0--00029-of-00040', '/users/aarjun1/scratch/pathtracker_data/mot/tfrecords_64/train-batch_0--00010-of-00040', '/users/aarjun1/scratch/pathtracker_data/mot/tfrecords_64/train-batch_0--00032-of-00040', '/users/aarjun1/scratch/pathtracker_data/mot/tfrecords_64/train-batch_0--00030-of-00040', '/users/aarjun1/scratch/pathtracker_data/mot/tfrecords_64/train-batch_0--00007-of-00040', '/users/aarjun1/scratch/pathtracker_data/mot/tfrecords_64/train-batch_0--00024-of-00040', '/users/aarjun1/scratch/pathtracker_data/mot/tfrecords_64/train-batch_0--00012-of-00040', '/users/aarjun1/scratch/pathtracker_data/mot/tfrecords_64/train-batch_0--00038-of-00040', '/users/aarjun1/scratch/pathtracker_data/mot/tfrecords_64/train-batch_0--00036-of-00040', '/users/aarjun1/scratch/pathtracker_data/mot/tfrecords_64/train-batch_0--00037-of-00040', '/users/aarjun1/scratch/pathtracker_data/mot/tfrecords_64/train-batch_0--00009-of-00040', '/users/aarjun1/scratch/pathtracker_data/mot/tfrecords_64/train-batch_0--00035-of-00040', '/users/aarjun1/scratch/pathtracker_data/mot/tfrecords_64/train-batch_0--00027-of-00040', '/users/aarjun1/scratch/pathtracker_data/mot/tfrecords_64/train-batch_0--00021-of-00040', '/users/aarjun1/scratch/pathtracker_data/mot/tfrecords_64/train-batch_0--00019-of-00040', '/users/aarjun1/scratch/pathtracker_data/mot/tfrecords_64/train-batch_0--00003-of-00040', '/users/aarjun1/scratch/pathtracker_data/mot/tfrecords_64/train-batch_0--00017-of-00040', '/users/aarjun1/scratch/pathtracker_data/mot/tfrecords_64/train-batch_0--00014-of-00040', '/users/aarjun1/scratch/pathtracker_data/mot/tfrecords_64/train-batch_0--00016-of-00040', '/users/aarjun1/scratch/pathtracker_data/mot/tfrecords_64/train-batch_0--00006-of-00040', '/users/aarjun1/scratch/pathtracker_data/mot/tfrecords_64/train-batch_0--00011-of-00040', '/users/aarjun1/scratch/pathtracker_data/mot/tfrecords_64/train-batch_0--00028-of-00040', '/users/aarjun1/scratch/pathtracker_data/mot/tfrecords_64/train-batch_0--00015-of-00040', '/users/aarjun1/scratch/pathtracker_data/mot/tfrecords_64/train-batch_0--00008-of-00040', '/users/aarjun1/scratch/pathtracker_data/mot/tfrecords_64/train-batch_0--00025-of-00040', '/users/aarjun1/scratch/pathtracker_data/mot/tfrecords_64/train-batch_0--00000-of-00040', '/users/aarjun1/scratch/pathtracker_data/mot/tfrecords_64/train-batch_0--00039-of-00040', '/users/aarjun1/scratch/pathtracker_data/mot/tfrecords_64/train-batch_0--00022-of-00040', '/users/aarjun1/scratch/pathtracker_data/mot/tfrecords_64/train-batch_0--00004-of-00040', '/users/aarjun1/scratch/pathtracker_data/mot/tfrecords_64/train-batch_0--00033-of-00040', '/users/aarjun1/scratch/pathtracker_data/mot/tfrecords_64/train-batch_0--00026-of-00040', '/users/aarjun1/scratch/pathtracker_data/mot/tfrecords_64/train-batch_0--00020-of-00040', '/users/aarjun1/scratch/pathtracker_data/mot/tfrecords_64/train-batch_0--00023-of-00040', '/users/aarjun1/scratch/pathtracker_data/mot/tfrecords_64/train-batch_0--00013-of-00040', '/users/aarjun1/scratch/pathtracker_data/mot/tfrecords_64/train-batch_0--00034-of-00040', '/users/aarjun1/scratch/pathtracker_data/mot/tfrecords_64/train-batch_0--00001-of-00040', '/users/aarjun1/scratch/pathtracker_data/mot/tfrecords_64/train-batch_0--00031-of-00040', '/users/aarjun1/scratch/pathtracker_data/mot/tfrecords_64/train-batch_0--00018-of-00040']
Loading validation dataset
DATASET :  /users/aarjun1/scratch/pathtracker_data/mot/tfrecords_64/test-*  : 
 ['/users/aarjun1/scratch/pathtracker_data/mot/tfrecords_64/test-batch_5--00005-of-00040', '/users/aarjun1/scratch/pathtracker_data/mot/tfrecords_64/test-batch_5--00016-of-00040', '/users/aarjun1/scratch/pathtracker_data/mot/tfrecords_64/test-batch_5--00029-of-00040', '/users/aarjun1/scratch/pathtracker_data/mot/tfrecords_64/test-batch_5--00037-of-00040', '/users/aarjun1/scratch/pathtracker_data/mot/tfrecords_64/test-batch_5--00013-of-00040', '/users/aarjun1/scratch/pathtracker_data/mot/tfrecords_64/test-batch_5--00018-of-00040', '/users/aarjun1/scratch/pathtracker_data/mot/tfrecords_64/test-batch_5--00000-of-00040', '/users/aarjun1/scratch/pathtracker_data/mot/tfrecords_64/test-batch_5--00035-of-00040', '/users/aarjun1/scratch/pathtracker_data/mot/tfrecords_64/test-batch_5--00026-of-00040', '/users/aarjun1/scratch/pathtracker_data/mot/tfrecords_64/test-batch_5--00023-of-00040', '/users/aarjun1/scratch/pathtracker_data/mot/tfrecords_64/test-batch_5--00017-of-00040', '/users/aarjun1/scratch/pathtracker_data/mot/tfrecords_64/test-batch_5--00033-of-00040', '/users/aarjun1/scratch/pathtracker_data/mot/tfrecords_64/test-batch_5--00014-of-00040', '/users/aarjun1/scratch/pathtracker_data/mot/tfrecords_64/test-batch_5--00001-of-00040', '/users/aarjun1/scratch/pathtracker_data/mot/tfrecords_64/test-batch_5--00038-of-00040', '/users/aarjun1/scratch/pathtracker_data/mot/tfrecords_64/test-batch_5--00007-of-00040', '/users/aarjun1/scratch/pathtracker_data/mot/tfrecords_64/test-batch_5--00039-of-00040', '/users/aarjun1/scratch/pathtracker_data/mot/tfrecords_64/test-batch_5--00028-of-00040', '/users/aarjun1/scratch/pathtracker_data/mot/tfrecords_64/test-batch_5--00032-of-00040', '/users/aarjun1/scratch/pathtracker_data/mot/tfrecords_64/test-batch_5--00020-of-00040', '/users/aarjun1/scratch/pathtracker_data/mot/tfrecords_64/test-batch_5--00003-of-00040', '/users/aarjun1/scratch/pathtracker_data/mot/tfrecords_64/test-batch_5--00015-of-00040', '/users/aarjun1/scratch/pathtracker_data/mot/tfrecords_64/test-batch_5--00031-of-00040', '/users/aarjun1/scratch/pathtracker_data/mot/tfrecords_64/test-batch_5--00021-of-00040', '/users/aarjun1/scratch/pathtracker_data/mot/tfrecords_64/test-batch_5--00008-of-00040', '/users/aarjun1/scratch/pathtracker_data/mot/tfrecords_64/test-batch_5--00024-of-00040', '/users/aarjun1/scratch/pathtracker_data/mot/tfrecords_64/test-batch_5--00022-of-00040', '/users/aarjun1/scratch/pathtracker_data/mot/tfrecords_64/test-batch_5--00019-of-00040', '/users/aarjun1/scratch/pathtracker_data/mot/tfrecords_64/test-batch_5--00030-of-00040', '/users/aarjun1/scratch/pathtracker_data/mot/tfrecords_64/test-batch_5--00002-of-00040', '/users/aarjun1/scratch/pathtracker_data/mot/tfrecords_64/test-batch_5--00036-of-00040', '/users/aarjun1/scratch/pathtracker_data/mot/tfrecords_64/test-batch_5--00009-of-00040', '/users/aarjun1/scratch/pathtracker_data/mot/tfrecords_64/test-batch_5--00034-of-00040', '/users/aarjun1/scratch/pathtracker_data/mot/tfrecords_64/test-batch_5--00011-of-00040', '/users/aarjun1/scratch/pathtracker_data/mot/tfrecords_64/test-batch_5--00004-of-00040', '/users/aarjun1/scratch/pathtracker_data/mot/tfrecords_64/test-batch_5--00027-of-00040', '/users/aarjun1/scratch/pathtracker_data/mot/tfrecords_64/test-batch_5--00012-of-00040', '/users/aarjun1/scratch/pathtracker_data/mot/tfrecords_64/test-batch_5--00006-of-00040', '/users/aarjun1/scratch/pathtracker_data/mot/tfrecords_64/test-batch_5--00025-of-00040', '/users/aarjun1/scratch/pathtracker_data/mot/tfrecords_64/test-batch_5--00010-of-00040']
Init model ffhgru full bptt penalty:  False
109814
Loading parallel finished on GPU count: 4
Including parameters ['module.bn.weight', 'module.bn.bias', 'module.preproc.weight', 'module.preproc.bias', 'module.unit1.w_exc', 'module.unit1.w_inh', 'module.unit1.alpha', 'module.unit1.mu', 'module.unit1.gamma', 'module.unit1.kappa', 'module.unit1.w', 'module.unit1.a_w_gate.weight', 'module.unit1.a_w_gate.bias', 'module.unit1.a_u_gate.weight', 'module.unit1.a_u_gate.bias', 'module.unit1.i_w_gate.weight', 'module.unit1.i_w_gate.bias', 'module.unit1.i_u_gate.weight', 'module.unit1.i_u_gate.bias', 'module.unit1.e_w_gate.weight', 'module.unit1.e_w_gate.bias', 'module.unit1.e_u_gate.weight', 'module.unit1.e_u_gate.bias', 'module.unit1.bn.0.weight', 'module.unit1.bn.0.bias', 'module.unit1.bn.1.weight', 'module.unit1.bn.1.bias', 'module.readout_conv.weight', 'module.readout_conv.bias', 'module.target_conv.weight', 'module.target_conv.bias', 'module.readout_dense.weight', 'module.readout_dense.bias']
Epoch: [0][0/167]  lr: 0.0003  Time: 20.607 (itavg:20.607) (20.607)  Data: 2.112 (2.112) Loss: 2.22292781 (2.22292781) (2.22292781)  bal_acc: 15.00000 (15.00000) preci: 0.15000 (0.15000) rec: 0.15000 (0.15000)  f1: 0.15000 (0.15000) jvpen: 1.000000000000 20.608 losscale:1.00000
Epoch: [0][20/167]  lr: 0.0003  Time: 2.257 (itavg:2.514) (3.375)  Data: 0.086 (0.204) Loss: 2.21502638 (2.21991346) (2.22005700)  bal_acc: 8.75000 (10.35714) preci: 0.08750 (0.10357) rec: 0.08750 (0.10357)  f1: 0.08750 (0.10357) jvpen: 1.000000000000 50.275 losscale:1.00000
Epoch: [0][40/167]  lr: 0.0003  Time: 2.279 (itavg:2.277) (2.839)  Data: 0.080 (0.149) Loss: 2.18709731 (2.19847388) (2.20952865)  bal_acc: 12.50000 (11.37195) preci: 0.12500 (0.11372) rec: 0.12500 (0.11372)  f1: 0.12500 (0.11372) jvpen: 1.000000000000 45.536 losscale:1.00000
Epoch: [0][60/167]  lr: 0.0003  Time: 2.278 (itavg:2.284) (2.657)  Data: 0.082 (0.130) Loss: 2.21195555 (2.20506933) (2.20806658)  bal_acc: 7.50000 (10.98361) preci: 0.07500 (0.10984) rec: 0.07500 (0.10984)  f1: 0.07500 (0.10984) jvpen: 1.000000000000 45.678 losscale:1.00000
Epoch: [0][80/167]  lr: 0.0003  Time: 2.279 (itavg:2.284) (2.565)  Data: 0.076 (0.120) Loss: 2.20453167 (2.20117640) (2.20636530)  bal_acc: 13.75000 (10.78704) preci: 0.13750 (0.10787) rec: 0.13750 (0.10787)  f1: 0.13750 (0.10787) jvpen: 1.000000000000 45.682 losscale:1.00000
Epoch: [0][100/167]  lr: 0.0003  Time: 2.293 (itavg:2.285) (2.510)  Data: 0.076 (0.113) Loss: 2.19675970 (2.19811127) (2.20473084)  bal_acc: 13.75000 (10.77970) preci: 0.13750 (0.10780) rec: 0.13750 (0.10780)  f1: 0.13750 (0.10780) jvpen: 1.000000000000 45.694 losscale:1.00000
Epoch: [0][120/167]  lr: 0.0003  Time: 2.288 (itavg:2.286) (2.473)  Data: 0.077 (0.108) Loss: 2.20707464 (2.19869311) (2.20373287)  bal_acc: 6.25000 (10.75413) preci: 0.06250 (0.10754) rec: 0.06250 (0.10754)  f1: 0.06250 (0.10754) jvpen: 1.000000000000 45.728 losscale:1.00000
Epoch: [0][140/167]  lr: 0.0003  Time: 2.272 (itavg:2.287) (2.446)  Data: 0.065 (0.104) Loss: 2.19514823 (2.19855167) (2.20299794)  bal_acc: 15.00000 (10.85106) preci: 0.15000 (0.10851) rec: 0.15000 (0.10851)  f1: 0.15000 (0.10851) jvpen: 1.000000000000 45.745 losscale:1.00000
Epoch: [0][160/167]  lr: 0.0003  Time: 2.277 (itavg:2.288) (2.427)  Data: 0.062 (0.102) Loss: 2.19741464 (2.19949895) (2.20256329)  bal_acc: 11.25000 (10.74534) preci: 0.11250 (0.10745) rec: 0.11250 (0.10745)  f1: 0.11250 (0.10745) jvpen: 1.000000000000 45.755 losscale:1.00000
Epoch: [0][180/167]  lr: 0.0003  Time: 2.279 (itavg:2.283) (2.411)  Data: 0.074 (0.100) Loss: 2.19666624 (2.19851581) (2.20211605)  bal_acc: 11.25000 (10.69751) preci: 0.11250 (0.10698) rec: 0.11250 (0.10698)  f1: 0.11250 (0.10698) jvpen: 1.000000000000 45.668 losscale:1.00000
Epoch: [0][200/167]  lr: 0.0003  Time: 2.283 (itavg:2.289) (2.399)  Data: 0.073 (0.098) Loss: 2.19203591 (2.19699128) (2.20160612)  bal_acc: 13.75000 (10.68408) preci: 0.13750 (0.10684) rec: 0.13750 (0.10684)  f1: 0.13750 (0.10684) jvpen: 1.000000000000 45.772 losscale:1.00000
Epoch: [0][220/167]  lr: 0.0003  Time: 2.295 (itavg:2.284) (2.388)  Data: 0.060 (0.096) Loss: 2.19582462 (2.19923272) (2.20139134)  bal_acc: 12.50000 (10.76357) preci: 0.12500 (0.10764) rec: 0.12500 (0.10764)  f1: 0.12500 (0.10764) jvpen: 1.000000000000 45.684 losscale:1.00000
Epoch: [0][240/167]  lr: 0.0003  Time: 2.275 (itavg:2.288) (2.380)  Data: 0.084 (0.095) Loss: 2.19559598 (2.19827704) (2.20113289)  bal_acc: 8.75000 (10.75207) preci: 0.08750 (0.10752) rec: 0.08750 (0.10752)  f1: 0.08750 (0.10752) jvpen: 1.000000000000 45.761 losscale:1.00000
Epoch: [0][260/167]  lr: 0.0003  Time: 2.275 (itavg:2.290) (2.373)  Data: 0.072 (0.094) Loss: 2.19647932 (2.19916795) (2.20098232)  bal_acc: 10.00000 (10.75671) preci: 0.10000 (0.10757) rec: 0.10000 (0.10757)  f1: 0.10000 (0.10757) jvpen: 1.000000000000 45.804 losscale:1.00000
Epoch: [0][280/167]  lr: 0.0003  Time: 2.261 (itavg:2.281) (2.367)  Data: 0.068 (0.093) Loss: 2.20284963 (2.19929987) (2.20086257)  bal_acc: 7.50000 (10.84964) preci: 0.07500 (0.10850) rec: 0.07500 (0.10850)  f1: 0.07500 (0.10850) jvpen: 1.000000000000 45.620 losscale:1.00000
Epoch: [0][300/167]  lr: 0.0003  Time: 2.282 (itavg:2.285) (2.361)  Data: 0.082 (0.092) Loss: 2.19949794 (2.19839488) (2.20069861)  bal_acc: 8.75000 (10.86794) preci: 0.08750 (0.10868) rec: 0.08750 (0.10868)  f1: 0.08750 (0.10868) jvpen: 1.000000000000 45.707 losscale:1.00000
Epoch: [0][320/167]  lr: 0.0003  Time: 2.275 (itavg:2.290) (2.357)  Data: 0.077 (0.092) Loss: 2.20528126 (2.19774237) (2.20051442)  bal_acc: 12.50000 (10.91122) preci: 0.12500 (0.10911) rec: 0.12500 (0.10911)  f1: 0.12500 (0.10911) jvpen: 1.000000000000 45.797 losscale:1.00000
Epoch: [0][340/167]  lr: 0.0003  Time: 2.274 (itavg:2.283) (2.352)  Data: 0.061 (0.091) Loss: 2.19897532 (2.19897772) (2.20042429)  bal_acc: 6.25000 (10.95308) preci: 0.06250 (0.10953) rec: 0.06250 (0.10953)  f1: 0.06250 (0.10953) jvpen: 1.000000000000 45.652 losscale:1.00000
Epoch: [0][360/167]  lr: 0.0003  Time: 2.252 (itavg:2.281) (2.348)  Data: 0.074 (0.090) Loss: 2.20488000 (2.19844865) (2.20031483)  bal_acc: 5.00000 (10.94529) preci: 0.05000 (0.10945) rec: 0.05000 (0.10945)  f1: 0.05000 (0.10945) jvpen: 1.000000000000 45.610 losscale:1.00000
Epoch: [0][380/167]  lr: 0.0003  Time: 2.262 (itavg:2.288) (2.345)  Data: 0.082 (0.089) Loss: 2.19801688 (2.19752460) (2.20016836)  bal_acc: 11.25000 (10.98753) preci: 0.11250 (0.10988) rec: 0.11250 (0.10988)  f1: 0.11250 (0.10988) jvpen: 1.000000000000 45.764 losscale:1.00000
Epoch: [0][400/167]  lr: 0.0003  Time: 2.275 (itavg:2.285) (2.342)  Data: 0.073 (0.089) Loss: 2.19644213 (2.19941285) (2.20013068)  bal_acc: 11.25000 (10.98192) preci: 0.11250 (0.10982) rec: 0.11250 (0.10982)  f1: 0.11250 (0.10982) jvpen: 1.000000000000 45.695 losscale:1.00000
Epoch: [0][420/167]  lr: 0.0003  Time: 2.269 (itavg:2.281) (2.339)  Data: 0.070 (0.088) Loss: 2.20224237 (2.19850495) (2.20005345)  bal_acc: 11.25000 (11.03325) preci: 0.11250 (0.11033) rec: 0.11250 (0.11033)  f1: 0.11250 (0.11033) jvpen: 1.000000000000 45.622 losscale:1.00000
Epoch: [0][440/167]  lr: 0.0003  Time: 2.276 (itavg:2.282) (2.337)  Data: 0.077 (0.088) Loss: 2.19822168 (2.19860454) (2.19998774)  bal_acc: 7.50000 (11.03742) preci: 0.07500 (0.11037) rec: 0.07500 (0.11037)  f1: 0.07500 (0.11037) jvpen: 1.000000000000 45.632 losscale:1.00000
Epoch: [0][460/167]  lr: 0.0003  Time: 2.269 (itavg:2.285) (2.334)  Data: 0.063 (0.088) Loss: 2.20121193 (2.20014725) (2.19999466)  bal_acc: 11.25000 (11.03308) preci: 0.11250 (0.11033) rec: 0.11250 (0.11033)  f1: 0.11250 (0.11033) jvpen: 1.000000000000 45.692 losscale:1.00000
Epoch: [0][480/167]  lr: 0.0003  Time: 2.282 (itavg:2.284) (2.332)  Data: 0.060 (0.087) Loss: 2.18835211 (2.19800693) (2.19991201)  bal_acc: 13.75000 (11.02911) preci: 0.13750 (0.11029) rec: 0.13750 (0.11029)  f1: 0.13750 (0.11029) jvpen: 1.000000000000 45.670 losscale:1.00000
Epoch: [0][500/167]  lr: 0.0003  Time: 2.280 (itavg:2.284) (2.330)  Data: 0.076 (0.087) Loss: 2.19346380 (2.19895104) (2.19987365)  bal_acc: 13.75000 (11.04541) preci: 0.13750 (0.11045) rec: 0.13750 (0.11045)  f1: 0.13750 (0.11045) jvpen: 1.000000000000 45.673 losscale:1.00000
Epoch: [0][520/167]  lr: 0.0003  Time: 2.275 (itavg:2.289) (2.329)  Data: 0.065 (0.087) Loss: 2.19545031 (2.19839308) (2.19981681)  bal_acc: 13.75000 (11.03647) preci: 0.13750 (0.11036) rec: 0.13750 (0.11036)  f1: 0.13750 (0.11036) jvpen: 1.000000000000 45.779 losscale:1.00000
Epoch: [0][540/167]  lr: 0.0003  Time: 2.265 (itavg:2.287) (2.327)  Data: 0.072 (0.087) Loss: 2.19797182 (2.19890230) (2.19978300)  bal_acc: 7.50000 (10.97736) preci: 0.07500 (0.10977) rec: 0.07500 (0.10977)  f1: 0.07500 (0.10977) jvpen: 1.000000000000 45.738 losscale:1.00000
Epoch: [0][560/167]  lr: 0.0003  Time: 2.293 (itavg:2.282) (2.326)  Data: 0.062 (0.086) Loss: 2.19793606 (2.19747895) (2.19970086)  bal_acc: 11.25000 (10.96257) preci: 0.11250 (0.10963) rec: 0.11250 (0.10963)  f1: 0.11250 (0.10963) jvpen: 1.000000000000 45.648 losscale:1.00000
Epoch: [0][580/167]  lr: 0.0003  Time: 2.274 (itavg:2.284) (2.324)  Data: 0.080 (0.086) Loss: 2.19396400 (2.19886656) (2.19967214)  bal_acc: 16.25000 (10.96170) preci: 0.16250 (0.10962) rec: 0.16250 (0.10962)  f1: 0.16250 (0.10962) jvpen: 1.000000000000 45.687 losscale:1.00000
Epoch: [0][600/167]  lr: 0.0003  Time: 2.286 (itavg:2.284) (2.323)  Data: 0.061 (0.086) Loss: 2.19882560 (2.19844649) (2.19963136)  bal_acc: 15.00000 (10.96922) preci: 0.15000 (0.10969) rec: 0.15000 (0.10969)  f1: 0.15000 (0.10969) jvpen: 1.000000000000 45.689 losscale:1.00000
Epoch: [0][620/167]  lr: 0.0003  Time: 2.268 (itavg:2.287) (2.322)  Data: 0.080 (0.086) Loss: 2.19380927 (2.19667063) (2.19953600)  bal_acc: 12.50000 (11.03261) preci: 0.12500 (0.11033) rec: 0.12500 (0.11033)  f1: 0.12500 (0.11033) jvpen: 1.000000000000 45.733 losscale:1.00000
Epoch: [0][640/167]  lr: 0.0003  Time: 2.276 (itavg:2.287) (2.321)  Data: 0.074 (0.086) Loss: 2.19526434 (2.19957246) (2.19953714)  bal_acc: 13.75000 (11.01599) preci: 0.13750 (0.11016) rec: 0.13750 (0.11016)  f1: 0.13750 (0.11016) jvpen: 1.000000000000 45.740 losscale:1.00000
Epoch: [0][660/167]  lr: 0.0003  Time: 2.292 (itavg:2.285) (2.320)  Data: 0.078 (0.086) Loss: 2.19311142 (2.19653888) (2.19944642)  bal_acc: 15.00000 (11.05333) preci: 0.15000 (0.11053) rec: 0.15000 (0.11053)  f1: 0.15000 (0.11053) jvpen: 1.000000000000 45.706 losscale:1.00000
Epoch: [0][680/167]  lr: 0.0003  Time: 2.293 (itavg:2.290) (2.319)  Data: 0.089 (0.086) Loss: 2.20515084 (2.19866598) (2.19942350)  bal_acc: 10.00000 (11.06828) preci: 0.10000 (0.11068) rec: 0.10000 (0.11068)  f1: 0.10000 (0.11068) jvpen: 1.000000000000 45.797 losscale:1.00000
Epoch: [0][700/167]  lr: 0.0003  Time: 2.304 (itavg:2.285) (2.318)  Data: 0.071 (0.086) Loss: 2.19885492 (2.19887015) (2.19940771)  bal_acc: 5.00000 (11.04672) preci: 0.05000 (0.11047) rec: 0.05000 (0.11047)  f1: 0.05000 (0.11047) jvpen: 1.000000000000 45.691 losscale:1.00000
Epoch: [0][720/167]  lr: 0.0003  Time: 2.276 (itavg:2.286) (2.317)  Data: 0.081 (0.085) Loss: 2.19751716 (2.19768969) (2.19936006)  bal_acc: 11.25000 (11.07663) preci: 0.11250 (0.11077) rec: 0.11250 (0.11077)  f1: 0.11250 (0.11077) jvpen: 1.000000000000 45.721 losscale:1.00000
Epoch: [0][740/167]  lr: 0.0003  Time: 2.278 (itavg:2.288) (2.316)  Data: 0.080 (0.085) Loss: 2.19768953 (2.19811155) (2.19932636)  bal_acc: 15.00000 (11.09987) preci: 0.15000 (0.11100) rec: 0.15000 (0.11100)  f1: 0.15000 (0.11100) jvpen: 1.000000000000 45.770 losscale:1.00000
Epoch: [0][760/167]  lr: 0.0003  Time: 2.280 (itavg:2.287) (2.315)  Data: 0.061 (0.085) Loss: 2.19443202 (2.19787848) (2.19928831)  bal_acc: 15.00000 (11.09888) preci: 0.15000 (0.11099) rec: 0.15000 (0.11099)  f1: 0.15000 (0.11099) jvpen: 1.000000000000 45.740 losscale:1.00000
Epoch: [0][780/167]  lr: 0.0003  Time: 2.288 (itavg:2.289) (2.315)  Data: 0.063 (0.085) Loss: 2.20858335 (2.19638662) (2.19921400)  bal_acc: 8.75000 (11.13956) preci: 0.08750 (0.11140) rec: 0.08750 (0.11140)  f1: 0.08750 (0.11140) jvpen: 1.000000000000 45.777 losscale:1.00000
Epoch: [0][800/167]  lr: 0.0003  Time: 2.276 (itavg:2.287) (2.314)  Data: 0.078 (0.085) Loss: 2.19500208 (2.19796258) (2.19918275)  bal_acc: 15.00000 (11.15949) preci: 0.15000 (0.11159) rec: 0.15000 (0.11159)  f1: 0.15000 (0.11159) jvpen: 1.000000000000 45.738 losscale:1.00000
Epoch: [0][820/167]  lr: 0.0003  Time: 2.281 (itavg:2.283) (2.313)  Data: 0.076 (0.085) Loss: 2.19309258 (2.19777607) (2.19914849)  bal_acc: 12.50000 (11.14647) preci: 0.12500 (0.11146) rec: 0.12500 (0.11146)  f1: 0.12500 (0.11146) jvpen: 1.000000000000 45.668 losscale:1.00000
Epoch: [0][840/167]  lr: 0.0003  Time: 2.287 (itavg:2.282) (2.312)  Data: 0.086 (0.085) Loss: 2.19359016 (2.19888260) (2.19914216)  bal_acc: 8.75000 (11.13853) preci: 0.08750 (0.11139) rec: 0.08750 (0.11139)  f1: 0.08750 (0.11139) jvpen: 1.000000000000 45.649 losscale:1.00000
Epoch: [0][860/167]  lr: 0.0003  Time: 2.271 (itavg:2.288) (2.312)  Data: 0.061 (0.085) Loss: 2.19909668 (2.19954969) (2.19915163)  bal_acc: 11.25000 (11.11063) preci: 0.11250 (0.11111) rec: 0.11250 (0.11111)  f1: 0.11250 (0.11111) jvpen: 1.000000000000 45.768 losscale:1.00000
Epoch: [0][880/167]  lr: 0.0003  Time: 2.278 (itavg:2.283) (2.311)  Data: 0.062 (0.085) Loss: 2.19781423 (2.19696351) (2.19910196)  bal_acc: 18.75000 (11.11805) preci: 0.18750 (0.11118) rec: 0.18750 (0.11118)  f1: 0.18750 (0.11118) jvpen: 1.000000000000 45.668 losscale:1.00000
Epoch: [0][900/167]  lr: 0.0003  Time: 2.288 (itavg:2.284) (2.311)  Data: 0.083 (0.085) Loss: 2.19516706 (2.19855627) (2.19908984)  bal_acc: 12.50000 (11.10849) preci: 0.12500 (0.11108) rec: 0.12500 (0.11108)  f1: 0.12500 (0.11108) jvpen: 1.000000000000 45.682 losscale:1.00000
Epoch: [0][920/167]  lr: 0.0003  Time: 2.274 (itavg:2.292) (2.310)  Data: 0.071 (0.085) Loss: 2.20405054 (2.19814012) (2.19906922)  bal_acc: 12.50000 (11.11021) preci: 0.12500 (0.11110) rec: 0.12500 (0.11110)  f1: 0.12500 (0.11110) jvpen: 1.000000000000 45.833 losscale:1.00000
Epoch: [0][940/167]  lr: 0.0003  Time: 2.279 (itavg:2.285) (2.310)  Data: 0.077 (0.084) Loss: 2.19916749 (2.19877549) (2.19906298)  bal_acc: 13.75000 (11.09458) preci: 0.13750 (0.11095) rec: 0.13750 (0.11095)  f1: 0.13750 (0.11095) jvpen: 1.000000000000 45.701 losscale:1.00000
Epoch: [0][960/167]  lr: 0.0003  Time: 2.268 (itavg:2.286) (2.309)  Data: 0.085 (0.084) Loss: 2.19646358 (2.19827671) (2.19904661)  bal_acc: 15.00000 (11.10302) preci: 0.15000 (0.11103) rec: 0.15000 (0.11103)  f1: 0.15000 (0.11103) jvpen: 1.000000000000 45.726 losscale:1.00000
Epoch: [0][980/167]  lr: 0.0003  Time: 2.295 (itavg:2.284) (2.309)  Data: 0.078 (0.084) Loss: 2.19931293 (2.19841837) (2.19903380)  bal_acc: 10.00000 (11.09709) preci: 0.10000 (0.11097) rec: 0.10000 (0.11097)  f1: 0.10000 (0.11097) jvpen: 1.000000000000 45.686 losscale:1.00000
Epoch: [0][1000/167]  lr: 0.0003  Time: 2.278 (itavg:2.288) (2.308)  Data: 0.079 (0.084) Loss: 2.20036173 (2.19916737) (2.19903647)  bal_acc: 10.00000 (11.07018) preci: 0.10000 (0.11070) rec: 0.10000 (0.11070)  f1: 0.10000 (0.11070) jvpen: 1.000000000000 45.753 losscale:1.00000
Epoch: [0][1020/167]  lr: 0.0003  Time: 2.270 (itavg:2.283) (2.308)  Data: 0.075 (0.084) Loss: 2.20091057 (2.19875140) (2.19903089)  bal_acc: 2.50000 (11.05289) preci: 0.02500 (0.11053) rec: 0.02500 (0.11053)  f1: 0.02500 (0.11053) jvpen: 1.000000000000 45.667 losscale:1.00000
Epoch: [0][1040/167]  lr: 0.0003  Time: 2.270 (itavg:2.283) (2.307)  Data: 0.075 (0.084) Loss: 2.19681621 (2.19712453) (2.19899426)  bal_acc: 13.75000 (11.06748) preci: 0.13750 (0.11067) rec: 0.13750 (0.11067)  f1: 0.13750 (0.11067) jvpen: 1.000000000000 45.665 losscale:1.00000
Epoch: [0][1060/167]  lr: 0.0003  Time: 2.288 (itavg:2.284) (2.307)  Data: 0.079 (0.084) Loss: 2.19624686 (2.19755212) (2.19896708)  bal_acc: 10.00000 (11.07917) preci: 0.10000 (0.11079) rec: 0.10000 (0.11079)  f1: 0.10000 (0.11079) jvpen: 1.000000000000 45.681 losscale:1.00000
Epoch: [0][1080/167]  lr: 0.0003  Time: 2.276 (itavg:2.288) (2.307)  Data: 0.081 (0.084) Loss: 2.19522548 (2.19622208) (2.19891629)  bal_acc: 10.00000 (11.08811) preci: 0.10000 (0.11088) rec: 0.10000 (0.11088)  f1: 0.10000 (0.11088) jvpen: 1.000000000000 45.759 losscale:1.00000
Epoch: [0][1100/167]  lr: 0.0003  Time: 2.278 (itavg:2.287) (2.306)  Data: 0.076 (0.084) Loss: 2.20038104 (2.19787591) (2.19889739)  bal_acc: 8.75000 (11.10014) preci: 0.08750 (0.11100) rec: 0.08750 (0.11100)  f1: 0.08750 (0.11100) jvpen: 1.000000000000 45.737 losscale:1.00000
Epoch: [0][1120/167]  lr: 0.0003  Time: 2.257 (itavg:2.266) (2.305)  Data: 0.029 (0.084) Loss: 2.19709063 (2.19830171) (2.19888677)  bal_acc: 7.50000 (11.10058) preci: 0.07500 (0.11101) rec: 0.07500 (0.11101)  f1: 0.07500 (0.11101) jvpen: 1.000000000000 45.323 losscale:1.00000
0
Test: [0/167]	 Time: 3.048	 Loss: 2.20134926 ( 2.20134926)	Bal_acc: 10.00000000 preci: 0.10000 (0.10000) rec: 0.10000(0.10000) f1: 0.10000 (0.10000)
Test: [1600/167]	 Time: 1.089	 Loss: 2.20372391 ( 2.19733127)	Bal_acc: 12.26190488 preci: 0.08750 (0.12262) rec: 0.08750(0.12262) f1: 0.08750 (0.12262)
Test: [3200/167]	 Time: 1.034	 Loss: 2.20147562 ( 2.19754503)	Bal_acc: 11.21951228 preci: 0.07500 (0.11220) rec: 0.07500(0.11220) f1: 0.07500 (0.11220)
Test: [4800/167]	 Time: 1.015	 Loss: 2.20015407 ( 2.19752137)	Bal_acc: 11.04508207 preci: 0.12500 (0.11045) rec: 0.12500(0.11045) f1: 0.12500 (0.11045)
Test: [6400/167]	 Time: 1.005	 Loss: 2.19540167 ( 2.19784087)	Bal_acc: 10.89506181 preci: 0.13750 (0.10895) rec: 0.13750(0.10895) f1: 0.13750 (0.10895)
Test: [8000/167]	 Time: 0.999	 Loss: 2.20083737 ( 2.19805446)	Bal_acc: 10.81683177 preci: 0.11250 (0.10817) rec: 0.11250(0.10817) f1: 0.11250 (0.10817)
Test: [9600/167]	 Time: 0.994	 Loss: 2.19801188 ( 2.19792837)	Bal_acc: 10.89876041 preci: 0.07500 (0.10899) rec: 0.07500(0.10899) f1: 0.07500 (0.10899)
Test: [11200/167]	 Time: 0.991	 Loss: 2.20065665 ( 2.19798418)	Bal_acc: 10.84219866 preci: 0.11250 (0.10842) rec: 0.11250(0.10842) f1: 0.11250 (0.10842)
Test: [12800/167]	 Time: 0.989	 Loss: 2.19820499 ( 2.19785087)	Bal_acc: 10.94720505 preci: 0.12500 (0.10947) rec: 0.12500(0.10947) f1: 0.12500 (0.10947)
Test: [13280/167]	 Time: 0.988	 Loss: 2.20145440 ( 2.19781910)	Bal_acc: 10.92814380 preci: 0.07500 (0.10928) rec: 0.07500(0.10928) f1: 0.07500 (0.10928)
Test: [14400/167]	 Time: 0.987	 Loss: 2.19482470 ( 2.19780531)	Bal_acc: 10.99447523 preci: 0.16250 (0.10994) rec: 0.16250(0.10994) f1: 0.16250 (0.10994)
Test: [16000/167]	 Time: 0.985	 Loss: 2.20228148 ( 2.19774672)	Bal_acc: 11.04477620 preci: 0.08750 (0.11045) rec: 0.08750(0.11045) f1: 0.08750 (0.11045)
Test: [17600/167]	 Time: 0.984	 Loss: 2.20574999 ( 2.19786175)	Bal_acc: 11.00678742 preci: 0.07500 (0.11007) rec: 0.07500(0.11007) f1: 0.07500 (0.11007)
Test: [19200/167]	 Time: 0.983	 Loss: 2.20062113 ( 2.19786533)	Bal_acc: 11.03734449 preci: 0.11250 (0.11037) rec: 0.11250(0.11037) f1: 0.11250 (0.11037)
Test: [20800/167]	 Time: 0.981	 Loss: 2.20259213 ( 2.19796103)	Bal_acc: 11.02490430 preci: 0.02500 (0.11025) rec: 0.02500(0.11025) f1: 0.02500 (0.11025)
Test: [22400/167]	 Time: 0.981	 Loss: 2.19513106 ( 2.19794046)	Bal_acc: 11.02313176 preci: 0.20000 (0.11023) rec: 0.20000(0.11023) f1: 0.20000 (0.11023)
Test: [24000/167]	 Time: 0.980	 Loss: 2.19609690 ( 2.19798731)	Bal_acc: 11.05481736 preci: 0.10000 (0.11055) rec: 0.10000(0.11055) f1: 0.10000 (0.11055)
Test: [25600/167]	 Time: 0.980	 Loss: 2.20149326 ( 2.19799961)	Bal_acc: 10.99299075 preci: 0.10000 (0.10993) rec: 0.10000(0.10993) f1: 0.10000 (0.10993)
Test: [27200/167]	 Time: 0.979	 Loss: 2.19575071 ( 2.19805949)	Bal_acc: 10.93108514 preci: 0.10000 (0.10931) rec: 0.10000(0.10931) f1: 0.10000 (0.10931)
Test: [28800/167]	 Time: 0.978	 Loss: 2.19158649 ( 2.19805843)	Bal_acc: 10.96260397 preci: 0.17500 (0.10963) rec: 0.17500(0.10963) f1: 0.17500 (0.10963)
Test: [30400/167]	 Time: 0.978	 Loss: 2.19958425 ( 2.19801625)	Bal_acc: 11.02362214 preci: 0.12500 (0.11024) rec: 0.12500(0.11024) f1: 0.12500 (0.11024)
Test: [32000/167]	 Time: 0.978	 Loss: 2.19249487 ( 2.19795858)	Bal_acc: 11.02244398 preci: 0.07500 (0.11022) rec: 0.07500(0.11022) f1: 0.07500 (0.11022)
Test: [33600/167]	 Time: 0.978	 Loss: 2.19988108 ( 2.19796893)	Bal_acc: 11.05106897 preci: 0.10000 (0.11051) rec: 0.10000(0.11051) f1: 0.10000 (0.11051)
Test: [35200/167]	 Time: 0.977	 Loss: 2.19221807 ( 2.19796953)	Bal_acc: 11.03741505 preci: 0.12500 (0.11037) rec: 0.12500(0.11037) f1: 0.12500 (0.11037)
Test: [36800/167]	 Time: 0.977	 Loss: 2.19538999 ( 2.19800160)	Bal_acc: 10.96800443 preci: 0.11250 (0.10968) rec: 0.11250(0.10968) f1: 0.11250 (0.10968)
Test: [38400/167]	 Time: 0.977	 Loss: 2.20105910 ( 2.19807961)	Bal_acc: 10.93555103 preci: 0.12500 (0.10936) rec: 0.12500(0.10936) f1: 0.12500 (0.10936)
Test: [40000/167]	 Time: 0.976	 Loss: 2.19760156 ( 2.19813050)	Bal_acc: 10.93812385 preci: 0.13750 (0.10938) rec: 0.13750(0.10938) f1: 0.13750 (0.10938)
Test: [41600/167]	 Time: 0.976	 Loss: 2.19695401 ( 2.19815829)	Bal_acc: 10.92130527 preci: 0.08750 (0.10921) rec: 0.08750(0.10921) f1: 0.08750 (0.10921)
Test: [43200/167]	 Time: 0.976	 Loss: 2.19730806 ( 2.19812363)	Bal_acc: 10.93807773 preci: 0.11250 (0.10938) rec: 0.11250(0.10938) f1: 0.11250 (0.10938)
Test: [44800/167]	 Time: 0.976	 Loss: 2.19993877 ( 2.19810013)	Bal_acc: 10.91354733 preci: 0.08750 (0.10914) rec: 0.08750(0.10914) f1: 0.08750 (0.10914)
Test: [46400/167]	 Time: 0.976	 Loss: 2.19555354 ( 2.19808130)	Bal_acc: 10.96170405 preci: 0.13750 (0.10962) rec: 0.13750(0.10962) f1: 0.13750 (0.10962)
Test: [48000/167]	 Time: 0.976	 Loss: 2.19534230 ( 2.19806831)	Bal_acc: 10.95673887 preci: 0.13750 (0.10957) rec: 0.13750(0.10957) f1: 0.13750 (0.10957)
Test: [49600/167]	 Time: 0.975	 Loss: 2.19674969 ( 2.19800864)	Bal_acc: 11.00442844 preci: 0.12500 (0.11004) rec: 0.12500(0.11004) f1: 0.12500 (0.11004)
Test: [51200/167]	 Time: 0.975	 Loss: 2.19163752 ( 2.19792479)	Bal_acc: 11.03354144 preci: 0.18750 (0.11034) rec: 0.18750(0.11034) f1: 0.18750 (0.11034)
Test: [52800/167]	 Time: 0.975	 Loss: 2.19868588 ( 2.19794239)	Bal_acc: 11.04198194 preci: 0.08750 (0.11042) rec: 0.08750(0.11042) f1: 0.08750 (0.11042)
Test: [54400/167]	 Time: 0.975	 Loss: 2.19558358 ( 2.19795153)	Bal_acc: 11.03891346 preci: 0.11250 (0.11039) rec: 0.11250(0.11039) f1: 0.11250 (0.11039)
Test: [56000/167]	 Time: 0.975	 Loss: 2.19756842 ( 2.19796414)	Bal_acc: 11.05385174 preci: 0.12500 (0.11054) rec: 0.12500(0.11054) f1: 0.12500 (0.11054)
Test: [57600/167]	 Time: 0.975	 Loss: 2.19377279 ( 2.19796779)	Bal_acc: 11.04022201 preci: 0.12500 (0.11040) rec: 0.12500(0.11040) f1: 0.12500 (0.11040)
Test: [59200/167]	 Time: 0.975	 Loss: 2.19411874 ( 2.19797793)	Bal_acc: 11.01720657 preci: 0.16250 (0.11017) rec: 0.16250(0.11017) f1: 0.16250 (0.11017)
Test: [60800/167]	 Time: 0.975	 Loss: 2.20014501 ( 2.19794887)	Bal_acc: 11.02332467 preci: 0.07500 (0.11023) rec: 0.07500(0.11023) f1: 0.07500 (0.11023)
Test: [62400/167]	 Time: 0.975	 Loss: 2.19778228 ( 2.19791844)	Bal_acc: 11.08034581 preci: 0.16250 (0.11080) rec: 0.16250(0.11080) f1: 0.16250 (0.11080)
Test: [64000/167]	 Time: 0.975	 Loss: 2.19639826 ( 2.19790679)	Bal_acc: 11.07677912 preci: 0.16250 (0.11077) rec: 0.16250(0.11077) f1: 0.16250 (0.11077)
Test: [65600/167]	 Time: 0.974	 Loss: 2.19599771 ( 2.19790496)	Bal_acc: 11.09622422 preci: 0.13750 (0.11096) rec: 0.13750(0.11096) f1: 0.13750 (0.11096)
Test: [67200/167]	 Time: 0.974	 Loss: 2.19059610 ( 2.19794332)	Bal_acc: 11.09690854 preci: 0.10000 (0.11097) rec: 0.10000(0.11097) f1: 0.10000 (0.11097)
Test: [68800/167]	 Time: 0.974	 Loss: 2.19863296 ( 2.19793709)	Bal_acc: 11.09465748 preci: 0.11250 (0.11095) rec: 0.11250(0.11095) f1: 0.11250 (0.11095)
Test: [70400/167]	 Time: 0.974	 Loss: 2.19826484 ( 2.19794406)	Bal_acc: 11.09676514 preci: 0.10000 (0.11097) rec: 0.10000(0.11097) f1: 0.10000 (0.11097)
Test: [72000/167]	 Time: 0.974	 Loss: 2.19263268 ( 2.19790307)	Bal_acc: 11.11404006 preci: 0.12500 (0.11114) rec: 0.12500(0.11114) f1: 0.12500 (0.11114)
Test: [73600/167]	 Time: 0.974	 Loss: 2.19912171 ( 2.19788872)	Bal_acc: 11.11156362 preci: 0.07500 (0.11112) rec: 0.07500(0.11112) f1: 0.07500 (0.11112)
Test: [75200/167]	 Time: 0.974	 Loss: 2.19658756 ( 2.19787828)	Bal_acc: 11.12646132 preci: 0.11250 (0.11126) rec: 0.11250(0.11126) f1: 0.11250 (0.11126)
Test: [76800/167]	 Time: 0.974	 Loss: 2.19888139 ( 2.19786445)	Bal_acc: 11.11472435 preci: 0.06250 (0.11115) rec: 0.06250(0.11115) f1: 0.06250 (0.11115)
Test: [78400/167]	 Time: 0.974	 Loss: 2.19644046 ( 2.19784850)	Bal_acc: 11.14296647 preci: 0.11250 (0.11143) rec: 0.11250(0.11143) f1: 0.11250 (0.11143)
Test: [80000/167]	 Time: 0.974	 Loss: 2.19849706 ( 2.19786832)	Bal_acc: 11.13511499 preci: 0.11250 (0.11135) rec: 0.11250(0.11135) f1: 0.11250 (0.11135)
Test: [81600/167]	 Time: 0.974	 Loss: 2.19370079 ( 2.19787760)	Bal_acc: 11.11777680 preci: 0.11250 (0.11118) rec: 0.11250(0.11118) f1: 0.11250 (0.11118)
Test: [83200/167]	 Time: 0.974	 Loss: 2.19874716 ( 2.19785568)	Bal_acc: 11.12992326 preci: 0.13750 (0.11130) rec: 0.13750(0.11130) f1: 0.13750 (0.11130)
Test: [84800/167]	 Time: 0.974	 Loss: 2.19703245 ( 2.19786354)	Bal_acc: 11.14396806 preci: 0.12500 (0.11144) rec: 0.12500(0.11144) f1: 0.12500 (0.11144)
Test: [86400/167]	 Time: 0.973	 Loss: 2.19452143 ( 2.19790215)	Bal_acc: 11.13205376 preci: 0.08750 (0.11132) rec: 0.08750(0.11132) f1: 0.08750 (0.11132)
Test: [88000/167]	 Time: 0.973	 Loss: 2.20023108 ( 2.19789320)	Bal_acc: 11.11489566 preci: 0.05000 (0.11115) rec: 0.05000(0.11115) f1: 0.05000 (0.11115)
Test: [89600/167]	 Time: 0.972	 Loss: 2.20231771 ( 2.19790999)	Bal_acc: 11.10838548 preci: 0.11250 (0.11108) rec: 0.11250(0.11108) f1: 0.11250 (0.11108)
val f 0.1111111132957869 val loss 2.1978973585764567 val acc 11.111111221525404
Epoch: [1][0/167]  lr: 0.0003  Time: 6.662 (itavg:6.662) (6.662)  Data: 1.973 (1.973) Loss: 2.19334531 (2.19334531) (2.19334531)  bal_acc: 8.75000 (8.75000) preci: 0.08750 (0.08750) rec: 0.08750 (0.08750)  f1: 0.08750 (0.08750) jvpen: 1.000000000000 6.662 losscale:1.00000
Epoch: [1][20/167]  lr: 0.0003  Time: 2.280 (itavg:2.290) (2.498)  Data: 0.080 (0.194) Loss: 2.20309019 (2.19866802) (2.19841455)  bal_acc: 10.00000 (12.38095) preci: 0.10000 (0.12381) rec: 0.10000 (0.12381)  f1: 0.10000 (0.12381) jvpen: 1.000000000000 45.794 losscale:1.00000
Epoch: [1][40/167]  lr: 0.0003  Time: 2.266 (itavg:2.289) (2.396)  Data: 0.082 (0.141) Loss: 2.20407891 (2.19790356) (2.19816529)  bal_acc: 8.75000 (11.79878) preci: 0.08750 (0.11799) rec: 0.08750 (0.11799)  f1: 0.08750 (0.11799) jvpen: 1.000000000000 45.786 losscale:1.00000
Epoch: [1][60/167]  lr: 0.0003  Time: 2.279 (itavg:2.283) (2.359)  Data: 0.078 (0.123) Loss: 2.19503498 (2.19918537) (2.19849974)  bal_acc: 13.75000 (11.18852) preci: 0.13750 (0.11189) rec: 0.13750 (0.11189)  f1: 0.13750 (0.11189) jvpen: 1.000000000000 45.656 losscale:1.00000
Epoch: [1][80/167]  lr: 0.0003  Time: 2.292 (itavg:2.284) (2.340)  Data: 0.080 (0.112) Loss: 2.19676256 (2.19772277) (2.19830790)  bal_acc: 12.50000 (11.28086) preci: 0.12500 (0.11281) rec: 0.12500 (0.11281)  f1: 0.12500 (0.11281) jvpen: 1.000000000000 45.679 losscale:1.00000
Epoch: [1][100/167]  lr: 0.0003  Time: 2.290 (itavg:2.288) (2.330)  Data: 0.077 (0.107) Loss: 2.19633770 (2.19908139) (2.19846106)  bal_acc: 15.00000 (11.03960) preci: 0.15000 (0.11040) rec: 0.15000 (0.11040)  f1: 0.15000 (0.11040) jvpen: 1.000000000000 45.758 losscale:1.00000
Epoch: [1][120/167]  lr: 0.0003  Time: 2.281 (itavg:2.283) (2.322)  Data: 0.061 (0.102) Loss: 2.19261575 (2.19794816) (2.19837629)  bal_acc: 16.25000 (10.99174) preci: 0.16250 (0.10992) rec: 0.16250 (0.10992)  f1: 0.16250 (0.10992) jvpen: 1.000000000000 45.669 losscale:1.00000
Epoch: [1][140/167]  lr: 0.0003  Time: 2.274 (itavg:2.283) (2.317)  Data: 0.085 (0.100) Loss: 2.19745493 (2.19740839) (2.19823900)  bal_acc: 8.75000 (10.97518) preci: 0.08750 (0.10975) rec: 0.08750 (0.10975)  f1: 0.08750 (0.10975) jvpen: 1.000000000000 45.654 losscale:1.00000
Epoch: [1][160/167]  lr: 0.0003  Time: 2.275 (itavg:2.286) (2.313)  Data: 0.062 (0.098) Loss: 2.20057249 (2.19844228) (2.19826425)  bal_acc: 2.50000 (10.97826) preci: 0.02500 (0.10978) rec: 0.02500 (0.10978)  f1: 0.02500 (0.10978) jvpen: 1.000000000000 45.727 losscale:1.00000
Epoch: [1][180/167]  lr: 0.0003  Time: 2.276 (itavg:2.287) (2.310)  Data: 0.078 (0.095) Loss: 2.20201445 (2.19760725) (2.19819165)  bal_acc: 13.75000 (11.04282) preci: 0.13750 (0.11043) rec: 0.13750 (0.11043)  f1: 0.13750 (0.11043) jvpen: 1.000000000000 45.737 losscale:1.00000
