## SLURM PROLOG ###############################################################
##    Job ID : 3889489
##  Job Name : pathtracker_mot
##  Nodelist : gpu2010
##      CPUs : 1
##  Mem/Node : 40960 MB
## Directory : /gpfs/data/tserre/aarjun1/pathtracker/mot/InT-Models-main_temp
##   Started : Tue Feb  1 01:22:37 EST 2022
###############################################################################
Tensorflow version 2.7.0
Failed to import slowfast.
Failed to import spatial sampler.
Found dataset: /users/aarjun1/scratch/pathtracker_data/mot/tfrecords_64/
Loading training dataset
DATASET :  /users/aarjun1/scratch/pathtracker_data/mot/tfrecords_64/train-*  : 
 ['/users/aarjun1/scratch/pathtracker_data/mot/tfrecords_64/train-batch_0--00005-of-00040', '/users/aarjun1/scratch/pathtracker_data/mot/tfrecords_64/train-batch_0--00002-of-00040', '/users/aarjun1/scratch/pathtracker_data/mot/tfrecords_64/train-batch_0--00029-of-00040', '/users/aarjun1/scratch/pathtracker_data/mot/tfrecords_64/train-batch_0--00010-of-00040', '/users/aarjun1/scratch/pathtracker_data/mot/tfrecords_64/train-batch_0--00032-of-00040', '/users/aarjun1/scratch/pathtracker_data/mot/tfrecords_64/train-batch_0--00030-of-00040', '/users/aarjun1/scratch/pathtracker_data/mot/tfrecords_64/train-batch_0--00007-of-00040', '/users/aarjun1/scratch/pathtracker_data/mot/tfrecords_64/train-batch_0--00024-of-00040', '/users/aarjun1/scratch/pathtracker_data/mot/tfrecords_64/train-batch_0--00012-of-00040', '/users/aarjun1/scratch/pathtracker_data/mot/tfrecords_64/train-batch_0--00038-of-00040', '/users/aarjun1/scratch/pathtracker_data/mot/tfrecords_64/train-batch_0--00036-of-00040', '/users/aarjun1/scratch/pathtracker_data/mot/tfrecords_64/train-batch_0--00037-of-00040', '/users/aarjun1/scratch/pathtracker_data/mot/tfrecords_64/train-batch_0--00009-of-00040', '/users/aarjun1/scratch/pathtracker_data/mot/tfrecords_64/train-batch_0--00035-of-00040', '/users/aarjun1/scratch/pathtracker_data/mot/tfrecords_64/train-batch_0--00027-of-00040', '/users/aarjun1/scratch/pathtracker_data/mot/tfrecords_64/train-batch_0--00021-of-00040', '/users/aarjun1/scratch/pathtracker_data/mot/tfrecords_64/train-batch_0--00019-of-00040', '/users/aarjun1/scratch/pathtracker_data/mot/tfrecords_64/train-batch_0--00003-of-00040', '/users/aarjun1/scratch/pathtracker_data/mot/tfrecords_64/train-batch_0--00017-of-00040', '/users/aarjun1/scratch/pathtracker_data/mot/tfrecords_64/train-batch_0--00014-of-00040', '/users/aarjun1/scratch/pathtracker_data/mot/tfrecords_64/train-batch_0--00016-of-00040', '/users/aarjun1/scratch/pathtracker_data/mot/tfrecords_64/train-batch_0--00006-of-00040', '/users/aarjun1/scratch/pathtracker_data/mot/tfrecords_64/train-batch_0--00011-of-00040', '/users/aarjun1/scratch/pathtracker_data/mot/tfrecords_64/train-batch_0--00028-of-00040', '/users/aarjun1/scratch/pathtracker_data/mot/tfrecords_64/train-batch_0--00015-of-00040', '/users/aarjun1/scratch/pathtracker_data/mot/tfrecords_64/train-batch_0--00008-of-00040', '/users/aarjun1/scratch/pathtracker_data/mot/tfrecords_64/train-batch_0--00025-of-00040', '/users/aarjun1/scratch/pathtracker_data/mot/tfrecords_64/train-batch_0--00000-of-00040', '/users/aarjun1/scratch/pathtracker_data/mot/tfrecords_64/train-batch_0--00039-of-00040', '/users/aarjun1/scratch/pathtracker_data/mot/tfrecords_64/train-batch_0--00022-of-00040', '/users/aarjun1/scratch/pathtracker_data/mot/tfrecords_64/train-batch_0--00004-of-00040', '/users/aarjun1/scratch/pathtracker_data/mot/tfrecords_64/train-batch_0--00033-of-00040', '/users/aarjun1/scratch/pathtracker_data/mot/tfrecords_64/train-batch_0--00026-of-00040', '/users/aarjun1/scratch/pathtracker_data/mot/tfrecords_64/train-batch_0--00020-of-00040', '/users/aarjun1/scratch/pathtracker_data/mot/tfrecords_64/train-batch_0--00023-of-00040', '/users/aarjun1/scratch/pathtracker_data/mot/tfrecords_64/train-batch_0--00013-of-00040', '/users/aarjun1/scratch/pathtracker_data/mot/tfrecords_64/train-batch_0--00034-of-00040', '/users/aarjun1/scratch/pathtracker_data/mot/tfrecords_64/train-batch_0--00001-of-00040', '/users/aarjun1/scratch/pathtracker_data/mot/tfrecords_64/train-batch_0--00031-of-00040', '/users/aarjun1/scratch/pathtracker_data/mot/tfrecords_64/train-batch_0--00018-of-00040']
Loading validation dataset
DATASET :  /users/aarjun1/scratch/pathtracker_data/mot/tfrecords_64/test-*  : 
 ['/users/aarjun1/scratch/pathtracker_data/mot/tfrecords_64/test-batch_5--00005-of-00040', '/users/aarjun1/scratch/pathtracker_data/mot/tfrecords_64/test-batch_5--00016-of-00040', '/users/aarjun1/scratch/pathtracker_data/mot/tfrecords_64/test-batch_5--00029-of-00040', '/users/aarjun1/scratch/pathtracker_data/mot/tfrecords_64/test-batch_5--00037-of-00040', '/users/aarjun1/scratch/pathtracker_data/mot/tfrecords_64/test-batch_5--00013-of-00040', '/users/aarjun1/scratch/pathtracker_data/mot/tfrecords_64/test-batch_5--00018-of-00040', '/users/aarjun1/scratch/pathtracker_data/mot/tfrecords_64/test-batch_5--00000-of-00040', '/users/aarjun1/scratch/pathtracker_data/mot/tfrecords_64/test-batch_5--00035-of-00040', '/users/aarjun1/scratch/pathtracker_data/mot/tfrecords_64/test-batch_5--00026-of-00040', '/users/aarjun1/scratch/pathtracker_data/mot/tfrecords_64/test-batch_5--00023-of-00040', '/users/aarjun1/scratch/pathtracker_data/mot/tfrecords_64/test-batch_5--00017-of-00040', '/users/aarjun1/scratch/pathtracker_data/mot/tfrecords_64/test-batch_5--00033-of-00040', '/users/aarjun1/scratch/pathtracker_data/mot/tfrecords_64/test-batch_5--00014-of-00040', '/users/aarjun1/scratch/pathtracker_data/mot/tfrecords_64/test-batch_5--00001-of-00040', '/users/aarjun1/scratch/pathtracker_data/mot/tfrecords_64/test-batch_5--00038-of-00040', '/users/aarjun1/scratch/pathtracker_data/mot/tfrecords_64/test-batch_5--00007-of-00040', '/users/aarjun1/scratch/pathtracker_data/mot/tfrecords_64/test-batch_5--00039-of-00040', '/users/aarjun1/scratch/pathtracker_data/mot/tfrecords_64/test-batch_5--00028-of-00040', '/users/aarjun1/scratch/pathtracker_data/mot/tfrecords_64/test-batch_5--00032-of-00040', '/users/aarjun1/scratch/pathtracker_data/mot/tfrecords_64/test-batch_5--00020-of-00040', '/users/aarjun1/scratch/pathtracker_data/mot/tfrecords_64/test-batch_5--00003-of-00040', '/users/aarjun1/scratch/pathtracker_data/mot/tfrecords_64/test-batch_5--00015-of-00040', '/users/aarjun1/scratch/pathtracker_data/mot/tfrecords_64/test-batch_5--00031-of-00040', '/users/aarjun1/scratch/pathtracker_data/mot/tfrecords_64/test-batch_5--00021-of-00040', '/users/aarjun1/scratch/pathtracker_data/mot/tfrecords_64/test-batch_5--00008-of-00040', '/users/aarjun1/scratch/pathtracker_data/mot/tfrecords_64/test-batch_5--00024-of-00040', '/users/aarjun1/scratch/pathtracker_data/mot/tfrecords_64/test-batch_5--00022-of-00040', '/users/aarjun1/scratch/pathtracker_data/mot/tfrecords_64/test-batch_5--00019-of-00040', '/users/aarjun1/scratch/pathtracker_data/mot/tfrecords_64/test-batch_5--00030-of-00040', '/users/aarjun1/scratch/pathtracker_data/mot/tfrecords_64/test-batch_5--00002-of-00040', '/users/aarjun1/scratch/pathtracker_data/mot/tfrecords_64/test-batch_5--00036-of-00040', '/users/aarjun1/scratch/pathtracker_data/mot/tfrecords_64/test-batch_5--00009-of-00040', '/users/aarjun1/scratch/pathtracker_data/mot/tfrecords_64/test-batch_5--00034-of-00040', '/users/aarjun1/scratch/pathtracker_data/mot/tfrecords_64/test-batch_5--00011-of-00040', '/users/aarjun1/scratch/pathtracker_data/mot/tfrecords_64/test-batch_5--00004-of-00040', '/users/aarjun1/scratch/pathtracker_data/mot/tfrecords_64/test-batch_5--00027-of-00040', '/users/aarjun1/scratch/pathtracker_data/mot/tfrecords_64/test-batch_5--00012-of-00040', '/users/aarjun1/scratch/pathtracker_data/mot/tfrecords_64/test-batch_5--00006-of-00040', '/users/aarjun1/scratch/pathtracker_data/mot/tfrecords_64/test-batch_5--00025-of-00040', '/users/aarjun1/scratch/pathtracker_data/mot/tfrecords_64/test-batch_5--00010-of-00040']
Init model ffhgru full bptt penalty:  False
109814
Loading parallel finished on GPU count: 4
Including parameters ['module.bn.weight', 'module.bn.bias', 'module.preproc.weight', 'module.preproc.bias', 'module.unit1.w_exc', 'module.unit1.w_inh', 'module.unit1.alpha', 'module.unit1.mu', 'module.unit1.gamma', 'module.unit1.kappa', 'module.unit1.w', 'module.unit1.a_w_gate.weight', 'module.unit1.a_w_gate.bias', 'module.unit1.a_u_gate.weight', 'module.unit1.a_u_gate.bias', 'module.unit1.i_w_gate.weight', 'module.unit1.i_w_gate.bias', 'module.unit1.i_u_gate.weight', 'module.unit1.i_u_gate.bias', 'module.unit1.e_w_gate.weight', 'module.unit1.e_w_gate.bias', 'module.unit1.e_u_gate.weight', 'module.unit1.e_u_gate.bias', 'module.unit1.bn.0.weight', 'module.unit1.bn.0.bias', 'module.unit1.bn.1.weight', 'module.unit1.bn.1.bias', 'module.readout_conv.weight', 'module.readout_conv.bias', 'module.target_conv.weight', 'module.target_conv.bias', 'module.readout_dense.weight', 'module.readout_dense.bias']
Epoch: [0][0/167]  lr: 0.0003  Time: 21.207 (itavg:21.207) (21.207)  Data: 2.253 (2.253) Loss: 2.19766474 (2.19766474) (2.19766474)  bal_acc: 6.25000 (6.25000) preci: 0.06250 (0.06250) rec: 0.06250 (0.06250)  f1: 0.06250 (0.06250) jvpen: 1.000000000000 21.207 losscale:1.00000
Epoch: [0][20/167]  lr: 0.0003  Time: 2.241 (itavg:3.369) (4.218)  Data: 0.069 (1.046) Loss: 2.19546390 (2.19843363) (2.19839701)  bal_acc: 15.00000 (10.35714) preci: 0.15000 (0.10357) rec: 0.15000 (0.10357)  f1: 0.15000 (0.10357) jvpen: 1.000000000000 67.376 losscale:1.00000
Epoch: [0][40/167]  lr: 0.0003  Time: 2.254 (itavg:2.261) (3.263)  Data: 0.080 (0.578) Loss: 2.19436526 (2.19753609) (2.19797705)  bal_acc: 11.25000 (10.60976) preci: 0.11250 (0.10610) rec: 0.11250 (0.10610)  f1: 0.11250 (0.10610) jvpen: 1.000000000000 45.217 losscale:1.00000
Epoch: [0][60/167]  lr: 0.0003  Time: 2.249 (itavg:2.260) (2.934)  Data: 0.071 (0.417) Loss: 2.19879150 (2.19677210) (2.19758198)  bal_acc: 13.75000 (11.43443) preci: 0.13750 (0.11434) rec: 0.13750 (0.11434)  f1: 0.13750 (0.11434) jvpen: 1.000000000000 45.192 losscale:1.00000
Epoch: [0][80/167]  lr: 0.0003  Time: 2.253 (itavg:2.261) (2.768)  Data: 0.072 (0.335) Loss: 2.19696522 (2.19864411) (2.19784424)  bal_acc: 10.00000 (11.23457) preci: 0.10000 (0.11235) rec: 0.10000 (0.11235)  f1: 0.10000 (0.11235) jvpen: 1.000000000000 45.222 losscale:1.00000
Epoch: [0][100/167]  lr: 0.0003  Time: 2.255 (itavg:2.260) (2.667)  Data: 0.081 (0.286) Loss: 2.20072627 (2.19850023) (2.19797414)  bal_acc: 3.75000 (11.00248) preci: 0.03750 (0.11002) rec: 0.03750 (0.11002)  f1: 0.03750 (0.11002) jvpen: 1.000000000000 45.204 losscale:1.00000
Epoch: [0][120/167]  lr: 0.0003  Time: 2.243 (itavg:2.256) (2.599)  Data: 0.063 (0.251) Loss: 2.19824362 (2.19778808) (2.19794338)  bal_acc: 12.50000 (10.88843) preci: 0.12500 (0.10888) rec: 0.12500 (0.10888)  f1: 0.12500 (0.10888) jvpen: 1.000000000000 45.115 losscale:1.00000
Epoch: [0][140/167]  lr: 0.0003  Time: 2.254 (itavg:2.257) (2.551)  Data: 0.079 (0.227) Loss: 2.19753814 (2.19754280) (2.19788656)  bal_acc: 17.50000 (10.88652) preci: 0.17500 (0.10887) rec: 0.17500 (0.10887)  f1: 0.17500 (0.10887) jvpen: 1.000000000000 45.138 losscale:1.00000
Epoch: [0][160/167]  lr: 0.0003  Time: 2.256 (itavg:2.261) (2.515)  Data: 0.071 (0.209) Loss: 2.19660997 (2.19795716) (2.19789533)  bal_acc: 13.75000 (10.85404) preci: 0.13750 (0.10854) rec: 0.13750 (0.10854)  f1: 0.13750 (0.10854) jvpen: 1.000000000000 45.214 losscale:1.00000
Epoch: [0][180/167]  lr: 0.0003  Time: 2.249 (itavg:2.257) (2.486)  Data: 0.067 (0.194) Loss: 2.19696116 (2.19789069) (2.19789482)  bal_acc: 11.25000 (10.94613) preci: 0.11250 (0.10946) rec: 0.11250 (0.10946)  f1: 0.11250 (0.10946) jvpen: 1.000000000000 45.131 losscale:1.00000
Epoch: [0][200/167]  lr: 0.0003  Time: 2.260 (itavg:2.258) (2.464)  Data: 0.079 (0.183) Loss: 2.19695497 (2.19793205) (2.19789852)  bal_acc: 11.25000 (10.80846) preci: 0.11250 (0.10808) rec: 0.11250 (0.10808)  f1: 0.11250 (0.10808) jvpen: 1.000000000000 45.160 losscale:1.00000
Epoch: [0][220/167]  lr: 0.0003  Time: 2.251 (itavg:2.260) (2.445)  Data: 0.065 (0.173) Loss: 2.19600987 (2.19840137) (2.19794403)  bal_acc: 10.00000 (10.74661) preci: 0.10000 (0.10747) rec: 0.10000 (0.10747)  f1: 0.10000 (0.10747) jvpen: 1.000000000000 45.210 losscale:1.00000
Epoch: [0][240/167]  lr: 0.0003  Time: 2.239 (itavg:2.258) (2.430)  Data: 0.077 (0.165) Loss: 2.19733810 (2.19792542) (2.19794249)  bal_acc: 8.75000 (10.70021) preci: 0.08750 (0.10700) rec: 0.08750 (0.10700)  f1: 0.08750 (0.10700) jvpen: 1.000000000000 45.162 losscale:1.00000
Epoch: [0][260/167]  lr: 0.0003  Time: 2.252 (itavg:2.255) (2.416)  Data: 0.063 (0.159) Loss: 2.20190191 (2.19822468) (2.19796411)  bal_acc: 12.50000 (10.78065) preci: 0.12500 (0.10781) rec: 0.12500 (0.10781)  f1: 0.12500 (0.10781) jvpen: 1.000000000000 45.101 losscale:1.00000
Epoch: [0][280/167]  lr: 0.0003  Time: 2.248 (itavg:2.260) (2.405)  Data: 0.070 (0.153) Loss: 2.19783354 (2.19684812) (2.19788468)  bal_acc: 15.00000 (10.86744) preci: 0.15000 (0.10867) rec: 0.15000 (0.10867)  f1: 0.15000 (0.10867) jvpen: 1.000000000000 45.200 losscale:1.00000
Epoch: [0][300/167]  lr: 0.0003  Time: 2.249 (itavg:2.262) (2.396)  Data: 0.073 (0.148) Loss: 2.19556189 (2.19888401) (2.19795108)  bal_acc: 17.50000 (10.83887) preci: 0.17500 (0.10839) rec: 0.17500 (0.10839)  f1: 0.17500 (0.10839) jvpen: 1.000000000000 45.241 losscale:1.00000
Epoch: [0][320/167]  lr: 0.0003  Time: 2.259 (itavg:2.259) (2.387)  Data: 0.066 (0.144) Loss: 2.19857979 (2.19701974) (2.19789305)  bal_acc: 6.25000 (10.88785) preci: 0.06250 (0.10888) rec: 0.06250 (0.10888)  f1: 0.06250 (0.10888) jvpen: 1.000000000000 45.184 losscale:1.00000
Epoch: [0][340/167]  lr: 0.0003  Time: 2.245 (itavg:2.255) (2.379)  Data: 0.056 (0.139) Loss: 2.19450760 (2.19701709) (2.19784168)  bal_acc: 15.00000 (10.94575) preci: 0.15000 (0.10946) rec: 0.15000 (0.10946)  f1: 0.15000 (0.10946) jvpen: 1.000000000000 45.102 losscale:1.00000
Epoch: [0][360/167]  lr: 0.0003  Time: 2.251 (itavg:2.258) (2.373)  Data: 0.063 (0.136) Loss: 2.20025587 (2.19872760) (2.19789076)  bal_acc: 8.75000 (10.90028) preci: 0.08750 (0.10900) rec: 0.08750 (0.10900)  f1: 0.08750 (0.10900) jvpen: 1.000000000000 45.153 losscale:1.00000
Epoch: [0][380/167]  lr: 0.0003  Time: 2.260 (itavg:2.261) (2.367)  Data: 0.074 (0.133) Loss: 2.19923234 (2.19664295) (2.19782526)  bal_acc: 10.00000 (10.93504) preci: 0.10000 (0.10935) rec: 0.10000 (0.10935)  f1: 0.10000 (0.10935) jvpen: 1.000000000000 45.215 losscale:1.00000
Epoch: [0][400/167]  lr: 0.0003  Time: 2.242 (itavg:2.260) (2.361)  Data: 0.058 (0.130) Loss: 2.20014858 (2.19835672) (2.19785176)  bal_acc: 7.50000 (10.96633) preci: 0.07500 (0.10966) rec: 0.07500 (0.10966)  f1: 0.07500 (0.10966) jvpen: 1.000000000000 45.203 losscale:1.00000
Epoch: [0][420/167]  lr: 0.0003  Time: 2.261 (itavg:2.261) (2.357)  Data: 0.069 (0.128) Loss: 2.19926119 (2.19852848) (2.19788391)  bal_acc: 11.25000 (10.96496) preci: 0.11250 (0.10965) rec: 0.11250 (0.10965)  f1: 0.11250 (0.10965) jvpen: 1.000000000000 45.227 losscale:1.00000
Epoch: [0][440/167]  lr: 0.0003  Time: 2.250 (itavg:2.260) (2.352)  Data: 0.060 (0.125) Loss: 2.19915342 (2.19757224) (2.19786978)  bal_acc: 7.50000 (10.90703) preci: 0.07500 (0.10907) rec: 0.07500 (0.10907)  f1: 0.07500 (0.10907) jvpen: 1.000000000000 45.207 losscale:1.00000
Epoch: [0][460/167]  lr: 0.0003  Time: 2.261 (itavg:2.258) (2.348)  Data: 0.058 (0.123) Loss: 2.19555545 (2.19762909) (2.19785934)  bal_acc: 15.00000 (10.90564) preci: 0.15000 (0.10906) rec: 0.15000 (0.10906)  f1: 0.15000 (0.10906) jvpen: 1.000000000000 45.159 losscale:1.00000
Epoch: [0][480/167]  lr: 0.0003  Time: 2.257 (itavg:2.256) (2.344)  Data: 0.068 (0.121) Loss: 2.20237803 (2.19743249) (2.19784159)  bal_acc: 5.00000 (10.95894) preci: 0.05000 (0.10959) rec: 0.05000 (0.10959)  f1: 0.05000 (0.10959) jvpen: 1.000000000000 45.122 losscale:1.00000
Epoch: [0][500/167]  lr: 0.0003  Time: 2.267 (itavg:2.263) (2.341)  Data: 0.070 (0.119) Loss: 2.19804311 (2.19794279) (2.19784563)  bal_acc: 11.25000 (10.96557) preci: 0.11250 (0.10966) rec: 0.11250 (0.10966)  f1: 0.11250 (0.10966) jvpen: 1.000000000000 45.255 losscale:1.00000
Epoch: [0][520/167]  lr: 0.0003  Time: 2.264 (itavg:2.259) (2.338)  Data: 0.055 (0.118) Loss: 2.19736362 (2.19825746) (2.19786144)  bal_acc: 7.50000 (10.95250) preci: 0.07500 (0.10952) rec: 0.07500 (0.10952)  f1: 0.07500 (0.10952) jvpen: 1.000000000000 45.181 losscale:1.00000
Epoch: [0][540/167]  lr: 0.0003  Time: 2.254 (itavg:2.259) (2.335)  Data: 0.083 (0.116) Loss: 2.19575739 (2.19807647) (2.19786939)  bal_acc: 20.00000 (10.97967) preci: 0.20000 (0.10980) rec: 0.20000 (0.10980)  f1: 0.20000 (0.10980) jvpen: 1.000000000000 45.181 losscale:1.00000
Epoch: [0][560/167]  lr: 0.0003  Time: 2.251 (itavg:2.260) (2.332)  Data: 0.063 (0.115) Loss: 2.19888449 (2.19756589) (2.19785857)  bal_acc: 8.75000 (10.93583) preci: 0.08750 (0.10936) rec: 0.08750 (0.10936)  f1: 0.08750 (0.10936) jvpen: 1.000000000000 45.190 losscale:1.00000
Epoch: [0][580/167]  lr: 0.0003  Time: 2.249 (itavg:2.260) (2.330)  Data: 0.069 (0.114) Loss: 2.19433951 (2.19751494) (2.19784674)  bal_acc: 18.75000 (10.94234) preci: 0.18750 (0.10942) rec: 0.18750 (0.10942)  f1: 0.18750 (0.10942) jvpen: 1.000000000000 45.195 losscale:1.00000
Epoch: [0][600/167]  lr: 0.0003  Time: 2.255 (itavg:2.260) (2.328)  Data: 0.081 (0.112) Loss: 2.20233560 (2.19868747) (2.19787472)  bal_acc: 10.00000 (10.93594) preci: 0.10000 (0.10936) rec: 0.10000 (0.10936)  f1: 0.10000 (0.10936) jvpen: 1.000000000000 45.206 losscale:1.00000
Epoch: [0][620/167]  lr: 0.0003  Time: 2.230 (itavg:2.257) (2.325)  Data: 0.068 (0.111) Loss: 2.20009303 (2.19794778) (2.19787707)  bal_acc: 5.00000 (10.95209) preci: 0.05000 (0.10952) rec: 0.05000 (0.10952)  f1: 0.05000 (0.10952) jvpen: 1.000000000000 45.148 losscale:1.00000
Epoch: [0][640/167]  lr: 0.0003  Time: 2.256 (itavg:2.260) (2.323)  Data: 0.082 (0.110) Loss: 2.19594598 (2.19758651) (2.19786800)  bal_acc: 10.00000 (10.96139) preci: 0.10000 (0.10961) rec: 0.10000 (0.10961)  f1: 0.10000 (0.10961) jvpen: 1.000000000000 45.199 losscale:1.00000
Epoch: [0][660/167]  lr: 0.0003  Time: 2.246 (itavg:2.257) (2.321)  Data: 0.065 (0.109) Loss: 2.19251418 (2.19672917) (2.19783354)  bal_acc: 17.50000 (10.99849) preci: 0.17500 (0.10998) rec: 0.17500 (0.10998)  f1: 0.17500 (0.10998) jvpen: 1.000000000000 45.135 losscale:1.00000
Epoch: [0][680/167]  lr: 0.0003  Time: 2.247 (itavg:2.257) (2.319)  Data: 0.063 (0.108) Loss: 2.19197583 (2.19838202) (2.19784965)  bal_acc: 11.25000 (11.00954) preci: 0.11250 (0.11010) rec: 0.11250 (0.11010)  f1: 0.11250 (0.11010) jvpen: 1.000000000000 45.132 losscale:1.00000
Epoch: [0][700/167]  lr: 0.0003  Time: 2.264 (itavg:2.257) (2.318)  Data: 0.078 (0.107) Loss: 2.19336009 (2.19791147) (2.19785142)  bal_acc: 23.75000 (11.02710) preci: 0.23750 (0.11027) rec: 0.23750 (0.11027)  f1: 0.23750 (0.11027) jvpen: 1.000000000000 45.148 losscale:1.00000
Epoch: [0][720/167]  lr: 0.0003  Time: 2.238 (itavg:2.258) (2.316)  Data: 0.061 (0.107) Loss: 2.19717264 (2.19693595) (2.19782602)  bal_acc: 15.00000 (11.04542) preci: 0.15000 (0.11045) rec: 0.15000 (0.11045)  f1: 0.15000 (0.11045) jvpen: 1.000000000000 45.156 losscale:1.00000
Epoch: [0][740/167]  lr: 0.0003  Time: 2.263 (itavg:2.257) (2.314)  Data: 0.074 (0.106) Loss: 2.19733405 (2.19723504) (2.19781007)  bal_acc: 11.25000 (11.08300) preci: 0.11250 (0.11083) rec: 0.11250 (0.11083)  f1: 0.11250 (0.11083) jvpen: 1.000000000000 45.133 losscale:1.00000
Epoch: [0][760/167]  lr: 0.0003  Time: 2.249 (itavg:2.257) (2.313)  Data: 0.077 (0.105) Loss: 2.20200157 (2.19908974) (2.19784370)  bal_acc: 6.25000 (11.04796) preci: 0.06250 (0.11048) rec: 0.06250 (0.11048)  f1: 0.06250 (0.11048) jvpen: 1.000000000000 45.150 losscale:1.00000
Epoch: [0][780/167]  lr: 0.0003  Time: 2.253 (itavg:2.258) (2.311)  Data: 0.056 (0.104) Loss: 2.20192289 (2.19733465) (2.19783067)  bal_acc: 8.75000 (11.07554) preci: 0.08750 (0.11076) rec: 0.08750 (0.11076)  f1: 0.08750 (0.11076) jvpen: 1.000000000000 45.163 losscale:1.00000
Epoch: [0][800/167]  lr: 0.0003  Time: 2.274 (itavg:2.257) (2.310)  Data: 0.073 (0.103) Loss: 2.20315099 (2.19645584) (2.19779634)  bal_acc: 8.75000 (11.11423) preci: 0.08750 (0.11114) rec: 0.08750 (0.11114)  f1: 0.08750 (0.11114) jvpen: 1.000000000000 45.132 losscale:1.00000
Epoch: [0][820/167]  lr: 0.0003  Time: 2.238 (itavg:2.257) (2.309)  Data: 0.066 (0.103) Loss: 2.19769430 (2.19763077) (2.19779231)  bal_acc: 11.25000 (11.09775) preci: 0.11250 (0.11098) rec: 0.11250 (0.11098)  f1: 0.11250 (0.11098) jvpen: 1.000000000000 45.143 losscale:1.00000
Epoch: [0][840/167]  lr: 0.0003  Time: 2.262 (itavg:2.258) (2.308)  Data: 0.064 (0.102) Loss: 2.19473410 (2.19786465) (2.19779403)  bal_acc: 18.75000 (11.08799) preci: 0.18750 (0.11088) rec: 0.18750 (0.11088)  f1: 0.18750 (0.11088) jvpen: 1.000000000000 45.163 losscale:1.00000
Epoch: [0][860/167]  lr: 0.0003  Time: 2.259 (itavg:2.260) (2.306)  Data: 0.073 (0.102) Loss: 2.19768834 (2.19793757) (2.19779736)  bal_acc: 10.00000 (11.06707) preci: 0.10000 (0.11067) rec: 0.10000 (0.11067)  f1: 0.10000 (0.11067) jvpen: 1.000000000000 45.200 losscale:1.00000
Epoch: [0][880/167]  lr: 0.0003  Time: 2.254 (itavg:2.259) (2.305)  Data: 0.084 (0.101) Loss: 2.20337820 (2.19782686) (2.19779803)  bal_acc: 6.25000 (11.06413) preci: 0.06250 (0.11064) rec: 0.06250 (0.11064)  f1: 0.06250 (0.11064) jvpen: 1.000000000000 45.186 losscale:1.00000
Epoch: [0][900/167]  lr: 0.0003  Time: 2.259 (itavg:2.259) (2.304)  Data: 0.070 (0.101) Loss: 2.19549322 (2.19744866) (2.19779027)  bal_acc: 10.00000 (11.07797) preci: 0.10000 (0.11078) rec: 0.10000 (0.11078)  f1: 0.10000 (0.11078) jvpen: 1.000000000000 45.171 losscale:1.00000
Epoch: [0][920/167]  lr: 0.0003  Time: 2.252 (itavg:2.262) (2.303)  Data: 0.075 (0.100) Loss: 2.19997668 (2.19831614) (2.19780169)  bal_acc: 11.25000 (11.07220) preci: 0.11250 (0.11072) rec: 0.11250 (0.11072)  f1: 0.11250 (0.11072) jvpen: 1.000000000000 45.244 losscale:1.00000
Epoch: [0][940/167]  lr: 0.0003  Time: 2.241 (itavg:2.261) (2.303)  Data: 0.083 (0.099) Loss: 2.19471550 (2.19731417) (2.19779133)  bal_acc: 8.75000 (11.05207) preci: 0.08750 (0.11052) rec: 0.08750 (0.11052)  f1: 0.08750 (0.11052) jvpen: 1.000000000000 45.215 losscale:1.00000
Epoch: [0][960/167]  lr: 0.0003  Time: 2.250 (itavg:2.260) (2.302)  Data: 0.072 (0.099) Loss: 2.19636011 (2.19770628) (2.19778956)  bal_acc: 13.75000 (11.08091) preci: 0.13750 (0.11081) rec: 0.13750 (0.11081)  f1: 0.13750 (0.11081) jvpen: 1.000000000000 45.202 losscale:1.00000
Epoch: [0][980/167]  lr: 0.0003  Time: 2.246 (itavg:2.257) (2.301)  Data: 0.070 (0.098) Loss: 2.19652057 (2.19793026) (2.19779243)  bal_acc: 13.75000 (11.06269) preci: 0.13750 (0.11063) rec: 0.13750 (0.11063)  f1: 0.13750 (0.11063) jvpen: 1.000000000000 45.131 losscale:1.00000
Epoch: [0][1000/167]  lr: 0.0003  Time: 2.255 (itavg:2.261) (2.300)  Data: 0.077 (0.098) Loss: 2.19880223 (2.19778118) (2.19779221)  bal_acc: 7.50000 (11.07517) preci: 0.07500 (0.11075) rec: 0.07500 (0.11075)  f1: 0.07500 (0.11075) jvpen: 1.000000000000 45.219 losscale:1.00000
Epoch: [0][1020/167]  lr: 0.0003  Time: 2.253 (itavg:2.260) (2.299)  Data: 0.070 (0.098) Loss: 2.19609499 (2.19978958) (2.19783133)  bal_acc: 13.75000 (11.04310) preci: 0.13750 (0.11043) rec: 0.13750 (0.11043)  f1: 0.13750 (0.11043) jvpen: 1.000000000000 45.210 losscale:1.00000
Epoch: [0][1040/167]  lr: 0.0003  Time: 2.251 (itavg:2.256) (2.298)  Data: 0.070 (0.097) Loss: 2.19832969 (2.19840802) (2.19784241)  bal_acc: 10.00000 (11.04347) preci: 0.10000 (0.11043) rec: 0.10000 (0.11043)  f1: 0.10000 (0.11043) jvpen: 1.000000000000 45.124 losscale:1.00000
Epoch: [0][1060/167]  lr: 0.0003  Time: 2.253 (itavg:2.260) (2.298)  Data: 0.074 (0.097) Loss: 2.19592404 (2.19804684) (2.19784627)  bal_acc: 11.25000 (11.03440) preci: 0.11250 (0.11034) rec: 0.11250 (0.11034)  f1: 0.11250 (0.11034) jvpen: 1.000000000000 45.190 losscale:1.00000
Epoch: [0][1080/167]  lr: 0.0003  Time: 2.266 (itavg:2.259) (2.297)  Data: 0.072 (0.097) Loss: 2.20287085 (2.19723290) (2.19783492)  bal_acc: 15.00000 (11.05111) preci: 0.15000 (0.11051) rec: 0.15000 (0.11051)  f1: 0.15000 (0.11051) jvpen: 1.000000000000 45.180 losscale:1.00000
Epoch: [0][1100/167]  lr: 0.0003  Time: 2.251 (itavg:2.258) (2.296)  Data: 0.080 (0.096) Loss: 2.20084071 (2.19660534) (2.19781258)  bal_acc: 11.25000 (11.06154) preci: 0.11250 (0.11062) rec: 0.11250 (0.11062)  f1: 0.11250 (0.11062) jvpen: 1.000000000000 45.154 losscale:1.00000
Epoch: [0][1120/167]  lr: 0.0003  Time: 2.202 (itavg:2.234) (2.295)  Data: 0.026 (0.096) Loss: 2.19886732 (2.19843948) (2.19782377)  bal_acc: 11.25000 (11.07828) preci: 0.11250 (0.11078) rec: 0.11250 (0.11078)  f1: 0.11250 (0.11078) jvpen: 1.000000000000 44.681 losscale:1.00000
0
Test: [0/167]	 Time: 3.078	 Loss: 2.20181084 ( 2.20181084)	Bal_acc: 7.50000048 preci: 0.07500 (0.07500) rec: 0.07500(0.07500) f1: 0.07500 (0.07500)
Test: [1600/167]	 Time: 1.062	 Loss: 2.19588280 ( 2.19706188)	Bal_acc: 12.26190492 preci: 0.12500 (0.12262) rec: 0.12500(0.12262) f1: 0.12500 (0.12262)
Test: [3200/167]	 Time: 1.005	 Loss: 2.19633889 ( 2.19727532)	Bal_acc: 11.37195136 preci: 0.15000 (0.11372) rec: 0.15000(0.11372) f1: 0.15000 (0.11372)
Test: [4800/167]	 Time: 0.985	 Loss: 2.20077825 ( 2.19778348)	Bal_acc: 10.94262308 preci: 0.05000 (0.10943) rec: 0.05000(0.10943) f1: 0.05000 (0.10943)
Test: [6400/167]	 Time: 0.976	 Loss: 2.20165420 ( 2.19797713)	Bal_acc: 10.70987666 preci: 0.08750 (0.10710) rec: 0.08750(0.10710) f1: 0.08750 (0.10710)
Test: [8000/167]	 Time: 0.971	 Loss: 2.19756889 ( 2.19755332)	Bal_acc: 11.03960409 preci: 0.15000 (0.11040) rec: 0.15000(0.11040) f1: 0.15000 (0.11040)
Test: [9600/167]	 Time: 0.967	 Loss: 2.19872999 ( 2.19774393)	Bal_acc: 10.83677696 preci: 0.12500 (0.10837) rec: 0.12500(0.10837) f1: 0.12500 (0.10837)
Test: [11200/167]	 Time: 0.964	 Loss: 2.20408797 ( 2.19766197)	Bal_acc: 10.97517743 preci: 0.05000 (0.10975) rec: 0.05000(0.10975) f1: 0.05000 (0.10975)
Test: [12800/167]	 Time: 0.961	 Loss: 2.19283438 ( 2.19758411)	Bal_acc: 11.00155291 preci: 0.12500 (0.11002) rec: 0.12500(0.11002) f1: 0.12500 (0.11002)
Test: [13280/167]	 Time: 0.960	 Loss: 2.19593787 ( 2.19755588)	Bal_acc: 10.98053904 preci: 0.07500 (0.10981) rec: 0.07500(0.10981) f1: 0.07500 (0.10981)
Test: [14400/167]	 Time: 0.959	 Loss: 2.18914294 ( 2.19747962)	Bal_acc: 11.00138135 preci: 0.15000 (0.11001) rec: 0.15000(0.11001) f1: 0.15000 (0.11001)
Test: [16000/167]	 Time: 0.958	 Loss: 2.19464326 ( 2.19748469)	Bal_acc: 11.07587077 preci: 0.12500 (0.11076) rec: 0.12500(0.11076) f1: 0.12500 (0.11076)
Test: [17600/167]	 Time: 0.956	 Loss: 2.19792438 ( 2.19754781)	Bal_acc: 10.98416303 preci: 0.10000 (0.10984) rec: 0.10000(0.10984) f1: 0.10000 (0.10984)
Test: [19200/167]	 Time: 0.955	 Loss: 2.19846010 ( 2.19753769)	Bal_acc: 11.01659764 preci: 0.10000 (0.11017) rec: 0.10000(0.11017) f1: 0.10000 (0.11017)
Test: [20800/167]	 Time: 0.955	 Loss: 2.19273233 ( 2.19756847)	Bal_acc: 11.07279706 preci: 0.15000 (0.11073) rec: 0.15000(0.11073) f1: 0.15000 (0.11073)
Test: [22400/167]	 Time: 0.954	 Loss: 2.19847441 ( 2.19755517)	Bal_acc: 11.09875458 preci: 0.08750 (0.11099) rec: 0.08750(0.11099) f1: 0.08750 (0.11099)
Test: [24000/167]	 Time: 0.953	 Loss: 2.19837236 ( 2.19761349)	Bal_acc: 11.05066457 preci: 0.08750 (0.11051) rec: 0.08750(0.11051) f1: 0.08750 (0.11051)
Test: [25600/167]	 Time: 0.953	 Loss: 2.19563341 ( 2.19757035)	Bal_acc: 11.02024935 preci: 0.12500 (0.11020) rec: 0.12500(0.11020) f1: 0.12500 (0.11020)
