## SLURM PROLOG ###############################################################
##    Job ID : 3880427
##  Job Name : pathtracker_mot
##  Nodelist : gpu2008
##      CPUs : 1
##  Mem/Node : 40960 MB
## Directory : /gpfs/data/tserre/aarjun1/pathtracker/mot/InT-Models-main_temp
##   Started : Sun Jan 30 17:02:23 EST 2022
###############################################################################
Tensorflow version 2.7.0
Failed to import slowfast.
Failed to import spatial sampler.
Found dataset: /users/aarjun1/scratch/pathtracker_data/mot/tfrecords_64/
Loading training dataset
DATASET :  /users/aarjun1/scratch/pathtracker_data/mot/tfrecords_64/train-*  : 
 ['/users/aarjun1/scratch/pathtracker_data/mot/tfrecords_64/train-batch_0--00005-of-00040', '/users/aarjun1/scratch/pathtracker_data/mot/tfrecords_64/train-batch_0--00002-of-00040', '/users/aarjun1/scratch/pathtracker_data/mot/tfrecords_64/train-batch_0--00029-of-00040', '/users/aarjun1/scratch/pathtracker_data/mot/tfrecords_64/train-batch_0--00010-of-00040', '/users/aarjun1/scratch/pathtracker_data/mot/tfrecords_64/train-batch_0--00032-of-00040', '/users/aarjun1/scratch/pathtracker_data/mot/tfrecords_64/train-batch_0--00030-of-00040', '/users/aarjun1/scratch/pathtracker_data/mot/tfrecords_64/train-batch_0--00007-of-00040', '/users/aarjun1/scratch/pathtracker_data/mot/tfrecords_64/train-batch_0--00024-of-00040', '/users/aarjun1/scratch/pathtracker_data/mot/tfrecords_64/train-batch_0--00012-of-00040', '/users/aarjun1/scratch/pathtracker_data/mot/tfrecords_64/train-batch_0--00038-of-00040', '/users/aarjun1/scratch/pathtracker_data/mot/tfrecords_64/train-batch_0--00036-of-00040', '/users/aarjun1/scratch/pathtracker_data/mot/tfrecords_64/train-batch_0--00037-of-00040', '/users/aarjun1/scratch/pathtracker_data/mot/tfrecords_64/train-batch_0--00009-of-00040', '/users/aarjun1/scratch/pathtracker_data/mot/tfrecords_64/train-batch_0--00035-of-00040', '/users/aarjun1/scratch/pathtracker_data/mot/tfrecords_64/train-batch_0--00027-of-00040', '/users/aarjun1/scratch/pathtracker_data/mot/tfrecords_64/train-batch_0--00021-of-00040', '/users/aarjun1/scratch/pathtracker_data/mot/tfrecords_64/train-batch_0--00019-of-00040', '/users/aarjun1/scratch/pathtracker_data/mot/tfrecords_64/train-batch_0--00003-of-00040', '/users/aarjun1/scratch/pathtracker_data/mot/tfrecords_64/train-batch_0--00017-of-00040', '/users/aarjun1/scratch/pathtracker_data/mot/tfrecords_64/train-batch_0--00014-of-00040', '/users/aarjun1/scratch/pathtracker_data/mot/tfrecords_64/train-batch_0--00016-of-00040', '/users/aarjun1/scratch/pathtracker_data/mot/tfrecords_64/train-batch_0--00006-of-00040', '/users/aarjun1/scratch/pathtracker_data/mot/tfrecords_64/train-batch_0--00011-of-00040', '/users/aarjun1/scratch/pathtracker_data/mot/tfrecords_64/train-batch_0--00028-of-00040', '/users/aarjun1/scratch/pathtracker_data/mot/tfrecords_64/train-batch_0--00015-of-00040', '/users/aarjun1/scratch/pathtracker_data/mot/tfrecords_64/train-batch_0--00008-of-00040', '/users/aarjun1/scratch/pathtracker_data/mot/tfrecords_64/train-batch_0--00025-of-00040', '/users/aarjun1/scratch/pathtracker_data/mot/tfrecords_64/train-batch_0--00000-of-00040', '/users/aarjun1/scratch/pathtracker_data/mot/tfrecords_64/train-batch_0--00039-of-00040', '/users/aarjun1/scratch/pathtracker_data/mot/tfrecords_64/train-batch_0--00022-of-00040', '/users/aarjun1/scratch/pathtracker_data/mot/tfrecords_64/train-batch_0--00004-of-00040', '/users/aarjun1/scratch/pathtracker_data/mot/tfrecords_64/train-batch_0--00033-of-00040', '/users/aarjun1/scratch/pathtracker_data/mot/tfrecords_64/train-batch_0--00026-of-00040', '/users/aarjun1/scratch/pathtracker_data/mot/tfrecords_64/train-batch_0--00020-of-00040', '/users/aarjun1/scratch/pathtracker_data/mot/tfrecords_64/train-batch_0--00023-of-00040', '/users/aarjun1/scratch/pathtracker_data/mot/tfrecords_64/train-batch_0--00013-of-00040', '/users/aarjun1/scratch/pathtracker_data/mot/tfrecords_64/train-batch_0--00034-of-00040', '/users/aarjun1/scratch/pathtracker_data/mot/tfrecords_64/train-batch_0--00001-of-00040', '/users/aarjun1/scratch/pathtracker_data/mot/tfrecords_64/train-batch_0--00031-of-00040', '/users/aarjun1/scratch/pathtracker_data/mot/tfrecords_64/train-batch_0--00018-of-00040']
Loading validation dataset
DATASET :  /users/aarjun1/scratch/pathtracker_data/mot/tfrecords_64/test-*  : 
 ['/users/aarjun1/scratch/pathtracker_data/mot/tfrecords_64/test-batch_5--00005-of-00040', '/users/aarjun1/scratch/pathtracker_data/mot/tfrecords_64/test-batch_5--00016-of-00040', '/users/aarjun1/scratch/pathtracker_data/mot/tfrecords_64/test-batch_5--00029-of-00040', '/users/aarjun1/scratch/pathtracker_data/mot/tfrecords_64/test-batch_5--00037-of-00040', '/users/aarjun1/scratch/pathtracker_data/mot/tfrecords_64/test-batch_5--00013-of-00040', '/users/aarjun1/scratch/pathtracker_data/mot/tfrecords_64/test-batch_5--00018-of-00040', '/users/aarjun1/scratch/pathtracker_data/mot/tfrecords_64/test-batch_5--00000-of-00040', '/users/aarjun1/scratch/pathtracker_data/mot/tfrecords_64/test-batch_5--00035-of-00040', '/users/aarjun1/scratch/pathtracker_data/mot/tfrecords_64/test-batch_5--00026-of-00040', '/users/aarjun1/scratch/pathtracker_data/mot/tfrecords_64/test-batch_5--00023-of-00040', '/users/aarjun1/scratch/pathtracker_data/mot/tfrecords_64/test-batch_5--00017-of-00040', '/users/aarjun1/scratch/pathtracker_data/mot/tfrecords_64/test-batch_5--00033-of-00040', '/users/aarjun1/scratch/pathtracker_data/mot/tfrecords_64/test-batch_5--00014-of-00040', '/users/aarjun1/scratch/pathtracker_data/mot/tfrecords_64/test-batch_5--00001-of-00040', '/users/aarjun1/scratch/pathtracker_data/mot/tfrecords_64/test-batch_5--00038-of-00040', '/users/aarjun1/scratch/pathtracker_data/mot/tfrecords_64/test-batch_5--00007-of-00040', '/users/aarjun1/scratch/pathtracker_data/mot/tfrecords_64/test-batch_5--00039-of-00040', '/users/aarjun1/scratch/pathtracker_data/mot/tfrecords_64/test-batch_5--00028-of-00040', '/users/aarjun1/scratch/pathtracker_data/mot/tfrecords_64/test-batch_5--00032-of-00040', '/users/aarjun1/scratch/pathtracker_data/mot/tfrecords_64/test-batch_5--00020-of-00040', '/users/aarjun1/scratch/pathtracker_data/mot/tfrecords_64/test-batch_5--00003-of-00040', '/users/aarjun1/scratch/pathtracker_data/mot/tfrecords_64/test-batch_5--00015-of-00040', '/users/aarjun1/scratch/pathtracker_data/mot/tfrecords_64/test-batch_5--00031-of-00040', '/users/aarjun1/scratch/pathtracker_data/mot/tfrecords_64/test-batch_5--00021-of-00040', '/users/aarjun1/scratch/pathtracker_data/mot/tfrecords_64/test-batch_5--00008-of-00040', '/users/aarjun1/scratch/pathtracker_data/mot/tfrecords_64/test-batch_5--00024-of-00040', '/users/aarjun1/scratch/pathtracker_data/mot/tfrecords_64/test-batch_5--00022-of-00040', '/users/aarjun1/scratch/pathtracker_data/mot/tfrecords_64/test-batch_5--00019-of-00040', '/users/aarjun1/scratch/pathtracker_data/mot/tfrecords_64/test-batch_5--00030-of-00040', '/users/aarjun1/scratch/pathtracker_data/mot/tfrecords_64/test-batch_5--00002-of-00040', '/users/aarjun1/scratch/pathtracker_data/mot/tfrecords_64/test-batch_5--00036-of-00040', '/users/aarjun1/scratch/pathtracker_data/mot/tfrecords_64/test-batch_5--00009-of-00040', '/users/aarjun1/scratch/pathtracker_data/mot/tfrecords_64/test-batch_5--00034-of-00040', '/users/aarjun1/scratch/pathtracker_data/mot/tfrecords_64/test-batch_5--00011-of-00040', '/users/aarjun1/scratch/pathtracker_data/mot/tfrecords_64/test-batch_5--00004-of-00040', '/users/aarjun1/scratch/pathtracker_data/mot/tfrecords_64/test-batch_5--00027-of-00040', '/users/aarjun1/scratch/pathtracker_data/mot/tfrecords_64/test-batch_5--00012-of-00040', '/users/aarjun1/scratch/pathtracker_data/mot/tfrecords_64/test-batch_5--00006-of-00040', '/users/aarjun1/scratch/pathtracker_data/mot/tfrecords_64/test-batch_5--00025-of-00040', '/users/aarjun1/scratch/pathtracker_data/mot/tfrecords_64/test-batch_5--00010-of-00040']
Init model ffhgru full bptt penalty:  False
109312
Loading parallel finished on GPU count: 4
Including parameters ['module.bn.weight', 'module.bn.bias', 'module.preproc.weight', 'module.preproc.bias', 'module.unit1.w_exc', 'module.unit1.w_inh', 'module.unit1.alpha', 'module.unit1.mu', 'module.unit1.gamma', 'module.unit1.kappa', 'module.unit1.w', 'module.unit1.a_w_gate.weight', 'module.unit1.a_w_gate.bias', 'module.unit1.a_u_gate.weight', 'module.unit1.a_u_gate.bias', 'module.unit1.i_w_gate.weight', 'module.unit1.i_w_gate.bias', 'module.unit1.i_u_gate.weight', 'module.unit1.i_u_gate.bias', 'module.unit1.e_w_gate.weight', 'module.unit1.e_w_gate.bias', 'module.unit1.e_u_gate.weight', 'module.unit1.e_u_gate.bias', 'module.unit1.bn.0.weight', 'module.unit1.bn.0.bias', 'module.unit1.bn.1.weight', 'module.unit1.bn.1.bias', 'module.readout_conv.weight', 'module.readout_conv.bias', 'module.target_conv.weight', 'module.target_conv.bias', 'module.readout_dense.weight', 'module.readout_dense.bias']
Outputtt :  tensor([[ 0.1428,  0.2429,  0.3547,  0.0365, -0.2871,  0.1318,  0.0629,  0.3221],
        [ 0.1429,  0.2430,  0.3547,  0.0365, -0.2871,  0.1318,  0.0628,  0.3223],
        [ 0.1429,  0.2429,  0.3547,  0.0365, -0.2870,  0.1318,  0.0628,  0.3223],
        [ 0.1429,  0.2430,  0.3547,  0.0365, -0.2870,  0.1318,  0.0628,  0.3223],
        [ 0.1429,  0.2429,  0.3547,  0.0365, -0.2870,  0.1318,  0.0628,  0.3223],
        [ 0.1428,  0.2429,  0.3547,  0.0365, -0.2871,  0.1318,  0.0629,  0.3222],
        [ 0.1429,  0.2429,  0.3547,  0.0365, -0.2870,  0.1318,  0.0628,  0.3223],
        [ 0.1428,  0.2429,  0.3547,  0.0365, -0.2871,  0.1318,  0.0629,  0.3222],
        [ 0.1428,  0.2429,  0.3547,  0.0365, -0.2871,  0.1318,  0.0629,  0.3221],
        [ 0.1428,  0.2429,  0.3547,  0.0365, -0.2871,  0.1318,  0.0629,  0.3221]],
       device='cuda:0', grad_fn=<SliceBackward>)
Targetttt :  tensor([8., 6., 6., 0., 3., 2., 3., 1., 2., 8., 8., 1., 7., 3., 7., 0., 4., 6.,
        3., 8., 5., 5., 3., 7., 8., 2., 5., 8., 0., 1., 2., 5., 0., 4., 3., 6.,
        1., 5., 8., 3., 2., 5., 8., 5., 1., 6., 3., 1., 5., 0., 3., 8., 1., 5.,
        8., 8., 6., 6., 1., 0., 7., 7., 4., 5., 2., 8., 3., 5., 7., 7., 0., 6.,
        8., 6., 3., 4., 0., 5., 4., 8.], device='cuda:0')
