## SLURM PROLOG ###############################################################
##    Job ID : 3735767
##  Job Name : color_CNN
##  Nodelist : gpu2005
##      CPUs : 1
##  Mem/Node : 30720 MB
## Directory : /gpfs/data/tserre/aarjun1/pathtracker/mot/InT-Models-main
##   Started : Sat Jan  1 17:43:46 EST 2022
###############################################################################
Tensorflow version 2.7.0
Failed to import slowfast.
Failed to import spatial sampler.
Found dataset: /users/aarjun1/scratch/pathtracker_data/mot/tfrecords/
Loading training dataset
Loading validation dataset
Init model ffhgru full bptt penalty:  False
107582
Loading parallel finished on GPU count: 4
Including parameters ['module.bn.weight', 'module.bn.bias', 'module.preproc.weight', 'module.preproc.bias', 'module.unit1.w_exc', 'module.unit1.w_inh', 'module.unit1.alpha', 'module.unit1.mu', 'module.unit1.gamma', 'module.unit1.kappa', 'module.unit1.w', 'module.unit1.a_w_gate.weight', 'module.unit1.a_w_gate.bias', 'module.unit1.a_u_gate.weight', 'module.unit1.a_u_gate.bias', 'module.unit1.i_w_gate.weight', 'module.unit1.i_w_gate.bias', 'module.unit1.i_u_gate.weight', 'module.unit1.i_u_gate.bias', 'module.unit1.e_w_gate.weight', 'module.unit1.e_w_gate.bias', 'module.unit1.e_u_gate.weight', 'module.unit1.e_u_gate.bias', 'module.unit1.bn.0.weight', 'module.unit1.bn.0.bias', 'module.unit1.bn.1.weight', 'module.unit1.bn.1.bias', 'module.readout_conv.weight', 'module.readout_conv.bias', 'module.target_conv.weight', 'module.target_conv.bias', 'module.readout_dense.weight', 'module.readout_dense.bias']
Epoch: [0][0/167]  lr: 0.0003  Time: 10.864 (itavg:10.864) (10.864)  Data: 0.586 (0.586) Loss: 1.10292804 (1.10292804) (1.10292804)  bal_acc: 33.33334 (33.33334) preci: 0.33333 (0.33333) rec: 0.33333 (0.33333)  f1: 0.33333 (0.33333) jvpen: 1.000000000000 10.864 losscale:1.00000
Epoch: [0][20/167]  lr: 0.0003  Time: 1.484 (itavg:1.565) (2.008)  Data: 0.059 (0.093) Loss: 1.14864111 (1.15189412) (1.14956240)  bal_acc: 29.44444 (32.64550) preci: 0.29444 (0.32646) rec: 0.29444 (0.32646)  f1: 0.29444 (0.32646) jvpen: 1.000000000000 31.301 losscale:1.00000
Epoch: [0][40/167]  lr: 0.0003  Time: 1.493 (itavg:1.497) (1.759)  Data: 0.043 (0.078) Loss: 1.10568666 (1.11927447) (1.13478780)  bal_acc: 32.22222 (32.99458) preci: 0.32222 (0.32995) rec: 0.32222 (0.32995)  f1: 0.32222 (0.32995) jvpen: 1.000000000000 29.946 losscale:1.00000
Epoch: [0][60/167]  lr: 0.0003  Time: 1.487 (itavg:1.497) (1.673)  Data: 0.051 (0.072) Loss: 1.10210752 (1.10204253) (1.12405165)  bal_acc: 32.22222 (33.38798) preci: 0.32222 (0.33388) rec: 0.32222 (0.33388)  f1: 0.32222 (0.33388) jvpen: 1.000000000000 29.941 losscale:1.00000
Epoch: [0][80/167]  lr: 0.0003  Time: 1.490 (itavg:1.498) (1.630)  Data: 0.063 (0.068) Loss: 1.10045600 (1.10000488) (1.11811417)  bal_acc: 30.00000 (33.07270) preci: 0.30000 (0.33073) rec: 0.30000 (0.33073)  f1: 0.30000 (0.33073) jvpen: 1.000000000000 29.954 losscale:1.00000
Epoch: [0][100/167]  lr: 0.0003  Time: 1.482 (itavg:1.499) (1.604)  Data: 0.057 (0.065) Loss: 1.10434461 (1.09926730) (1.11438212)  bal_acc: 28.88889 (32.81078) preci: 0.28889 (0.32811) rec: 0.28889 (0.32811)  f1: 0.28889 (0.32811) jvpen: 1.000000000000 29.989 losscale:1.00000
Epoch: [0][120/167]  lr: 0.0003  Time: 1.504 (itavg:1.503) (1.587)  Data: 0.050 (0.064) Loss: 1.09703553 (1.09878900) (1.11180474)  bal_acc: 36.66667 (32.74564) preci: 0.36667 (0.32746) rec: 0.36667 (0.32746)  f1: 0.36667 (0.32746) jvpen: 1.000000000000 30.060 losscale:1.00000
Epoch: [0][140/167]  lr: 0.0003  Time: 1.493 (itavg:1.501) (1.575)  Data: 0.041 (0.063) Loss: 1.10264587 (1.09835103) (1.10989641)  bal_acc: 32.22222 (32.97478) preci: 0.32222 (0.32975) rec: 0.32222 (0.32975)  f1: 0.32222 (0.32975) jvpen: 1.000000000000 30.022 losscale:1.00000
Epoch: [0][160/167]  lr: 0.0003  Time: 1.469 (itavg:1.496) (1.565)  Data: 0.022 (0.061) Loss: 1.09638929 (1.09923917) (1.10857253)  bal_acc: 38.33334 (33.05038) preci: 0.38333 (0.33050) rec: 0.38333 (0.33050)  f1: 0.38333 (0.33050) jvpen: 1.000000000000 29.915 losscale:1.00000
0
Test: [0/167]	 Time: 1.231	 Loss: 1.10340559 ( 1.10340559)	Bal_acc: 27.22222137 preci: 0.27222 (0.27222) rec: 0.27222(0.27222) f1: 0.27222 (0.27222)
Test: [3600/167]	 Time: 0.758	 Loss: 1.09808946 ( 1.09857079)	Bal_acc: 34.15344020 preci: 0.35000 (0.34153) rec: 0.35000(0.34153) f1: 0.35000 (0.34153)
Test: [7200/167]	 Time: 0.745	 Loss: 1.09960306 ( 1.09855280)	Bal_acc: 34.20054301 preci: 0.32778 (0.34201) rec: 0.32778(0.34201) f1: 0.32778 (0.34201)
Test: [10800/167]	 Time: 0.739	 Loss: 1.09552252 ( 1.09865564)	Bal_acc: 34.04371674 preci: 0.38333 (0.34044) rec: 0.38333(0.34044) f1: 0.38333 (0.34044)
Test: [14400/167]	 Time: 0.736	 Loss: 1.09513772 ( 1.09891240)	Bal_acc: 33.68312852 preci: 0.39444 (0.33683) rec: 0.39444(0.33683) f1: 0.39444 (0.33683)
Test: [18000/167]	 Time: 0.735	 Loss: 1.09677494 ( 1.09907987)	Bal_acc: 33.43784470 preci: 0.36667 (0.33438) rec: 0.36667(0.33438) f1: 0.36667 (0.33438)
Test: [21600/167]	 Time: 0.734	 Loss: 1.10093772 ( 1.09909757)	Bal_acc: 33.42057023 preci: 0.30556 (0.33421) rec: 0.30556(0.33421) f1: 0.30556 (0.33421)
Test: [25200/167]	 Time: 0.733	 Loss: 1.10244000 ( 1.09903858)	Bal_acc: 33.51457934 preci: 0.28889 (0.33515) rec: 0.28889(0.33515) f1: 0.28889 (0.33515)
Test: [28800/167]	 Time: 0.732	 Loss: 1.09799945 ( 1.09918314)	Bal_acc: 33.31608097 preci: 0.35000 (0.33316) rec: 0.35000(0.33316) f1: 0.35000 (0.33316)
val f 0.3333333578095379 val loss 1.09917250024267 val acc 33.333334244877456
Epoch: [1][0/167]  lr: 0.0003  Time: 1.997 (itavg:1.997) (1.997)  Data: 0.562 (0.562) Loss: 1.09952736 (1.09952736) (1.09952736)  bal_acc: 32.77778 (32.77778) preci: 0.32778 (0.32778) rec: 0.32778 (0.32778)  f1: 0.32778 (0.32778) jvpen: 1.000000000000 1.997 losscale:1.00000
Epoch: [1][20/167]  lr: 0.0003  Time: 1.498 (itavg:1.503) (1.527)  Data: 0.050 (0.089) Loss: 1.09860182 (1.09885819) (1.09889005)  bal_acc: 32.22222 (33.67725) preci: 0.32222 (0.33677) rec: 0.32222 (0.33677)  f1: 0.32222 (0.33677) jvpen: 1.000000000000 30.063 losscale:1.00000
Epoch: [1][40/167]  lr: 0.0003  Time: 1.496 (itavg:1.499) (1.513)  Data: 0.045 (0.073) Loss: 1.09947538 (1.09876196) (1.09882757)  bal_acc: 32.77778 (33.52304) preci: 0.32778 (0.33523) rec: 0.32778 (0.33523)  f1: 0.32778 (0.33523) jvpen: 1.000000000000 29.988 losscale:1.00000
Epoch: [1][60/167]  lr: 0.0003  Time: 1.485 (itavg:1.495) (1.507)  Data: 0.059 (0.067) Loss: 1.09858692 (1.09889421) (1.09884942)  bal_acc: 32.77778 (33.69763) preci: 0.32778 (0.33698) rec: 0.32778 (0.33698)  f1: 0.32778 (0.33698) jvpen: 1.000000000000 29.895 losscale:1.00000
Epoch: [1][80/167]  lr: 0.0003  Time: 1.500 (itavg:1.504) (1.506)  Data: 0.047 (0.065) Loss: 1.09950447 (1.09865206) (1.09880069)  bal_acc: 27.22222 (33.69685) preci: 0.27222 (0.33697) rec: 0.27222 (0.33697)  f1: 0.27222 (0.33697) jvpen: 1.000000000000 30.071 losscale:1.00000
Epoch: [1][100/167]  lr: 0.0003  Time: 1.487 (itavg:1.497) (1.505)  Data: 0.038 (0.063) Loss: 1.09913588 (1.09878185) (1.09879696)  bal_acc: 31.66667 (33.42684) preci: 0.31667 (0.33427) rec: 0.31667 (0.33427)  f1: 0.31667 (0.33427) jvpen: 1.000000000000 29.944 losscale:1.00000
Epoch: [1][120/167]  lr: 0.0003  Time: 1.507 (itavg:1.499) (1.504)  Data: 0.042 (0.061) Loss: 1.09547591 (1.09923857) (1.09886995)  bal_acc: 42.22222 (33.36547) preci: 0.42222 (0.33365) rec: 0.42222 (0.33365)  f1: 0.42222 (0.33365) jvpen: 1.000000000000 29.987 losscale:1.00000
Epoch: [1][140/167]  lr: 0.0003  Time: 1.493 (itavg:1.501) (1.503)  Data: 0.060 (0.061) Loss: 1.09795594 (1.09858341) (1.09882931)  bal_acc: 33.33334 (33.37274) preci: 0.33333 (0.33373) rec: 0.33333 (0.33373)  f1: 0.33333 (0.33373) jvpen: 1.000000000000 30.023 losscale:1.00000
Epoch: [1][160/167]  lr: 0.0003  Time: 1.482 (itavg:1.499) (1.503)  Data: 0.021 (0.060) Loss: 1.10042262 (1.09880501) (1.09882629)  bal_acc: 25.00000 (33.40235) preci: 0.25000 (0.33402) rec: 0.25000 (0.33402)  f1: 0.25000 (0.33402) jvpen: 1.000000000000 29.975 losscale:1.00000
1
Test: [0/167]	 Time: 1.233	 Loss: 1.09894621 ( 1.09894621)	Bal_acc: 31.11111259 preci: 0.31111 (0.31111) rec: 0.31111(0.31111) f1: 0.31111 (0.31111)
Test: [3600/167]	 Time: 0.750	 Loss: 1.09837294 ( 1.09851422)	Bal_acc: 34.41799100 preci: 0.34444 (0.34418) rec: 0.34444(0.34418) f1: 0.34444 (0.34418)
Test: [7200/167]	 Time: 0.741	 Loss: 1.09871984 ( 1.09852337)	Bal_acc: 34.43089555 preci: 0.33333 (0.34431) rec: 0.33333(0.34431) f1: 0.33333 (0.34431)
Test: [10800/167]	 Time: 0.737	 Loss: 1.09842348 ( 1.09855969)	Bal_acc: 34.03460953 preci: 0.36667 (0.34035) rec: 0.36667(0.34035) f1: 0.36667 (0.34035)
Test: [14400/167]	 Time: 0.735	 Loss: 1.09773123 ( 1.09858946)	Bal_acc: 33.74485708 preci: 0.40556 (0.33745) rec: 0.40556(0.33745) f1: 0.40556 (0.33745)
Test: [18000/167]	 Time: 0.734	 Loss: 1.09840441 ( 1.09862945)	Bal_acc: 33.36633775 preci: 0.36111 (0.33366) rec: 0.36111(0.33366) f1: 0.36111 (0.33366)
Test: [21600/167]	 Time: 0.733	 Loss: 1.09850383 ( 1.09862422)	Bal_acc: 33.44352727 preci: 0.36667 (0.33444) rec: 0.36667(0.33444) f1: 0.36667 (0.33444)
Test: [25200/167]	 Time: 0.732	 Loss: 1.09904158 ( 1.09861325)	Bal_acc: 33.52245976 preci: 0.31111 (0.33522) rec: 0.31111(0.33522) f1: 0.31111 (0.33522)
Test: [28800/167]	 Time: 0.731	 Loss: 1.09840226 ( 1.09862756)	Bal_acc: 33.29192659 preci: 0.36667 (0.33292) rec: 0.36667(0.33292) f1: 0.36667 (0.33292)
val f 0.3332998921354133 val loss 1.0986233209989158 val acc 33.32998775574098
EarlyStopping counter: 1 out of 50
Epoch: [2][0/167]  lr: 0.0003  Time: 2.029 (itavg:2.029) (2.029)  Data: 0.569 (0.569) Loss: 1.09925556 (1.09925556) (1.09925556)  bal_acc: 26.11111 (26.11111) preci: 0.26111 (0.26111) rec: 0.26111 (0.26111)  f1: 0.26111 (0.26111) jvpen: 1.000000000000 2.029 losscale:1.00000
Epoch: [2][20/167]  lr: 0.0003  Time: 1.497 (itavg:1.505) (1.530)  Data: 0.064 (0.091) Loss: 1.10007179 (1.09881306) (1.09883413)  bal_acc: 31.66667 (33.75661) preci: 0.31667 (0.33757) rec: 0.31667 (0.33757)  f1: 0.31667 (0.33757) jvpen: 1.000000000000 30.101 losscale:1.00000
Epoch: [2][40/167]  lr: 0.0003  Time: 1.506 (itavg:1.500) (1.516)  Data: 0.058 (0.077) Loss: 1.10028255 (1.09872034) (1.09877863)  bal_acc: 33.88889 (33.44174) preci: 0.33889 (0.33442) rec: 0.33889 (0.33442)  f1: 0.33889 (0.33442) jvpen: 1.000000000000 30.008 losscale:1.00000
Epoch: [2][60/167]  lr: 0.0003  Time: 1.496 (itavg:1.502) (1.511)  Data: 0.060 (0.070) Loss: 1.10073793 (1.09910557) (1.09888582)  bal_acc: 31.66667 (33.41530) preci: 0.31667 (0.33415) rec: 0.31667 (0.33415)  f1: 0.31667 (0.33415) jvpen: 1.000000000000 30.049 losscale:1.00000
Epoch: [2][80/167]  lr: 0.0003  Time: 1.496 (itavg:1.499) (1.508)  Data: 0.042 (0.067) Loss: 1.09955204 (1.09901344) (1.09891733)  bal_acc: 31.11111 (33.42250) preci: 0.31111 (0.33422) rec: 0.31111 (0.33422)  f1: 0.31111 (0.33422) jvpen: 1.000000000000 29.971 losscale:1.00000
Epoch: [2][100/167]  lr: 0.0003  Time: 1.495 (itavg:1.501) (1.507)  Data: 0.048 (0.064) Loss: 1.09677470 (1.09835115) (1.09880522)  bal_acc: 36.11111 (33.50935) preci: 0.36111 (0.33509) rec: 0.36111 (0.33509)  f1: 0.36111 (0.33509) jvpen: 1.000000000000 30.024 losscale:1.00000
Epoch: [2][120/167]  lr: 0.0003  Time: 1.486 (itavg:1.499) (1.505)  Data: 0.058 (0.063) Loss: 1.09648764 (1.09870005) (1.09878783)  bal_acc: 36.11111 (33.50781) preci: 0.36111 (0.33508) rec: 0.36111 (0.33508)  f1: 0.36111 (0.33508) jvpen: 1.000000000000 29.979 losscale:1.00000
Epoch: [2][140/167]  lr: 0.0003  Time: 1.496 (itavg:1.502) (1.505)  Data: 0.043 (0.062) Loss: 1.09932184 (1.09873300) (1.09878006)  bal_acc: 32.22222 (33.41214) preci: 0.32222 (0.33412) rec: 0.32222 (0.33412)  f1: 0.32222 (0.33412) jvpen: 1.000000000000 30.036 losscale:1.00000
Epoch: [2][160/167]  lr: 0.0003  Time: 1.485 (itavg:1.497) (1.504)  Data: 0.021 (0.061) Loss: 1.09649265 (1.09900863) (1.09880845)  bal_acc: 39.44445 (33.37819) preci: 0.39444 (0.33378) rec: 0.39444 (0.33378)  f1: 0.39444 (0.33378) jvpen: 1.000000000000 29.937 losscale:1.00000
2
Test: [0/167]	 Time: 1.231	 Loss: 1.09999013 ( 1.09999013)	Bal_acc: 31.66666603 preci: 0.31667 (0.31667) rec: 0.31667(0.31667) f1: 0.31667 (0.31667)
Test: [3600/167]	 Time: 0.764	 Loss: 1.09939504 ( 1.09824523)	Bal_acc: 34.60317584 preci: 0.32778 (0.34603) rec: 0.32778(0.34603) f1: 0.32778 (0.34603)
Test: [7200/167]	 Time: 0.749	 Loss: 1.10121322 ( 1.09857517)	Bal_acc: 34.05149167 preci: 0.29444 (0.34051) rec: 0.29444(0.34051) f1: 0.29444 (0.34051)
Test: [10800/167]	 Time: 0.742	 Loss: 1.10090327 ( 1.09859001)	Bal_acc: 34.02550200 preci: 0.30000 (0.34026) rec: 0.30000(0.34026) f1: 0.30000 (0.34026)
Test: [14400/167]	 Time: 0.740	 Loss: 1.09670818 ( 1.09890952)	Bal_acc: 33.49108475 preci: 0.37222 (0.33491) rec: 0.37222(0.33491) f1: 0.37222 (0.33491)
Test: [18000/167]	 Time: 0.740	 Loss: 1.09967589 ( 1.09895803)	Bal_acc: 33.40484156 preci: 0.32222 (0.33405) rec: 0.32222(0.33405) f1: 0.32222 (0.33405)
Test: [21600/167]	 Time: 0.738	 Loss: 1.09608853 ( 1.09886784)	Bal_acc: 33.55831153 preci: 0.38333 (0.33558) rec: 0.38333(0.33558) f1: 0.38333 (0.33558)
Test: [25200/167]	 Time: 0.738	 Loss: 1.10030556 ( 1.09890177)	Bal_acc: 33.50275919 preci: 0.31111 (0.33503) rec: 0.31111(0.33503) f1: 0.31111 (0.33503)
Test: [28800/167]	 Time: 0.736	 Loss: 1.10063660 ( 1.09897254)	Bal_acc: 33.38854490 preci: 0.30556 (0.33389) rec: 0.30556(0.33389) f1: 0.30556 (0.33389)
val f 0.33309908543365546 val loss 1.0990204502301044 val acc 33.30990736168551
EarlyStopping counter: 2 out of 50
Epoch: [3][0/167]  lr: 0.0003  Time: 2.020 (itavg:2.020) (2.020)  Data: 0.568 (0.568) Loss: 1.10002077 (1.10002077) (1.10002077)  bal_acc: 31.66667 (31.66667) preci: 0.31667 (0.31667) rec: 0.31667 (0.31667)  f1: 0.31667 (0.31667) jvpen: 1.000000000000 2.020 losscale:1.00000
Epoch: [3][20/167]  lr: 0.0003  Time: 1.487 (itavg:1.505) (1.530)  Data: 0.047 (0.094) Loss: 1.09911835 (1.09874218) (1.09880306)  bal_acc: 28.33333 (33.25397) preci: 0.28333 (0.33254) rec: 0.28333 (0.33254)  f1: 0.28333 (0.33254) jvpen: 1.000000000000 30.107 losscale:1.00000
Epoch: [3][40/167]  lr: 0.0003  Time: 1.498 (itavg:1.501) (1.516)  Data: 0.054 (0.075) Loss: 1.09872770 (1.09873526) (1.09876999)  bal_acc: 33.88889 (33.27913) preci: 0.33889 (0.33279) rec: 0.33889 (0.33279)  f1: 0.33889 (0.33279) jvpen: 1.000000000000 30.029 losscale:1.00000
Epoch: [3][60/167]  lr: 0.0003  Time: 1.490 (itavg:1.498) (1.510)  Data: 0.053 (0.070) Loss: 1.09899962 (1.09869011) (1.09874380)  bal_acc: 30.55556 (33.39709) preci: 0.30556 (0.33397) rec: 0.30556 (0.33397)  f1: 0.30556 (0.33397) jvpen: 1.000000000000 29.953 losscale:1.00000
Epoch: [3][80/167]  lr: 0.0003  Time: 1.498 (itavg:1.502) (1.508)  Data: 0.043 (0.068) Loss: 1.09999299 (1.09860274) (1.09870897)  bal_acc: 28.33333 (33.47051) preci: 0.28333 (0.33471) rec: 0.28333 (0.33471)  f1: 0.28333 (0.33471) jvpen: 1.000000000000 30.043 losscale:1.00000
Epoch: [3][100/167]  lr: 0.0003  Time: 1.496 (itavg:1.499) (1.506)  Data: 0.041 (0.065) Loss: 1.10102618 (1.09874465) (1.09871604)  bal_acc: 30.00000 (33.42684) preci: 0.30000 (0.33427) rec: 0.30000 (0.33427)  f1: 0.30000 (0.33427) jvpen: 1.000000000000 29.988 losscale:1.00000
Epoch: [3][120/167]  lr: 0.0003  Time: 1.497 (itavg:1.498) (1.505)  Data: 0.051 (0.063) Loss: 1.09875131 (1.09893889) (1.09875287)  bal_acc: 28.33333 (33.24610) preci: 0.28333 (0.33246) rec: 0.28333 (0.33246)  f1: 0.28333 (0.33246) jvpen: 1.000000000000 29.965 losscale:1.00000
Epoch: [3][140/167]  lr: 0.0003  Time: 1.500 (itavg:1.500) (1.504)  Data: 0.050 (0.062) Loss: 1.09744394 (1.09850647) (1.09871792)  bal_acc: 31.66667 (33.30575) preci: 0.31667 (0.33306) rec: 0.31667 (0.33306)  f1: 0.31667 (0.33306) jvpen: 1.000000000000 30.001 losscale:1.00000
Epoch: [3][160/167]  lr: 0.0003  Time: 1.482 (itavg:1.499) (1.504)  Data: 0.021 (0.061) Loss: 1.09997666 (1.09901673) (1.09875504)  bal_acc: 27.77778 (33.29883) preci: 0.27778 (0.33299) rec: 0.27778 (0.33299)  f1: 0.27778 (0.33299) jvpen: 1.000000000000 29.972 losscale:1.00000
3
Test: [0/167]	 Time: 1.235	 Loss: 1.09886062 ( 1.09886062)	Bal_acc: 27.77777863 preci: 0.27778 (0.27778) rec: 0.27778(0.27778) f1: 0.27778 (0.27778)
Test: [3600/167]	 Time: 0.757	 Loss: 1.09856355 ( 1.09857261)	Bal_acc: 34.15344066 preci: 0.34444 (0.34153) rec: 0.34444(0.34153) f1: 0.34444 (0.34153)
Test: [7200/167]	 Time: 0.743	 Loss: 1.09868777 ( 1.09858418)	Bal_acc: 33.92954073 preci: 0.32222 (0.33930) rec: 0.32222(0.33930) f1: 0.32222 (0.33930)
Test: [10800/167]	 Time: 0.737	 Loss: 1.09862900 ( 1.09858326)	Bal_acc: 33.97996477 preci: 0.33333 (0.33980) rec: 0.33333(0.33980) f1: 0.33333 (0.33980)
Test: [14400/167]	 Time: 0.735	 Loss: 1.09840226 ( 1.09860276)	Bal_acc: 33.56653065 preci: 0.37778 (0.33567) rec: 0.37778(0.33567) f1: 0.37778 (0.33567)
Test: [18000/167]	 Time: 0.734	 Loss: 1.09856987 ( 1.09861146)	Bal_acc: 33.38283939 preci: 0.34444 (0.33383) rec: 0.34444(0.33383) f1: 0.34444 (0.33383)
Test: [21600/167]	 Time: 0.733	 Loss: 1.09863794 ( 1.09860872)	Bal_acc: 33.45271003 preci: 0.33333 (0.33453) rec: 0.33333(0.33453) f1: 0.33333 (0.33453)
Test: [25200/167]	 Time: 0.732	 Loss: 1.09878755 ( 1.09860592)	Bal_acc: 33.51457946 preci: 0.29444 (0.33515) rec: 0.29444(0.33515) f1: 0.29444 (0.33515)
Test: [28800/167]	 Time: 0.731	 Loss: 1.09853768 ( 1.09861775)	Bal_acc: 33.25396930 preci: 0.34444 (0.33254) rec: 0.34444(0.33254) f1: 0.34444 (0.33254)
val f 0.3330321528286819 val loss 1.0986154086618538 val acc 33.303213935300526
EarlyStopping counter: 3 out of 50
Epoch: [4][0/167]  lr: 0.0003  Time: 2.012 (itavg:2.012) (2.012)  Data: 0.567 (0.567) Loss: 1.09820330 (1.09820330) (1.09820330)  bal_acc: 42.22222 (42.22222) preci: 0.42222 (0.42222) rec: 0.42222 (0.42222)  f1: 0.42222 (0.42222) jvpen: 1.000000000000 2.012 losscale:1.00000
Epoch: [4][20/167]  lr: 0.0003  Time: 1.491 (itavg:1.502) (1.526)  Data: 0.055 (0.092) Loss: 1.09859037 (1.09883056) (1.09880069)  bal_acc: 33.88889 (34.28572) preci: 0.33889 (0.34286) rec: 0.33889 (0.34286)  f1: 0.33889 (0.34286) jvpen: 1.000000000000 30.038 losscale:1.00000
Epoch: [4][40/167]  lr: 0.0003  Time: 1.492 (itavg:1.496) (1.512)  Data: 0.044 (0.073) Loss: 1.09799385 (1.09872844) (1.09876544)  bal_acc: 36.11111 (33.79404) preci: 0.36111 (0.33794) rec: 0.36111 (0.33794)  f1: 0.36111 (0.33794) jvpen: 1.000000000000 29.924 losscale:1.00000
