## SLURM PROLOG ###############################################################
##    Job ID : 3737896
##  Job Name : color_CNN
##  Nodelist : gpu2005
##      CPUs : 1
##  Mem/Node : 30720 MB
## Directory : /gpfs/data/tserre/aarjun1/pathtracker/mot/InT-Models-main
##   Started : Sun Jan  2 06:05:46 EST 2022
###############################################################################
Tensorflow version 2.7.0
Failed to import slowfast.
Failed to import spatial sampler.
Found dataset: /users/aarjun1/scratch/pathtracker_data/mot/tfrecords/
Loading training dataset
Loading validation dataset
Init model ffhgru full bptt penalty:  False
107582
Loading parallel finished on GPU count: 4
Including parameters ['module.bn.weight', 'module.bn.bias', 'module.preproc.weight', 'module.preproc.bias', 'module.unit1.w_exc', 'module.unit1.w_inh', 'module.unit1.alpha', 'module.unit1.mu', 'module.unit1.gamma', 'module.unit1.kappa', 'module.unit1.w', 'module.unit1.a_w_gate.weight', 'module.unit1.a_w_gate.bias', 'module.unit1.a_u_gate.weight', 'module.unit1.a_u_gate.bias', 'module.unit1.i_w_gate.weight', 'module.unit1.i_w_gate.bias', 'module.unit1.i_u_gate.weight', 'module.unit1.i_u_gate.bias', 'module.unit1.e_w_gate.weight', 'module.unit1.e_w_gate.bias', 'module.unit1.e_u_gate.weight', 'module.unit1.e_u_gate.bias', 'module.unit1.bn.0.weight', 'module.unit1.bn.0.bias', 'module.unit1.bn.1.weight', 'module.unit1.bn.1.bias', 'module.readout_conv.weight', 'module.readout_conv.bias', 'module.target_conv.weight', 'module.target_conv.bias', 'module.readout_dense.weight', 'module.readout_dense.bias']
Epoch: [0][0/167]  lr: 3e-05  Time: 10.923 (itavg:10.923) (10.923)  Data: 0.586 (0.586) Loss: 1.11007178 (1.11007178) (1.11007178)  bal_acc: 34.44445 (34.44445) preci: 0.34444 (0.34444) rec: 0.34444 (0.34444)  f1: 0.34444 (0.34444) jvpen: 1.000000000000 10.923 losscale:1.00000
Epoch: [0][20/167]  lr: 3e-05  Time: 1.479 (itavg:1.560) (2.006)  Data: 0.050 (0.088) Loss: 1.10635769 (1.10598783) (1.10618230)  bal_acc: 30.55556 (32.80423) preci: 0.30556 (0.32804) rec: 0.30556 (0.32804)  f1: 0.30556 (0.32804) jvpen: 1.000000000000 31.202 losscale:1.00000
Epoch: [0][40/167]  lr: 3e-05  Time: 1.486 (itavg:1.495) (1.757)  Data: 0.060 (0.075) Loss: 1.11327934 (1.10476954) (1.10549315)  bal_acc: 27.77778 (33.02168) preci: 0.27778 (0.33022) rec: 0.27778 (0.33022)  f1: 0.27778 (0.33022) jvpen: 1.000000000000 29.898 losscale:1.00000
Epoch: [0][60/167]  lr: 3e-05  Time: 1.484 (itavg:1.496) (1.671)  Data: 0.051 (0.070) Loss: 1.09889197 (1.10233907) (1.10445903)  bal_acc: 35.00000 (33.37887) preci: 0.35000 (0.33379) rec: 0.35000 (0.33379)  f1: 0.35000 (0.33379) jvpen: 1.000000000000 29.928 losscale:1.00000
Epoch: [0][80/167]  lr: 3e-05  Time: 1.481 (itavg:1.495) (1.628)  Data: 0.059 (0.067) Loss: 1.10516369 (1.10211000) (1.10387902)  bal_acc: 32.22222 (33.47737) preci: 0.32222 (0.33477) rec: 0.32222 (0.33477)  f1: 0.32222 (0.33477) jvpen: 1.000000000000 29.891 losscale:1.00000
Epoch: [0][100/167]  lr: 3e-05  Time: 1.491 (itavg:1.497) (1.602)  Data: 0.047 (0.064) Loss: 1.08660460 (1.10282052) (1.10366942)  bal_acc: 41.66667 (33.40484) preci: 0.41667 (0.33405) rec: 0.41667 (0.33405)  f1: 0.41667 (0.33405) jvpen: 1.000000000000 29.945 losscale:1.00000
Epoch: [0][120/167]  lr: 3e-05  Time: 1.485 (itavg:1.493) (1.584)  Data: 0.062 (0.063) Loss: 1.09823585 (1.10372456) (1.10367853)  bal_acc: 35.55556 (33.26446) preci: 0.35556 (0.33264) rec: 0.35556 (0.33264)  f1: 0.35556 (0.33264) jvpen: 1.000000000000 29.851 losscale:1.00000
Epoch: [0][140/167]  lr: 3e-05  Time: 1.491 (itavg:1.497) (1.571)  Data: 0.049 (0.062) Loss: 1.09130991 (1.10079781) (1.10326992)  bal_acc: 39.44445 (33.35303) preci: 0.39444 (0.33353) rec: 0.39444 (0.33353)  f1: 0.39444 (0.33353) jvpen: 1.000000000000 29.943 losscale:1.00000
Epoch: [0][160/167]  lr: 3e-05  Time: 1.483 (itavg:1.495) (1.562)  Data: 0.021 (0.060) Loss: 1.10338485 (1.10218391) (1.10313501)  bal_acc: 32.22222 (33.34024) preci: 0.32222 (0.33340) rec: 0.32222 (0.33340)  f1: 0.32222 (0.33340) jvpen: 1.000000000000 29.895 losscale:1.00000
0
Test: [0/167]	 Time: 1.237	 Loss: 1.09791315 ( 1.09791315)	Bal_acc: 35.55555725 preci: 0.35556 (0.35556) rec: 0.35556(0.35556) f1: 0.35556 (0.35556)
Test: [3600/167]	 Time: 0.752	 Loss: 1.10429287 ( 1.10225356)	Bal_acc: 32.96296392 preci: 0.31667 (0.32963) rec: 0.31667(0.32963) f1: 0.31667 (0.32963)
Test: [7200/167]	 Time: 0.739	 Loss: 1.10067987 ( 1.10179780)	Bal_acc: 33.23848366 preci: 0.33889 (0.33238) rec: 0.33889(0.33238) f1: 0.33889 (0.33238)
Test: [10800/167]	 Time: 0.736	 Loss: 1.09276235 ( 1.10180662)	Bal_acc: 33.23315217 preci: 0.38889 (0.33233) rec: 0.38889(0.33233) f1: 0.38889 (0.33233)
Test: [14400/167]	 Time: 0.734	 Loss: 1.10520601 ( 1.10155553)	Bal_acc: 33.37448659 preci: 0.31111 (0.33374) rec: 0.31111(0.33374) f1: 0.31111 (0.33374)
Test: [18000/167]	 Time: 0.733	 Loss: 1.08722734 ( 1.10112988)	Bal_acc: 33.63036411 preci: 0.42222 (0.33630) rec: 0.42222(0.33630) f1: 0.42222 (0.33630)
Test: [21600/167]	 Time: 0.732	 Loss: 1.10265517 ( 1.10136847)	Bal_acc: 33.48944092 preci: 0.32778 (0.33489) rec: 0.32778(0.33489) f1: 0.32778 (0.33489)
Test: [25200/167]	 Time: 0.732	 Loss: 1.09685743 ( 1.10152400)	Bal_acc: 33.38849598 preci: 0.36111 (0.33388) rec: 0.36111(0.33388) f1: 0.36111 (0.33388)
Test: [28800/167]	 Time: 0.732	 Loss: 1.10222876 ( 1.10144838)	Bal_acc: 33.42650216 preci: 0.32778 (0.33427) rec: 0.32778(0.33427) f1: 0.32778 (0.33427)
val f 0.333634563418756 val loss 1.1015508993562446 val acc 33.36345494511616
Epoch: [1][0/167]  lr: 3e-05  Time: 1.997 (itavg:1.997) (1.997)  Data: 0.565 (0.565) Loss: 1.09987223 (1.09987223) (1.09987223)  bal_acc: 34.44445 (34.44445) preci: 0.34444 (0.34444) rec: 0.34444 (0.34444)  f1: 0.34444 (0.34444) jvpen: 1.000000000000 1.997 losscale:1.00000
Epoch: [1][20/167]  lr: 3e-05  Time: 1.492 (itavg:1.505) (1.528)  Data: 0.062 (0.094) Loss: 1.11529672 (1.10268973) (1.10255556)  bal_acc: 24.44444 (32.64550) preci: 0.24444 (0.32646) rec: 0.24444 (0.32646)  f1: 0.24444 (0.32646) jvpen: 1.000000000000 30.098 losscale:1.00000
Epoch: [1][40/167]  lr: 3e-05  Time: 1.484 (itavg:1.495) (1.512)  Data: 0.045 (0.076) Loss: 1.10085964 (1.09998006) (1.10129922)  bal_acc: 33.88889 (33.33333) preci: 0.33889 (0.33333) rec: 0.33889 (0.33333)  f1: 0.33889 (0.33333) jvpen: 1.000000000000 29.900 losscale:1.00000
Epoch: [1][60/167]  lr: 3e-05  Time: 1.503 (itavg:1.497) (1.507)  Data: 0.061 (0.069) Loss: 1.09383464 (1.10059350) (1.10106783)  bal_acc: 37.22223 (33.36976) preci: 0.37222 (0.33370) rec: 0.37222 (0.33370)  f1: 0.37222 (0.33370) jvpen: 1.000000000000 29.950 losscale:1.00000
Epoch: [1][80/167]  lr: 3e-05  Time: 1.483 (itavg:1.501) (1.506)  Data: 0.045 (0.067) Loss: 1.09432566 (1.10058401) (1.10094837)  bal_acc: 36.66667 (33.39506) preci: 0.36667 (0.33395) rec: 0.36667 (0.33395)  f1: 0.36667 (0.33395) jvpen: 1.000000000000 30.025 losscale:1.00000
Epoch: [1][100/167]  lr: 3e-05  Time: 1.487 (itavg:1.498) (1.504)  Data: 0.042 (0.064) Loss: 1.09501791 (1.10198810) (1.10115426)  bal_acc: 37.22223 (33.27283) preci: 0.37222 (0.33273) rec: 0.37222 (0.33273)  f1: 0.37222 (0.33273) jvpen: 1.000000000000 29.958 losscale:1.00000
Epoch: [1][120/167]  lr: 3e-05  Time: 1.493 (itavg:1.496) (1.503)  Data: 0.055 (0.062) Loss: 1.09769225 (1.10053478) (1.10105186)  bal_acc: 35.55556 (33.29660) preci: 0.35556 (0.33297) rec: 0.35556 (0.33297)  f1: 0.35556 (0.33297) jvpen: 1.000000000000 29.923 losscale:1.00000
Epoch: [1][140/167]  lr: 3e-05  Time: 1.506 (itavg:1.497) (1.502)  Data: 0.053 (0.061) Loss: 1.09552383 (1.09992546) (1.10089209)  bal_acc: 37.22223 (33.36092) preci: 0.37222 (0.33361) rec: 0.37222 (0.33361)  f1: 0.37222 (0.33361) jvpen: 1.000000000000 29.947 losscale:1.00000
Epoch: [1][160/167]  lr: 3e-05  Time: 1.477 (itavg:1.497) (1.502)  Data: 0.022 (0.061) Loss: 1.10086048 (1.10062978) (1.10085951)  bal_acc: 32.77778 (33.32298) preci: 0.32778 (0.33323) rec: 0.32778 (0.33323)  f1: 0.32778 (0.33323) jvpen: 1.000000000000 29.949 losscale:1.00000
1
Test: [0/167]	 Time: 1.220	 Loss: 1.10086823 ( 1.10086823)	Bal_acc: 32.77777863 preci: 0.32778 (0.32778) rec: 0.32778(0.32778) f1: 0.32778 (0.32778)
Test: [3600/167]	 Time: 0.753	 Loss: 1.10262895 ( 1.10118533)	Bal_acc: 32.43386314 preci: 0.31111 (0.32434) rec: 0.31111(0.32434) f1: 0.31111 (0.32434)
Test: [7200/167]	 Time: 0.742	 Loss: 1.10144687 ( 1.10023663)	Bal_acc: 33.25203305 preci: 0.32222 (0.33252) rec: 0.32222(0.33252) f1: 0.32222 (0.33252)
Test: [10800/167]	 Time: 0.738	 Loss: 1.09291124 ( 1.10024998)	Bal_acc: 33.24225929 preci: 0.39444 (0.33242) rec: 0.39444(0.33242) f1: 0.39444 (0.33242)
Test: [14400/167]	 Time: 0.735	 Loss: 1.10288811 ( 1.10015866)	Bal_acc: 33.32647536 preci: 0.31111 (0.33326) rec: 0.31111(0.33326) f1: 0.31111 (0.33326)
Test: [18000/167]	 Time: 0.734	 Loss: 1.09302187 ( 1.09980610)	Bal_acc: 33.63036388 preci: 0.39444 (0.33630) rec: 0.39444(0.33630) f1: 0.39444 (0.33630)
Test: [21600/167]	 Time: 0.732	 Loss: 1.10279524 ( 1.10003440)	Bal_acc: 33.43434432 preci: 0.31111 (0.33434) rec: 0.31111(0.33434) f1: 0.31111 (0.33434)
Test: [25200/167]	 Time: 0.732	 Loss: 1.10284960 ( 1.10008970)	Bal_acc: 33.38455565 preci: 0.31111 (0.33385) rec: 0.31111(0.33385) f1: 0.31111 (0.33385)
Test: [28800/167]	 Time: 0.731	 Loss: 1.10288465 ( 1.10016183)	Bal_acc: 33.32988354 preci: 0.31111 (0.33330) rec: 0.31111(0.33330) f1: 0.31111 (0.33330)
val f 0.3335341611001865 val loss 1.100133051355201 val acc 33.35341452403241
EarlyStopping counter: 1 out of 50
Epoch: [2][0/167]  lr: 3e-05  Time: 2.012 (itavg:2.012) (2.012)  Data: 0.565 (0.565) Loss: 1.10016322 (1.10016322) (1.10016322)  bal_acc: 33.33334 (33.33334) preci: 0.33333 (0.33333) rec: 0.33333 (0.33333)  f1: 0.33333 (0.33333) jvpen: 1.000000000000 2.012 losscale:1.00000
Epoch: [2][20/167]  lr: 3e-05  Time: 1.495 (itavg:1.503) (1.527)  Data: 0.040 (0.092) Loss: 1.10747802 (1.10054175) (1.10052372)  bal_acc: 26.66667 (32.91005) preci: 0.26667 (0.32910) rec: 0.26667 (0.32910)  f1: 0.26667 (0.32910) jvpen: 1.000000000000 30.055 losscale:1.00000
Epoch: [2][40/167]  lr: 3e-05  Time: 1.494 (itavg:1.495) (1.511)  Data: 0.041 (0.074) Loss: 1.09642315 (1.09928540) (1.09991966)  bal_acc: 37.77778 (33.34688) preci: 0.37778 (0.33347) rec: 0.37778 (0.33347)  f1: 0.37778 (0.33347) jvpen: 1.000000000000 29.898 losscale:1.00000
Epoch: [2][60/167]  lr: 3e-05  Time: 1.487 (itavg:1.495) (1.506)  Data: 0.051 (0.069) Loss: 1.10179853 (1.10000860) (1.09994882)  bal_acc: 31.11111 (33.26958) preci: 0.31111 (0.33270) rec: 0.31111 (0.33270)  f1: 0.31111 (0.33270) jvpen: 1.000000000000 29.901 losscale:1.00000
Epoch: [2][80/167]  lr: 3e-05  Time: 1.496 (itavg:1.500) (1.505)  Data: 0.053 (0.066) Loss: 1.10583258 (1.09909087) (1.09973698)  bal_acc: 28.33333 (33.42250) preci: 0.28333 (0.33422) rec: 0.28333 (0.33422)  f1: 0.28333 (0.33422) jvpen: 1.000000000000 30.006 losscale:1.00000
Epoch: [2][100/167]  lr: 3e-05  Time: 1.508 (itavg:1.496) (1.503)  Data: 0.042 (0.064) Loss: 1.09855139 (1.10084466) (1.09995633)  bal_acc: 35.00000 (33.25633) preci: 0.35000 (0.33256) rec: 0.35000 (0.33256)  f1: 0.35000 (0.33256) jvpen: 1.000000000000 29.920 losscale:1.00000
Epoch: [2][120/167]  lr: 3e-05  Time: 1.494 (itavg:1.502) (1.503)  Data: 0.057 (0.062) Loss: 1.09365368 (1.09870793) (1.09974998)  bal_acc: 39.44445 (33.41598) preci: 0.39444 (0.33416) rec: 0.39444 (0.33416)  f1: 0.39444 (0.33416) jvpen: 1.000000000000 30.034 losscale:1.00000
Epoch: [2][140/167]  lr: 3e-05  Time: 1.500 (itavg:1.499) (1.502)  Data: 0.043 (0.062) Loss: 1.10174918 (1.09979538) (1.09975642)  bal_acc: 30.55556 (33.36092) preci: 0.30556 (0.33361) rec: 0.30556 (0.33361)  f1: 0.30556 (0.33361) jvpen: 1.000000000000 29.989 losscale:1.00000
Epoch: [2][160/167]  lr: 3e-05  Time: 1.476 (itavg:1.496) (1.502)  Data: 0.022 (0.060) Loss: 1.10330713 (1.09979519) (1.09976124)  bal_acc: 28.33333 (33.30573) preci: 0.28333 (0.33306) rec: 0.28333 (0.33306)  f1: 0.28333 (0.33306) jvpen: 1.000000000000 29.930 losscale:1.00000
2
Test: [0/167]	 Time: 1.226	 Loss: 1.10223985 ( 1.10223985)	Bal_acc: 30.00000191 preci: 0.30000 (0.30000) rec: 0.30000(0.30000) f1: 0.30000 (0.30000)
Test: [3600/167]	 Time: 0.753	 Loss: 1.10076666 ( 1.09997849)	Bal_acc: 32.40740840 preci: 0.31111 (0.32407) rec: 0.31111(0.32407) f1: 0.31111 (0.32407)
Test: [7200/167]	 Time: 0.743	 Loss: 1.09780765 ( 1.09953467)	Bal_acc: 32.99458094 preci: 0.35000 (0.32995) rec: 0.35000(0.32995) f1: 0.35000 (0.32995)
Test: [10800/167]	 Time: 0.737	 Loss: 1.09856045 ( 1.09938698)	Bal_acc: 33.16939989 preci: 0.34444 (0.33169) rec: 0.34444(0.33169) f1: 0.34444 (0.33169)
Test: [14400/167]	 Time: 0.735	 Loss: 1.09347284 ( 1.09925755)	Bal_acc: 33.38134540 preci: 0.40556 (0.33381) rec: 0.40556(0.33381) f1: 0.40556 (0.33381)
Test: [18000/167]	 Time: 0.734	 Loss: 1.09978473 ( 1.09914292)	Bal_acc: 33.53685475 preci: 0.33333 (0.33537) rec: 0.33333(0.33537) f1: 0.33333 (0.33537)
Test: [21600/167]	 Time: 0.733	 Loss: 1.09523201 ( 1.09913252)	Bal_acc: 33.53994598 preci: 0.38333 (0.33540) rec: 0.38333(0.33540) f1: 0.38333 (0.33540)
Test: [25200/167]	 Time: 0.732	 Loss: 1.09749818 ( 1.09924590)	Bal_acc: 33.40819643 preci: 0.36667 (0.33408) rec: 0.36667(0.33408) f1: 0.36667 (0.33408)
Test: [28800/167]	 Time: 0.731	 Loss: 1.09891236 ( 1.09929043)	Bal_acc: 33.37819283 preci: 0.34444 (0.33378) rec: 0.34444(0.33378) f1: 0.34444 (0.33378)
val f 0.33336682572781323 val loss 1.0993188547800823 val acc 33.336681009775184
EarlyStopping counter: 2 out of 50
Epoch: [3][0/167]  lr: 3e-05  Time: 2.035 (itavg:2.035) (2.035)  Data: 0.572 (0.572) Loss: 1.09633911 (1.09633911) (1.09633911)  bal_acc: 37.22223 (37.22223) preci: 0.37222 (0.37222) rec: 0.37222 (0.37222)  f1: 0.37222 (0.37222) jvpen: 1.000000000000 2.035 losscale:1.00000
Epoch: [3][20/167]  lr: 3e-05  Time: 1.498 (itavg:1.507) (1.532)  Data: 0.056 (0.095) Loss: 1.10046554 (1.09959498) (1.09943994)  bal_acc: 32.22222 (33.12169) preci: 0.32222 (0.33122) rec: 0.32222 (0.33122)  f1: 0.32222 (0.33122) jvpen: 1.000000000000 30.145 losscale:1.00000
Epoch: [3][40/167]  lr: 3e-05  Time: 1.485 (itavg:1.497) (1.515)  Data: 0.055 (0.076) Loss: 1.10370290 (1.09894133) (1.09919672)  bal_acc: 26.66667 (33.26558) preci: 0.26667 (0.33266) rec: 0.26667 (0.33266)  f1: 0.26667 (0.33266) jvpen: 1.000000000000 29.947 losscale:1.00000
Epoch: [3][60/167]  lr: 3e-05  Time: 1.494 (itavg:1.496) (1.509)  Data: 0.061 (0.069) Loss: 1.09787118 (1.09962273) (1.09933639)  bal_acc: 36.11111 (33.13297) preci: 0.36111 (0.33133) rec: 0.36111 (0.33133)  f1: 0.36111 (0.33133) jvpen: 1.000000000000 29.921 losscale:1.00000
Epoch: [3][80/167]  lr: 3e-05  Time: 1.497 (itavg:1.499) (1.507)  Data: 0.053 (0.067) Loss: 1.10051155 (1.09814287) (1.09904169)  bal_acc: 32.22222 (33.46365) preci: 0.32222 (0.33464) rec: 0.32222 (0.33464)  f1: 0.32222 (0.33464) jvpen: 1.000000000000 29.987 losscale:1.00000
Epoch: [3][100/167]  lr: 3e-05  Time: 1.486 (itavg:1.500) (1.505)  Data: 0.052 (0.064) Loss: 1.09659040 (1.09990297) (1.09921224)  bal_acc: 37.22223 (33.29483) preci: 0.37222 (0.33295) rec: 0.37222 (0.33295)  f1: 0.37222 (0.33295) jvpen: 1.000000000000 29.999 losscale:1.00000
Epoch: [3][120/167]  lr: 3e-05  Time: 1.489 (itavg:1.498) (1.504)  Data: 0.059 (0.063) Loss: 1.10117435 (1.09869730) (1.09912713)  bal_acc: 30.00000 (33.40221) preci: 0.30000 (0.33402) rec: 0.30000 (0.33402)  f1: 0.30000 (0.33402) jvpen: 1.000000000000 29.959 losscale:1.00000
Epoch: [3][140/167]  lr: 3e-05  Time: 1.496 (itavg:1.500) (1.504)  Data: 0.050 (0.062) Loss: 1.09747636 (1.09889395) (1.09909405)  bal_acc: 35.55556 (33.42002) preci: 0.35556 (0.33420) rec: 0.35556 (0.33420)  f1: 0.35556 (0.33420) jvpen: 1.000000000000 30.003 losscale:1.00000
Epoch: [3][160/167]  lr: 3e-05  Time: 1.487 (itavg:1.499) (1.503)  Data: 0.020 (0.061) Loss: 1.09939587 (1.09939485) (1.09913142)  bal_acc: 32.22222 (33.32988) preci: 0.32222 (0.33330) rec: 0.32222 (0.33330)  f1: 0.32222 (0.33330) jvpen: 1.000000000000 29.978 losscale:1.00000
3
Test: [0/167]	 Time: 1.211	 Loss: 1.09535146 ( 1.09535146)	Bal_acc: 40.00000000 preci: 0.40000 (0.40000) rec: 0.40000(0.40000) f1: 0.40000 (0.40000)
Test: [3600/167]	 Time: 0.756	 Loss: 1.09739017 ( 1.09929663)	Bal_acc: 32.64550318 preci: 0.36111 (0.32646) rec: 0.36111(0.32646) f1: 0.36111 (0.32646)
Test: [7200/167]	 Time: 0.744	 Loss: 1.09659874 ( 1.09891206)	Bal_acc: 33.37398450 preci: 0.37778 (0.33374) rec: 0.37778(0.33374) f1: 0.37778 (0.33374)
Test: [10800/167]	 Time: 0.738	 Loss: 1.09799600 ( 1.09901604)	Bal_acc: 33.17850713 preci: 0.35000 (0.33179) rec: 0.35000(0.33179) f1: 0.35000 (0.33179)
Test: [14400/167]	 Time: 0.736	 Loss: 1.09922564 ( 1.09892757)	Bal_acc: 33.33333413 preci: 0.32778 (0.33333) rec: 0.32778(0.33333) f1: 0.32778 (0.33333)
Test: [18000/167]	 Time: 0.736	 Loss: 1.09744847 ( 1.09879685)	Bal_acc: 33.58085904 preci: 0.36111 (0.33581) rec: 0.36111(0.33581) f1: 0.36111 (0.33581)
Test: [21600/167]	 Time: 0.735	 Loss: 1.09950435 ( 1.09882174)	Bal_acc: 33.53535443 preci: 0.32222 (0.33535) rec: 0.32222(0.33535) f1: 0.32222 (0.33535)
Test: [25200/167]	 Time: 0.734	 Loss: 1.09807277 ( 1.09888230)	Bal_acc: 33.42001661 preci: 0.35000 (0.33420) rec: 0.35000(0.33420) f1: 0.35000 (0.33420)
Test: [28800/167]	 Time: 0.733	 Loss: 1.10006666 ( 1.09892905)	Bal_acc: 33.32643293 preci: 0.31111 (0.33326) rec: 0.31111(0.33326) f1: 0.31111 (0.33326)
val f 0.3333333578993039 val loss 1.0989251775913929 val acc 33.33333427934762
EarlyStopping counter: 3 out of 50
Epoch: [4][0/167]  lr: 3e-05  Time: 2.000 (itavg:2.000) (2.000)  Data: 0.562 (0.562) Loss: 1.09483290 (1.09483290) (1.09483290)  bal_acc: 41.11111 (41.11111) preci: 0.41111 (0.41111) rec: 0.41111 (0.41111)  f1: 0.41111 (0.41111) jvpen: 1.000000000000 2.000 losscale:1.00000
Epoch: [4][20/167]  lr: 3e-05  Time: 1.492 (itavg:1.502) (1.526)  Data: 0.049 (0.092) Loss: 1.09958291 (1.09944820) (1.09922843)  bal_acc: 31.66667 (32.67196) preci: 0.31667 (0.32672) rec: 0.31667 (0.32672)  f1: 0.31667 (0.32672) jvpen: 1.000000000000 30.039 losscale:1.00000
Epoch: [4][40/167]  lr: 3e-05  Time: 1.482 (itavg:1.498) (1.512)  Data: 0.041 (0.074) Loss: 1.09917521 (1.09846475) (1.09885590)  bal_acc: 31.11111 (33.38753) preci: 0.31111 (0.33388) rec: 0.31111 (0.33388)  f1: 0.31111 (0.33388) jvpen: 1.000000000000 29.964 losscale:1.00000
Epoch: [4][60/167]  lr: 3e-05  Time: 1.493 (itavg:1.498) (1.508)  Data: 0.050 (0.069) Loss: 1.09992373 (1.09889111) (1.09886745)  bal_acc: 29.44444 (33.17851) preci: 0.29444 (0.33179) rec: 0.29444 (0.33179)  f1: 0.29444 (0.33179) jvpen: 1.000000000000 29.958 losscale:1.00000
Epoch: [4][80/167]  lr: 3e-05  Time: 1.491 (itavg:1.498) (1.505)  Data: 0.043 (0.066) Loss: 1.09986961 (1.09859341) (1.09879978)  bal_acc: 31.11111 (33.29904) preci: 0.31111 (0.33299) rec: 0.31111 (0.33299)  f1: 0.31111 (0.33299) jvpen: 1.000000000000 29.956 losscale:1.00000
Epoch: [4][100/167]  lr: 3e-05  Time: 1.489 (itavg:1.497) (1.503)  Data: 0.041 (0.063) Loss: 1.10047829 (1.09917673) (1.09887443)  bal_acc: 28.88889 (33.38834) preci: 0.28889 (0.33388) rec: 0.28889 (0.33388)  f1: 0.28889 (0.33388) jvpen: 1.000000000000 29.931 losscale:1.00000
Epoch: [4][120/167]  lr: 3e-05  Time: 1.501 (itavg:1.497) (1.502)  Data: 0.049 (0.061) Loss: 1.09934103 (1.09873111) (1.09885074)  bal_acc: 31.66667 (33.40220) preci: 0.31667 (0.33402) rec: 0.31667 (0.33402)  f1: 0.31667 (0.33402) jvpen: 1.000000000000 29.941 losscale:1.00000
Epoch: [4][140/167]  lr: 3e-05  Time: 1.498 (itavg:1.499) (1.502)  Data: 0.061 (0.061) Loss: 1.09914362 (1.09883647) (1.09884871)  bal_acc: 32.22222 (33.35697) preci: 0.32222 (0.33357) rec: 0.32222 (0.33357)  f1: 0.32222 (0.33357) jvpen: 1.000000000000 29.985 losscale:1.00000
Epoch: [4][160/167]  lr: 3e-05  Time: 1.478 (itavg:1.502) (1.502)  Data: 0.021 (0.060) Loss: 1.09811413 (1.09916622) (1.09888816)  bal_acc: 35.00000 (33.25742) preci: 0.35000 (0.33257) rec: 0.35000 (0.33257)  f1: 0.35000 (0.33257) jvpen: 1.000000000000 30.034 losscale:1.00000
4
Test: [0/167]	 Time: 1.222	 Loss: 1.09976840 ( 1.09976840)	Bal_acc: 30.00000191 preci: 0.30000 (0.30000) rec: 0.30000(0.30000) f1: 0.30000 (0.30000)
Test: [3600/167]	 Time: 0.757	 Loss: 1.09850740 ( 1.09885697)	Bal_acc: 33.04232906 preci: 0.33889 (0.33042) rec: 0.33889(0.33042) f1: 0.33889 (0.33042)
Test: [7200/167]	 Time: 0.743	 Loss: 1.10027766 ( 1.09883355)	Bal_acc: 33.08943181 preci: 0.28333 (0.33089) rec: 0.28333(0.33089) f1: 0.28333 (0.33089)
Test: [10800/167]	 Time: 0.739	 Loss: 1.09731507 ( 1.09882832)	Bal_acc: 33.09654011 preci: 0.37778 (0.33097) rec: 0.37778(0.33097) f1: 0.37778 (0.33097)
Test: [14400/167]	 Time: 0.737	 Loss: 1.09641099 ( 1.09875268)	Bal_acc: 33.30589947 preci: 0.40556 (0.33306) rec: 0.40556(0.33306) f1: 0.40556 (0.33306)
Test: [18000/167]	 Time: 0.736	 Loss: 1.10008168 ( 1.09871012)	Bal_acc: 33.42684359 preci: 0.29444 (0.33427) rec: 0.29444(0.33427) f1: 0.29444 (0.33427)
Test: [21600/167]	 Time: 0.736	 Loss: 1.09919405 ( 1.09869418)	Bal_acc: 33.47107539 preci: 0.32222 (0.33471) rec: 0.32222(0.33471) f1: 0.32222 (0.33471)
Test: [25200/167]	 Time: 0.735	 Loss: 1.09831905 ( 1.09869839)	Bal_acc: 33.45941787 preci: 0.34444 (0.33459) rec: 0.34444(0.33459) f1: 0.34444 (0.33459)
Test: [28800/167]	 Time: 0.734	 Loss: 1.09845161 ( 1.09873668)	Bal_acc: 33.32643300 preci: 0.33889 (0.33326) rec: 0.33889(0.33326) f1: 0.33889 (0.33326)
val f 0.33333335745047377 val loss 1.0987342157995845 val acc 33.33333429083767
EarlyStopping counter: 4 out of 50
Epoch: [5][0/167]  lr: 3e-05  Time: 2.012 (itavg:2.012) (2.012)  Data: 0.564 (0.564) Loss: 1.09923124 (1.09923124) (1.09923124)  bal_acc: 32.22222 (32.22222) preci: 0.32222 (0.32222) rec: 0.32222 (0.32222)  f1: 0.32222 (0.32222) jvpen: 1.000000000000 2.012 losscale:1.00000
Epoch: [5][20/167]  lr: 3e-05  Time: 1.496 (itavg:1.505) (1.529)  Data: 0.054 (0.092) Loss: 1.09974670 (1.09886114) (1.09887876)  bal_acc: 30.00000 (32.85714) preci: 0.30000 (0.32857) rec: 0.30000 (0.32857)  f1: 0.30000 (0.32857) jvpen: 1.000000000000 30.093 losscale:1.00000
Epoch: [5][40/167]  lr: 3e-05  Time: 1.491 (itavg:1.501) (1.515)  Data: 0.043 (0.074) Loss: 1.09802592 (1.09854832) (1.09871757)  bal_acc: 35.55556 (33.30623) preci: 0.35556 (0.33306) rec: 0.35556 (0.33306)  f1: 0.35556 (0.33306) jvpen: 1.000000000000 30.021 losscale:1.00000
Epoch: [5][60/167]  lr: 3e-05  Time: 1.497 (itavg:1.497) (1.509)  Data: 0.058 (0.068) Loss: 1.09817541 (1.09857737) (1.09867160)  bal_acc: 33.33334 (33.29690) preci: 0.33333 (0.33297) rec: 0.33333 (0.33297)  f1: 0.33333 (0.33297) jvpen: 1.000000000000 29.947 losscale:1.00000
Epoch: [5][80/167]  lr: 3e-05  Time: 1.497 (itavg:1.501) (1.507)  Data: 0.053 (0.066) Loss: 1.10008669 (1.09858494) (1.09865021)  bal_acc: 28.33333 (33.44993) preci: 0.28333 (0.33450) rec: 0.28333 (0.33450)  f1: 0.28333 (0.33450) jvpen: 1.000000000000 30.024 losscale:1.00000
Epoch: [5][100/167]  lr: 3e-05  Time: 1.481 (itavg:1.498) (1.506)  Data: 0.055 (0.064) Loss: 1.09926248 (1.09900807) (1.09872107)  bal_acc: 31.11111 (33.35534) preci: 0.31111 (0.33355) rec: 0.31111 (0.33355)  f1: 0.31111 (0.33355) jvpen: 1.000000000000 29.959 losscale:1.00000
Epoch: [5][120/167]  lr: 3e-05  Time: 1.499 (itavg:1.499) (1.504)  Data: 0.042 (0.062) Loss: 1.09744859 (1.09865962) (1.09871091)  bal_acc: 38.88889 (33.36547) preci: 0.38889 (0.33365) rec: 0.38889 (0.33365)  f1: 0.38889 (0.33365) jvpen: 1.000000000000 29.987 losscale:1.00000
Epoch: [5][140/167]  lr: 3e-05  Time: 1.500 (itavg:1.498) (1.504)  Data: 0.061 (0.062) Loss: 1.09816873 (1.09873277) (1.09871401)  bal_acc: 35.55556 (33.33333) preci: 0.35556 (0.33333) rec: 0.35556 (0.33333)  f1: 0.35556 (0.33333) jvpen: 1.000000000000 29.953 losscale:1.00000
Epoch: [5][160/167]  lr: 3e-05  Time: 1.480 (itavg:1.496) (1.503)  Data: 0.021 (0.061) Loss: 1.09821928 (1.09888091) (1.09873475)  bal_acc: 33.88889 (33.31608) preci: 0.33889 (0.33316) rec: 0.33889 (0.33316)  f1: 0.33889 (0.33316) jvpen: 1.000000000000 29.912 losscale:1.00000
5
Test: [0/167]	 Time: 1.217	 Loss: 1.09823680 ( 1.09823680)	Bal_acc: 33.88888931 preci: 0.33889 (0.33889) rec: 0.33889(0.33889) f1: 0.33889 (0.33889)
Test: [3600/167]	 Time: 0.753	 Loss: 1.09961712 ( 1.09881711)	Bal_acc: 32.88359896 preci: 0.28889 (0.32884) rec: 0.28889(0.32884) f1: 0.28889 (0.32884)
Test: [7200/167]	 Time: 0.742	 Loss: 1.09785509 ( 1.09873290)	Bal_acc: 33.29268376 preci: 0.38889 (0.33293) rec: 0.38889(0.33293) f1: 0.38889 (0.33293)
Test: [10800/167]	 Time: 0.738	 Loss: 1.09879982 ( 1.09873901)	Bal_acc: 33.15118489 preci: 0.32778 (0.33151) rec: 0.32778(0.33151) f1: 0.32778 (0.33151)
Test: [14400/167]	 Time: 0.734	 Loss: 1.09869385 ( 1.09869105)	Bal_acc: 33.33333425 preci: 0.34444 (0.33333) rec: 0.34444(0.33333) f1: 0.34444 (0.33333)
Test: [18000/167]	 Time: 0.733	 Loss: 1.10042393 ( 1.09863923)	Bal_acc: 33.52585356 preci: 0.25000 (0.33526) rec: 0.25000(0.33526) f1: 0.25000 (0.33526)
Test: [21600/167]	 Time: 0.732	 Loss: 1.09874403 ( 1.09866368)	Bal_acc: 33.42057034 preci: 0.32222 (0.33421) rec: 0.32222(0.33421) f1: 0.32222 (0.33421)
Test: [25200/167]	 Time: 0.731	 Loss: 1.09795618 ( 1.09867597)	Bal_acc: 33.35303488 preci: 0.36111 (0.33353) rec: 0.36111(0.33353) f1: 0.36111 (0.33353)
Test: [28800/167]	 Time: 0.730	 Loss: 1.09863615 ( 1.09865955)	Bal_acc: 33.37819281 preci: 0.32222 (0.33378) rec: 0.32222(0.33378) f1: 0.32222 (0.33378)
val f 0.3332664237683078 val loss 1.0986691016748726 val acc 33.326640864452685
EarlyStopping counter: 5 out of 50
Epoch: [6][0/167]  lr: 3e-05  Time: 2.015 (itavg:2.015) (2.015)  Data: 0.563 (0.563) Loss: 1.09878349 (1.09878349) (1.09878349)  bal_acc: 31.66667 (31.66667) preci: 0.31667 (0.31667) rec: 0.31667 (0.31667)  f1: 0.31667 (0.31667) jvpen: 1.000000000000 2.015 losscale:1.00000
Epoch: [6][20/167]  lr: 3e-05  Time: 1.499 (itavg:1.506) (1.531)  Data: 0.050 (0.094) Loss: 1.09790218 (1.09874029) (1.09874234)  bal_acc: 35.00000 (32.91005) preci: 0.35000 (0.32910) rec: 0.35000 (0.32910)  f1: 0.35000 (0.32910) jvpen: 1.000000000000 30.128 losscale:1.00000
Epoch: [6][40/167]  lr: 3e-05  Time: 1.491 (itavg:1.500) (1.515)  Data: 0.058 (0.075) Loss: 1.09800744 (1.09841417) (1.09858226)  bal_acc: 32.77778 (33.15718) preci: 0.32778 (0.33157) rec: 0.32778 (0.33157)  f1: 0.32778 (0.33157) jvpen: 1.000000000000 29.992 losscale:1.00000
Epoch: [6][60/167]  lr: 3e-05  Time: 1.486 (itavg:1.498) (1.510)  Data: 0.047 (0.070) Loss: 1.09896767 (1.09867533) (1.09861278)  bal_acc: 31.11111 (33.01457) preci: 0.31111 (0.33015) rec: 0.31111 (0.33015)  f1: 0.31111 (0.33015) jvpen: 1.000000000000 29.961 losscale:1.00000
Epoch: [6][80/167]  lr: 3e-05  Time: 1.503 (itavg:1.502) (1.508)  Data: 0.047 (0.067) Loss: 1.09907568 (1.09877481) (1.09865279)  bal_acc: 31.66667 (32.79150) preci: 0.31667 (0.32791) rec: 0.31667 (0.32791)  f1: 0.31667 (0.32791) jvpen: 1.000000000000 30.043 losscale:1.00000
Epoch: [6][100/167]  lr: 3e-05  Time: 1.483 (itavg:1.500) (1.506)  Data: 0.046 (0.064) Loss: 1.09858429 (1.09881935) (1.09868577)  bal_acc: 33.88889 (32.88779) preci: 0.33889 (0.32888) rec: 0.33889 (0.32888)  f1: 0.33889 (0.32888) jvpen: 1.000000000000 30.008 losscale:1.00000
Epoch: [6][120/167]  lr: 3e-05  Time: 1.488 (itavg:1.498) (1.505)  Data: 0.056 (0.063) Loss: 1.09912074 (1.09858082) (1.09866842)  bal_acc: 28.88889 (33.03490) preci: 0.28889 (0.33035) rec: 0.28889 (0.33035)  f1: 0.28889 (0.33035) jvpen: 1.000000000000 29.956 losscale:1.00000
Epoch: [6][140/167]  lr: 3e-05  Time: 1.488 (itavg:1.500) (1.504)  Data: 0.050 (0.062) Loss: 1.09734297 (1.09848799) (1.09864283)  bal_acc: 38.88889 (33.17179) preci: 0.38889 (0.33172) rec: 0.38889 (0.33172)  f1: 0.38889 (0.33172) jvpen: 1.000000000000 30.004 losscale:1.00000
Epoch: [6][160/167]  lr: 3e-05  Time: 1.476 (itavg:1.499) (1.504)  Data: 0.021 (0.061) Loss: 1.09859872 (1.09889380) (1.09867400)  bal_acc: 36.11111 (33.09524) preci: 0.36111 (0.33095) rec: 0.36111 (0.33095)  f1: 0.36111 (0.33095) jvpen: 1.000000000000 29.990 losscale:1.00000
6
Test: [0/167]	 Time: 1.228	 Loss: 1.09884393 ( 1.09884393)	Bal_acc: 31.11111259 preci: 0.31111 (0.31111) rec: 0.31111(0.31111) f1: 0.31111 (0.31111)
Test: [3600/167]	 Time: 0.753	 Loss: 1.09845352 ( 1.09875692)	Bal_acc: 33.20105907 preci: 0.32778 (0.33201) rec: 0.32778(0.33201) f1: 0.32778 (0.33201)
Test: [7200/167]	 Time: 0.742	 Loss: 1.09798086 ( 1.09877113)	Bal_acc: 33.00813098 preci: 0.38889 (0.33008) rec: 0.38889(0.33008) f1: 0.38889 (0.33008)
Test: [10800/167]	 Time: 0.737	 Loss: 1.09835446 ( 1.09872320)	Bal_acc: 33.24225976 preci: 0.34444 (0.33242) rec: 0.34444(0.33242) f1: 0.34444 (0.33242)
Test: [14400/167]	 Time: 0.735	 Loss: 1.09783268 ( 1.09865732)	Bal_acc: 33.44993255 preci: 0.37778 (0.33450) rec: 0.37778(0.33450) f1: 0.37778 (0.33450)
Test: [18000/167]	 Time: 0.734	 Loss: 1.09875953 ( 1.09862421)	Bal_acc: 33.58635980 preci: 0.30556 (0.33586) rec: 0.30556(0.33586) f1: 0.30556 (0.33586)
Test: [21600/167]	 Time: 0.733	 Loss: 1.09904575 ( 1.09865560)	Bal_acc: 33.43893592 preci: 0.30000 (0.33439) rec: 0.30000(0.33439) f1: 0.30000 (0.33439)
Test: [25200/167]	 Time: 0.733	 Loss: 1.09836602 ( 1.09866368)	Bal_acc: 33.38455583 preci: 0.34444 (0.33385) rec: 0.34444(0.33385) f1: 0.34444 (0.33385)
Test: [28800/167]	 Time: 0.732	 Loss: 1.09822977 ( 1.09863670)	Bal_acc: 33.40924881 preci: 0.33333 (0.33409) rec: 0.33333(0.33409) f1: 0.33333 (0.33409)
val f 0.3332998915968171 val loss 1.0986435384635467 val acc 33.329987640840464
EarlyStopping counter: 6 out of 50
Epoch: [7][0/167]  lr: 3e-05  Time: 2.029 (itavg:2.029) (2.029)  Data: 0.565 (0.565) Loss: 1.09897745 (1.09897745) (1.09897745)  bal_acc: 31.66667 (31.66667) preci: 0.31667 (0.31667) rec: 0.31667 (0.31667)  f1: 0.31667 (0.31667) jvpen: 1.000000000000 2.029 losscale:1.00000
Epoch: [7][20/167]  lr: 3e-05  Time: 1.494 (itavg:1.504) (1.529)  Data: 0.039 (0.093) Loss: 1.09873462 (1.09872918) (1.09874100)  bal_acc: 31.66667 (32.61905) preci: 0.31667 (0.32619) rec: 0.31667 (0.32619)  f1: 0.31667 (0.32619) jvpen: 1.000000000000 30.076 losscale:1.00000
Epoch: [7][40/167]  lr: 3e-05  Time: 1.505 (itavg:1.500) (1.515)  Data: 0.048 (0.075) Loss: 1.09920311 (1.09860899) (1.09867661)  bal_acc: 33.33334 (33.19783) preci: 0.33333 (0.33198) rec: 0.33333 (0.33198)  f1: 0.33333 (0.33198) jvpen: 1.000000000000 30.002 losscale:1.00000
Epoch: [7][60/167]  lr: 3e-05  Time: 1.495 (itavg:1.503) (1.511)  Data: 0.045 (0.069) Loss: 1.09986007 (1.09858289) (1.09864588)  bal_acc: 31.66667 (33.26958) preci: 0.31667 (0.33270) rec: 0.31667 (0.33270)  f1: 0.31667 (0.33270) jvpen: 1.000000000000 30.060 losscale:1.00000
Epoch: [7][80/167]  lr: 3e-05  Time: 1.494 (itavg:1.501) (1.508)  Data: 0.059 (0.067) Loss: 1.10018110 (1.09859563) (1.09863347)  bal_acc: 27.77778 (33.27846) preci: 0.27778 (0.33278) rec: 0.27778 (0.33278)  f1: 0.27778 (0.33278) jvpen: 1.000000000000 30.011 losscale:1.00000
Epoch: [7][100/167]  lr: 3e-05  Time: 1.482 (itavg:1.501) (1.507)  Data: 0.055 (0.065) Loss: 1.09851456 (1.09890125) (1.09868650)  bal_acc: 34.44445 (33.14081) preci: 0.34444 (0.33141) rec: 0.34444 (0.33141)  f1: 0.34444 (0.33141) jvpen: 1.000000000000 30.011 losscale:1.00000
Epoch: [7][120/167]  lr: 3e-05  Time: 1.486 (itavg:1.501) (1.506)  Data: 0.058 (0.064) Loss: 1.09857488 (1.09854029) (1.09866233)  bal_acc: 35.00000 (33.33793) preci: 0.35000 (0.33338) rec: 0.35000 (0.33338)  f1: 0.35000 (0.33338) jvpen: 1.000000000000 30.027 losscale:1.00000
Epoch: [7][140/167]  lr: 3e-05  Time: 1.506 (itavg:1.501) (1.505)  Data: 0.054 (0.063) Loss: 1.09747005 (1.09842309) (1.09862840)  bal_acc: 31.11111 (33.33727) preci: 0.31111 (0.33337) rec: 0.31111 (0.33337)  f1: 0.31111 (0.33337) jvpen: 1.000000000000 30.026 losscale:1.00000
Epoch: [7][160/167]  lr: 3e-05  Time: 1.477 (itavg:1.497) (1.504)  Data: 0.021 (0.062) Loss: 1.09943521 (1.09894387) (1.09866759)  bal_acc: 32.22222 (33.22981) preci: 0.32222 (0.33230) rec: 0.32222 (0.33230)  f1: 0.32222 (0.33230) jvpen: 1.000000000000 29.930 losscale:1.00000
7
Test: [0/167]	 Time: 1.233	 Loss: 1.09910131 ( 1.09910131)	Bal_acc: 30.00000191 preci: 0.30000 (0.30000) rec: 0.30000(0.30000) f1: 0.30000 (0.30000)
Test: [3600/167]	 Time: 0.758	 Loss: 1.09865236 ( 1.09881665)	Bal_acc: 32.83068875 preci: 0.32778 (0.32831) rec: 0.32778(0.32831) f1: 0.32778 (0.32831)
Test: [7200/167]	 Time: 0.744	 Loss: 1.09780896 ( 1.09874519)	Bal_acc: 33.36043451 preci: 0.38889 (0.33360) rec: 0.38889(0.33360) f1: 0.38889 (0.33360)
Test: [10800/167]	 Time: 0.739	 Loss: 1.09976912 ( 1.09876342)	Bal_acc: 33.11475494 preci: 0.31667 (0.33115) rec: 0.31667(0.33115) f1: 0.31667 (0.33115)
Test: [14400/167]	 Time: 0.737	 Loss: 1.09761643 ( 1.09866559)	Bal_acc: 33.34705167 preci: 0.35556 (0.33347) rec: 0.35556(0.33347) f1: 0.35556 (0.33347)
Test: [18000/167]	 Time: 0.735	 Loss: 1.09827113 ( 1.09864917)	Bal_acc: 33.50385133 preci: 0.33333 (0.33504) rec: 0.33333(0.33504) f1: 0.33333 (0.33504)
Test: [21600/167]	 Time: 0.735	 Loss: 1.09836853 ( 1.09865081)	Bal_acc: 33.55372006 preci: 0.35000 (0.33554) rec: 0.35000(0.33554) f1: 0.35000 (0.33554)
Test: [25200/167]	 Time: 0.733	 Loss: 1.09882557 ( 1.09867049)	Bal_acc: 33.33333436 preci: 0.31667 (0.33333) rec: 0.31667(0.33333) f1: 0.31667 (0.33333)
Test: [28800/167]	 Time: 0.732	 Loss: 1.09897685 ( 1.09863977)	Bal_acc: 33.34368630 preci: 0.31667 (0.33344) rec: 0.31667(0.33344) f1: 0.31667 (0.33344)
val f 0.3331325549677194 val loss 1.0986416411687092 val acc 33.31325402317277
EarlyStopping counter: 7 out of 50
Epoch: [8][0/167]  lr: 3e-05  Time: 2.038 (itavg:2.038) (2.038)  Data: 0.565 (0.565) Loss: 1.09845543 (1.09845543) (1.09845543)  bal_acc: 34.44445 (34.44445) preci: 0.34444 (0.34444) rec: 0.34444 (0.34444)  f1: 0.34444 (0.34444) jvpen: 1.000000000000 2.038 losscale:1.00000
Epoch: [8][20/167]  lr: 3e-05  Time: 1.496 (itavg:1.510) (1.535)  Data: 0.059 (0.095) Loss: 1.09848917 (1.09866132) (1.09865151)  bal_acc: 30.00000 (33.17460) preci: 0.30000 (0.33175) rec: 0.30000 (0.33175)  f1: 0.30000 (0.33175) jvpen: 1.000000000000 30.205 losscale:1.00000
Epoch: [8][40/167]  lr: 3e-05  Time: 1.484 (itavg:1.498) (1.517)  Data: 0.042 (0.077) Loss: 1.09876621 (1.09864963) (1.09865059)  bal_acc: 31.66667 (33.55014) preci: 0.31667 (0.33550) rec: 0.31667 (0.33550)  f1: 0.31667 (0.33550) jvpen: 1.000000000000 29.959 losscale:1.00000
Epoch: [8][60/167]  lr: 3e-05  Time: 1.492 (itavg:1.502) (1.512)  Data: 0.059 (0.070) Loss: 1.09797347 (1.09857270) (1.09862505)  bal_acc: 37.22223 (33.49727) preci: 0.37222 (0.33497) rec: 0.37222 (0.33497)  f1: 0.37222 (0.33497) jvpen: 1.000000000000 30.035 losscale:1.00000
Epoch: [8][80/167]  lr: 3e-05  Time: 1.491 (itavg:1.503) (1.510)  Data: 0.041 (0.067) Loss: 1.09816360 (1.09869792) (1.09864305)  bal_acc: 37.22223 (33.36077) preci: 0.37222 (0.33361) rec: 0.37222 (0.33361)  f1: 0.37222 (0.33361) jvpen: 1.000000000000 30.059 losscale:1.00000
Epoch: [8][100/167]  lr: 3e-05  Time: 1.491 (itavg:1.497) (1.507)  Data: 0.044 (0.064) Loss: 1.09846079 (1.09881943) (1.09867797)  bal_acc: 36.66667 (33.17382) preci: 0.36667 (0.33174) rec: 0.36667 (0.33174)  f1: 0.36667 (0.33174) jvpen: 1.000000000000 29.935 losscale:1.00000
Epoch: [8][120/167]  lr: 3e-05  Time: 1.484 (itavg:1.502) (1.506)  Data: 0.058 (0.063) Loss: 1.09849072 (1.09863920) (1.09867156)  bal_acc: 34.44445 (33.18641) preci: 0.34444 (0.33186) rec: 0.34444 (0.33186)  f1: 0.34444 (0.33186) jvpen: 1.000000000000 30.034 losscale:1.00000
Epoch: [8][140/167]  lr: 3e-05  Time: 1.491 (itavg:1.501) (1.506)  Data: 0.048 (0.063) Loss: 1.09764600 (1.09845896) (1.09864141)  bal_acc: 30.00000 (33.17573) preci: 0.30000 (0.33176) rec: 0.30000 (0.33176)  f1: 0.30000 (0.33176) jvpen: 1.000000000000 30.027 losscale:1.00000
Epoch: [8][160/167]  lr: 3e-05  Time: 1.490 (itavg:1.499) (1.505)  Data: 0.022 (0.061) Loss: 1.09834099 (1.09884416) (1.09866659)  bal_acc: 32.77778 (33.11594) preci: 0.32778 (0.33116) rec: 0.32778 (0.33116)  f1: 0.32778 (0.33116) jvpen: 1.000000000000 29.990 losscale:1.00000
8
Test: [0/167]	 Time: 1.227	 Loss: 1.09853387 ( 1.09853387)	Bal_acc: 33.33333588 preci: 0.33333 (0.33333) rec: 0.33333(0.33333) f1: 0.33333 (0.33333)
Test: [3600/167]	 Time: 0.756	 Loss: 1.09871483 ( 1.09876406)	Bal_acc: 32.40740803 preci: 0.33333 (0.32407) rec: 0.33333(0.32407) f1: 0.33333 (0.32407)
Test: [7200/167]	 Time: 0.741	 Loss: 1.09847510 ( 1.09869635)	Bal_acc: 33.14363210 preci: 0.36667 (0.33144) rec: 0.36667(0.33144) f1: 0.36667 (0.33144)
Test: [10800/167]	 Time: 0.736	 Loss: 1.09925413 ( 1.09869652)	Bal_acc: 32.95082042 preci: 0.29444 (0.32951) rec: 0.29444(0.32951) f1: 0.29444 (0.32951)
Test: [14400/167]	 Time: 0.734	 Loss: 1.09885061 ( 1.09865006)	Bal_acc: 33.34019284 preci: 0.35000 (0.33340) rec: 0.35000(0.33340) f1: 0.35000 (0.33340)
Test: [18000/167]	 Time: 0.732	 Loss: 1.09840119 ( 1.09861464)	Bal_acc: 33.61386220 preci: 0.38333 (0.33614) rec: 0.38333(0.33614) f1: 0.38333 (0.33614)
Test: [21600/167]	 Time: 0.732	 Loss: 1.09854925 ( 1.09863445)	Bal_acc: 33.49862341 preci: 0.35000 (0.33499) rec: 0.35000(0.33499) f1: 0.35000 (0.33499)
Test: [25200/167]	 Time: 0.732	 Loss: 1.09847748 ( 1.09863954)	Bal_acc: 33.32545401 preci: 0.33889 (0.33325) rec: 0.33889(0.33325) f1: 0.33889 (0.33325)
Test: [28800/167]	 Time: 0.731	 Loss: 1.09850430 ( 1.09862293)	Bal_acc: 33.30572895 preci: 0.32778 (0.33306) rec: 0.32778(0.33306) f1: 0.32778 (0.33306)
val f 0.3331660225269306 val loss 1.0986225605010986 val acc 33.316600615719715
EarlyStopping counter: 8 out of 50
Epoch: [9][0/167]  lr: 3e-05  Time: 2.011 (itavg:2.011) (2.011)  Data: 0.563 (0.563) Loss: 1.09890461 (1.09890461) (1.09890461)  bal_acc: 27.77778 (27.77778) preci: 0.27778 (0.27778) rec: 0.27778 (0.27778)  f1: 0.27778 (0.27778) jvpen: 1.000000000000 2.012 losscale:1.00000
Epoch: [9][20/167]  lr: 3e-05  Time: 1.484 (itavg:1.504) (1.528)  Data: 0.056 (0.092) Loss: 1.09877253 (1.09863194) (1.09864493)  bal_acc: 30.55556 (32.72487) preci: 0.30556 (0.32725) rec: 0.30556 (0.32725)  f1: 0.30556 (0.32725) jvpen: 1.000000000000 30.075 losscale:1.00000
Epoch: [9][40/167]  lr: 3e-05  Time: 1.484 (itavg:1.499) (1.514)  Data: 0.042 (0.075) Loss: 1.09814417 (1.09853334) (1.09859050)  bal_acc: 35.00000 (33.29268) preci: 0.35000 (0.33293) rec: 0.35000 (0.33293)  f1: 0.35000 (0.33293) jvpen: 1.000000000000 29.989 losscale:1.00000
Epoch: [9][60/167]  lr: 3e-05  Time: 1.492 (itavg:1.500) (1.509)  Data: 0.048 (0.068) Loss: 1.09853649 (1.09850852) (1.09856362)  bal_acc: 32.77778 (33.59745) preci: 0.32778 (0.33597) rec: 0.32778 (0.33597)  f1: 0.32778 (0.33597) jvpen: 1.000000000000 29.996 losscale:1.00000
Epoch: [9][80/167]  lr: 3e-05  Time: 1.501 (itavg:1.498) (1.507)  Data: 0.050 (0.065) Loss: 1.09807229 (1.09872597) (1.09860371)  bal_acc: 36.66667 (33.42936) preci: 0.36667 (0.33429) rec: 0.36667 (0.33429)  f1: 0.36667 (0.33429) jvpen: 1.000000000000 29.961 losscale:1.00000
Epoch: [9][100/167]  lr: 3e-05  Time: 1.495 (itavg:1.500) (1.505)  Data: 0.042 (0.064) Loss: 1.09851539 (1.09878531) (1.09863967)  bal_acc: 33.33334 (33.33883) preci: 0.33333 (0.33339) rec: 0.33333 (0.33339)  f1: 0.33333 (0.33339) jvpen: 1.000000000000 30.005 losscale:1.00000
Epoch: [9][120/167]  lr: 3e-05  Time: 1.496 (itavg:1.500) (1.504)  Data: 0.054 (0.062) Loss: 1.09834361 (1.09859798) (1.09863278)  bal_acc: 35.55556 (33.44812) preci: 0.35556 (0.33448) rec: 0.35556 (0.33448)  f1: 0.35556 (0.33448) jvpen: 1.000000000000 30.008 losscale:1.00000
Epoch: [9][140/167]  lr: 3e-05  Time: 1.505 (itavg:1.501) (1.504)  Data: 0.049 (0.061) Loss: 1.09800971 (1.09845976) (1.09860824)  bal_acc: 34.44445 (33.65642) preci: 0.34444 (0.33656) rec: 0.34444 (0.33656)  f1: 0.34444 (0.33656) jvpen: 1.000000000000 30.028 losscale:1.00000
Epoch: [9][160/167]  lr: 3e-05  Time: 1.477 (itavg:1.499) (1.503)  Data: 0.021 (0.061) Loss: 1.09891236 (1.09894309) (1.09864983)  bal_acc: 26.66667 (33.42650) preci: 0.26667 (0.33427) rec: 0.26667 (0.33427)  f1: 0.26667 (0.33427) jvpen: 1.000000000000 29.983 losscale:1.00000
9
Test: [0/167]	 Time: 1.221	 Loss: 1.09833539 ( 1.09833539)	Bal_acc: 36.11111450 preci: 0.36111 (0.36111) rec: 0.36111(0.36111) f1: 0.36111 (0.36111)
Test: [3600/167]	 Time: 0.760	 Loss: 1.09925377 ( 1.09876106)	Bal_acc: 32.32804344 preci: 0.30000 (0.32328) rec: 0.30000(0.32328) f1: 0.30000 (0.32328)
Test: [7200/167]	 Time: 0.746	 Loss: 1.09881163 ( 1.09872123)	Bal_acc: 32.46612586 preci: 0.36111 (0.32466) rec: 0.36111(0.32466) f1: 0.36111 (0.32466)
Test: [10800/167]	 Time: 0.741	 Loss: 1.09829867 ( 1.09868989)	Bal_acc: 32.70491922 preci: 0.31667 (0.32705) rec: 0.31667(0.32705) f1: 0.31667 (0.32705)
Test: [14400/167]	 Time: 0.739	 Loss: 1.09835136 ( 1.09864143)	Bal_acc: 33.09327971 preci: 0.33889 (0.33093) rec: 0.33889(0.33093) f1: 0.33889 (0.33093)
Test: [18000/167]	 Time: 0.736	 Loss: 1.09799087 ( 1.09862787)	Bal_acc: 33.11331266 preci: 0.37778 (0.33113) rec: 0.37778(0.33113) f1: 0.37778 (0.33113)
Test: [21600/167]	 Time: 0.735	 Loss: 1.09884560 ( 1.09863913)	Bal_acc: 33.07162662 preci: 0.34444 (0.33072) rec: 0.34444(0.33072) f1: 0.34444 (0.33072)
Test: [25200/167]	 Time: 0.734	 Loss: 1.09876883 ( 1.09865234)	Bal_acc: 33.00236529 preci: 0.26667 (0.33002) rec: 0.26667(0.33002) f1: 0.26667 (0.33002)
Test: [28800/167]	 Time: 0.733	 Loss: 1.09891486 ( 1.09862202)	Bal_acc: 33.31608128 preci: 0.32222 (0.33316) rec: 0.32222(0.33316) f1: 0.32222 (0.33316)
val f 0.3332664246659681 val loss 1.0986246610262307 val acc 33.32664111723383
EarlyStopping counter: 9 out of 50
Epoch: [10][0/167]  lr: 3e-05  Time: 2.021 (itavg:2.021) (2.021)  Data: 0.565 (0.565) Loss: 1.09880340 (1.09880340) (1.09880340)  bal_acc: 31.11111 (31.11111) preci: 0.31111 (0.31111) rec: 0.31111 (0.31111)  f1: 0.31111 (0.31111) jvpen: 1.000000000000 2.021 losscale:1.00000
Epoch: [10][20/167]  lr: 3e-05  Time: 1.489 (itavg:1.502) (1.527)  Data: 0.049 (0.089) Loss: 1.09849858 (1.09865844) (1.09866535)  bal_acc: 37.22223 (33.06878) preci: 0.37222 (0.33069) rec: 0.37222 (0.33069)  f1: 0.37222 (0.33069) jvpen: 1.000000000000 30.043 losscale:1.00000
Epoch: [10][40/167]  lr: 3e-05  Time: 1.488 (itavg:1.502) (1.515)  Data: 0.046 (0.074) Loss: 1.09885740 (1.09866779) (1.09866654)  bal_acc: 30.00000 (32.73713) preci: 0.30000 (0.32737) rec: 0.30000 (0.32737)  f1: 0.30000 (0.32737) jvpen: 1.000000000000 30.034 losscale:1.00000
Epoch: [10][60/167]  lr: 3e-05  Time: 1.492 (itavg:1.497) (1.509)  Data: 0.054 (0.069) Loss: 1.09863627 (1.09863019) (1.09865462)  bal_acc: 33.88889 (33.23315) preci: 0.33889 (0.33233) rec: 0.33889 (0.33233)  f1: 0.33889 (0.33233) jvpen: 1.000000000000 29.943 losscale:1.00000
Epoch: [10][80/167]  lr: 3e-05  Time: 1.506 (itavg:1.500) (1.507)  Data: 0.055 (0.066) Loss: 1.09804082 (1.09857829) (1.09863577)  bal_acc: 36.66667 (33.37449) preci: 0.36667 (0.33374) rec: 0.36667 (0.33374)  f1: 0.36667 (0.33374) jvpen: 1.000000000000 29.994 losscale:1.00000
Epoch: [10][100/167]  lr: 3e-05  Time: 1.495 (itavg:1.498) (1.505)  Data: 0.049 (0.063) Loss: 1.09844208 (1.09876079) (1.09866053)  bal_acc: 36.11111 (33.27833) preci: 0.36111 (0.33278) rec: 0.36111 (0.33278)  f1: 0.36111 (0.33278) jvpen: 1.000000000000 29.962 losscale:1.00000
Epoch: [10][120/167]  lr: 3e-05  Time: 1.491 (itavg:1.498) (1.504)  Data: 0.050 (0.062) Loss: 1.09856617 (1.09861686) (1.09865331)  bal_acc: 34.44445 (33.30119) preci: 0.34444 (0.33301) rec: 0.34444 (0.33301)  f1: 0.34444 (0.33301) jvpen: 1.000000000000 29.955 losscale:1.00000
Epoch: [10][140/167]  lr: 3e-05  Time: 1.492 (itavg:1.501) (1.503)  Data: 0.047 (0.061) Loss: 1.09764791 (1.09850170) (1.09863180)  bal_acc: 36.11111 (33.44760) preci: 0.36111 (0.33448) rec: 0.36111 (0.33448)  f1: 0.36111 (0.33448) jvpen: 1.000000000000 30.018 losscale:1.00000
Epoch: [10][160/167]  lr: 3e-05  Time: 1.479 (itavg:1.496) (1.502)  Data: 0.020 (0.059) Loss: 1.09902120 (1.09889274) (1.09866422)  bal_acc: 28.33333 (33.34714) preci: 0.28333 (0.33347) rec: 0.28333 (0.33347)  f1: 0.28333 (0.33347) jvpen: 1.000000000000 29.924 losscale:1.00000
10
Test: [0/167]	 Time: 1.222	 Loss: 1.09890997 ( 1.09890997)	Bal_acc: 28.88888931 preci: 0.28889 (0.28889) rec: 0.28889(0.28889) f1: 0.28889 (0.28889)
Test: [3600/167]	 Time: 0.756	 Loss: 1.09861267 ( 1.09874505)	Bal_acc: 32.77777881 preci: 0.36667 (0.32778) rec: 0.36667(0.32778) f1: 0.36667 (0.32778)
Test: [7200/167]	 Time: 0.741	 Loss: 1.09859061 ( 1.09872047)	Bal_acc: 32.53387628 preci: 0.35556 (0.32534) rec: 0.35556(0.32534) f1: 0.35556 (0.32534)
Test: [10800/167]	 Time: 0.736	 Loss: 1.09881866 ( 1.09870014)	Bal_acc: 32.83242344 preci: 0.31111 (0.32832) rec: 0.31111(0.32832) f1: 0.31111 (0.32832)
Test: [14400/167]	 Time: 0.735	 Loss: 1.09866428 ( 1.09866393)	Bal_acc: 32.96982257 preci: 0.34444 (0.32970) rec: 0.34444(0.32970) f1: 0.34444 (0.32970)
Test: [18000/167]	 Time: 0.733	 Loss: 1.09874141 ( 1.09864026)	Bal_acc: 32.97029786 preci: 0.25556 (0.32970) rec: 0.25556(0.32970) f1: 0.25556 (0.32970)
Test: [21600/167]	 Time: 0.732	 Loss: 1.09860921 ( 1.09864469)	Bal_acc: 33.01652979 preci: 0.28889 (0.33017) rec: 0.28889(0.33017) f1: 0.28889 (0.33017)
Test: [25200/167]	 Time: 0.732	 Loss: 1.09875643 ( 1.09864225)	Bal_acc: 33.16390948 preci: 0.37222 (0.33164) rec: 0.37222(0.33164) f1: 0.37222 (0.33164)
Test: [28800/167]	 Time: 0.731	 Loss: 1.09814906 ( 1.09862435)	Bal_acc: 33.34368626 preci: 0.39444 (0.33344) rec: 0.39444(0.33344) f1: 0.39444 (0.33344)
val f 0.33336682527898304 val loss 1.0986269066132694 val acc 33.336681009775184
EarlyStopping counter: 10 out of 50
Epoch: [11][0/167]  lr: 3e-05  Time: 2.013 (itavg:2.013) (2.013)  Data: 0.563 (0.563) Loss: 1.09848595 (1.09848595) (1.09848595)  bal_acc: 35.00000 (35.00000) preci: 0.35000 (0.35000) rec: 0.35000 (0.35000)  f1: 0.35000 (0.35000) jvpen: 1.000000000000 2.013 losscale:1.00000
Epoch: [11][20/167]  lr: 3e-05  Time: 1.496 (itavg:1.504) (1.528)  Data: 0.059 (0.092) Loss: 1.09863567 (1.09866530) (1.09865676)  bal_acc: 33.33334 (33.28042) preci: 0.33333 (0.33280) rec: 0.33333 (0.33280)  f1: 0.33333 (0.33280) jvpen: 1.000000000000 30.074 losscale:1.00000
Epoch: [11][40/167]  lr: 3e-05  Time: 1.486 (itavg:1.501) (1.515)  Data: 0.046 (0.073) Loss: 1.09872162 (1.09863490) (1.09864610)  bal_acc: 31.66667 (33.56369) preci: 0.31667 (0.33564) rec: 0.31667 (0.33564)  f1: 0.31667 (0.33564) jvpen: 1.000000000000 30.017 losscale:1.00000
Epoch: [11][60/167]  lr: 3e-05  Time: 1.497 (itavg:1.504) (1.511)  Data: 0.047 (0.068) Loss: 1.09829700 (1.09853665) (1.09861021)  bal_acc: 35.00000 (33.85246) preci: 0.35000 (0.33852) rec: 0.35000 (0.33852)  f1: 0.35000 (0.33852) jvpen: 1.000000000000 30.077 losscale:1.00000
Epoch: [11][80/167]  lr: 3e-05  Time: 1.489 (itavg:1.498) (1.508)  Data: 0.047 (0.065) Loss: 1.09809506 (1.09866341) (1.09862335)  bal_acc: 37.22223 (33.66255) preci: 0.37222 (0.33663) rec: 0.37222 (0.33663)  f1: 0.37222 (0.33663) jvpen: 1.000000000000 29.958 losscale:1.00000
Epoch: [11][100/167]  lr: 3e-05  Time: 1.486 (itavg:1.497) (1.506)  Data: 0.040 (0.063) Loss: 1.09870577 (1.09872501) (1.09864348)  bal_acc: 29.44444 (33.44885) preci: 0.29444 (0.33449) rec: 0.29444 (0.33449)  f1: 0.29444 (0.33449) jvpen: 1.000000000000 29.933 losscale:1.00000
Epoch: [11][120/167]  lr: 3e-05  Time: 1.489 (itavg:1.496) (1.504)  Data: 0.054 (0.062) Loss: 1.09851241 (1.09862724) (1.09864079)  bal_acc: 35.00000 (33.43894) preci: 0.35000 (0.33439) rec: 0.35000 (0.33439)  f1: 0.35000 (0.33439) jvpen: 1.000000000000 29.920 losscale:1.00000
Epoch: [11][140/167]  lr: 3e-05  Time: 1.498 (itavg:1.500) (1.503)  Data: 0.049 (0.061) Loss: 1.09783626 (1.09840470) (1.09860731)  bal_acc: 36.66667 (33.61702) preci: 0.36667 (0.33617) rec: 0.36667 (0.33617)  f1: 0.36667 (0.33617) jvpen: 1.000000000000 29.994 losscale:1.00000
Epoch: [11][160/167]  lr: 3e-05  Time: 1.478 (itavg:1.497) (1.503)  Data: 0.021 (0.060) Loss: 1.09805739 (1.09901654) (1.09865814)  bal_acc: 36.66667 (33.40580) preci: 0.36667 (0.33406) rec: 0.36667 (0.33406)  f1: 0.36667 (0.33406) jvpen: 1.000000000000 29.941 losscale:1.00000
11
Test: [0/167]	 Time: 1.217	 Loss: 1.09860671 ( 1.09860671)	Bal_acc: 31.11111259 preci: 0.31111 (0.31111) rec: 0.31111(0.31111) f1: 0.31111 (0.31111)
Test: [3600/167]	 Time: 0.755	 Loss: 1.09897256 ( 1.09875276)	Bal_acc: 32.67195901 preci: 0.30000 (0.32672) rec: 0.30000(0.32672) f1: 0.30000 (0.32672)
Test: [7200/167]	 Time: 0.742	 Loss: 1.09873188 ( 1.09871253)	Bal_acc: 32.64227769 preci: 0.32778 (0.32642) rec: 0.32778(0.32642) f1: 0.32778 (0.32642)
Test: [10800/167]	 Time: 0.737	 Loss: 1.09823680 ( 1.09868547)	Bal_acc: 32.85974606 preci: 0.38889 (0.32860) rec: 0.38889(0.32860) f1: 0.38889 (0.32860)
Test: [14400/167]	 Time: 0.734	 Loss: 1.09863234 ( 1.09865753)	Bal_acc: 33.10013828 preci: 0.35556 (0.33100) rec: 0.35556(0.33100) f1: 0.35556 (0.33100)
Test: [18000/167]	 Time: 0.733	 Loss: 1.09836078 ( 1.09863656)	Bal_acc: 32.95379650 preci: 0.34444 (0.32954) rec: 0.34444(0.32954) f1: 0.34444 (0.32954)
Test: [21600/167]	 Time: 0.732	 Loss: 1.09863186 ( 1.09864309)	Bal_acc: 33.01653012 preci: 0.30000 (0.33017) rec: 0.30000(0.33017) f1: 0.30000 (0.33017)
Test: [25200/167]	 Time: 0.731	 Loss: 1.09828269 ( 1.09864484)	Bal_acc: 33.06540699 preci: 0.33333 (0.33065) rec: 0.33333(0.33065) f1: 0.33333 (0.33065)
Test: [28800/167]	 Time: 0.730	 Loss: 1.09844625 ( 1.09862479)	Bal_acc: 33.30572924 preci: 0.32222 (0.33306) rec: 0.32222(0.33306) f1: 0.32222 (0.33306)
val f 0.3332329561193305 val loss 1.09862524414637 val acc 33.32329434084605
EarlyStopping counter: 11 out of 50
Epoch: [12][0/167]  lr: 3e-05  Time: 2.025 (itavg:2.025) (2.025)  Data: 0.565 (0.565) Loss: 1.09853697 (1.09853697) (1.09853697)  bal_acc: 33.33334 (33.33334) preci: 0.33333 (0.33333) rec: 0.33333 (0.33333)  f1: 0.33333 (0.33333) jvpen: 1.000000000000 2.025 losscale:1.00000
Epoch: [12][20/167]  lr: 3e-05  Time: 1.494 (itavg:1.505) (1.530)  Data: 0.059 (0.091) Loss: 1.09844828 (1.09865836) (1.09865258)  bal_acc: 36.66667 (32.83069) preci: 0.36667 (0.32831) rec: 0.36667 (0.32831)  f1: 0.36667 (0.32831) jvpen: 1.000000000000 30.100 losscale:1.00000
Epoch: [12][40/167]  lr: 3e-05  Time: 1.495 (itavg:1.501) (1.516)  Data: 0.054 (0.074) Loss: 1.09864748 (1.09860797) (1.09863082)  bal_acc: 33.33334 (33.23848) preci: 0.33333 (0.33238) rec: 0.33333 (0.33238)  f1: 0.33333 (0.33238) jvpen: 1.000000000000 30.028 losscale:1.00000
Epoch: [12][60/167]  lr: 3e-05  Time: 1.488 (itavg:1.498) (1.510)  Data: 0.048 (0.068) Loss: 1.09958446 (1.09864855) (1.09863663)  bal_acc: 28.33333 (33.25137) preci: 0.28333 (0.33251) rec: 0.28333 (0.33251)  f1: 0.28333 (0.33251) jvpen: 1.000000000000 29.969 losscale:1.00000
Epoch: [12][80/167]  lr: 3e-05  Time: 1.494 (itavg:1.500) (1.508)  Data: 0.044 (0.065) Loss: 1.09888124 (1.09860160) (1.09862798)  bal_acc: 34.44445 (33.40192) preci: 0.34444 (0.33402) rec: 0.34444 (0.33402)  f1: 0.34444 (0.33402) jvpen: 1.000000000000 30.006 losscale:1.00000
Epoch: [12][100/167]  lr: 3e-05  Time: 1.485 (itavg:1.496) (1.505)  Data: 0.048 (0.064) Loss: 1.09867799 (1.09873058) (1.09864830)  bal_acc: 31.11111 (33.25633) preci: 0.31111 (0.33256) rec: 0.31111 (0.33256)  f1: 0.31111 (0.33256) jvpen: 1.000000000000 29.924 losscale:1.00000
Epoch: [12][120/167]  lr: 3e-05  Time: 1.504 (itavg:1.499) (1.504)  Data: 0.059 (0.063) Loss: 1.09855866 (1.09860316) (1.09864084)  bal_acc: 32.77778 (33.37007) preci: 0.32778 (0.33370) rec: 0.32778 (0.33370)  f1: 0.32778 (0.33370) jvpen: 1.000000000000 29.989 losscale:1.00000
Epoch: [12][140/167]  lr: 3e-05  Time: 1.502 (itavg:1.498) (1.504)  Data: 0.045 (0.062) Loss: 1.09942353 (1.09847662) (1.09861755)  bal_acc: 35.00000 (33.48306) preci: 0.35000 (0.33483) rec: 0.35000 (0.33483)  f1: 0.35000 (0.33483) jvpen: 1.000000000000 29.953 losscale:1.00000
Epoch: [12][160/167]  lr: 3e-05  Time: 1.484 (itavg:1.501) (1.503)  Data: 0.021 (0.061) Loss: 1.09841788 (1.09878517) (1.09863837)  bal_acc: 35.00000 (33.37129) preci: 0.35000 (0.33371) rec: 0.35000 (0.33371)  f1: 0.35000 (0.33371) jvpen: 1.000000000000 30.028 losscale:1.00000
12
Test: [0/167]	 Time: 1.217	 Loss: 1.09889305 ( 1.09889305)	Bal_acc: 35.00000000 preci: 0.35000 (0.35000) rec: 0.35000(0.35000) f1: 0.35000 (0.35000)
Test: [3600/167]	 Time: 0.760	 Loss: 1.09918058 ( 1.09882503)	Bal_acc: 32.69841376 preci: 0.30556 (0.32698) rec: 0.30556(0.32698) f1: 0.30556 (0.32698)
Test: [7200/167]	 Time: 0.748	 Loss: 1.09839773 ( 1.09875837)	Bal_acc: 32.56097654 preci: 0.34444 (0.32561) rec: 0.34444(0.32561) f1: 0.34444 (0.32561)
Test: [10800/167]	 Time: 0.744	 Loss: 1.09878194 ( 1.09874017)	Bal_acc: 32.67759661 preci: 0.30556 (0.32678) rec: 0.30556(0.32678) f1: 0.30556 (0.32678)
Test: [14400/167]	 Time: 0.741	 Loss: 1.09838700 ( 1.09867611)	Bal_acc: 33.10013823 preci: 0.36667 (0.33100) rec: 0.36667(0.33100) f1: 0.36667 (0.33100)
Test: [18000/167]	 Time: 0.739	 Loss: 1.09899199 ( 1.09865318)	Bal_acc: 33.01430255 preci: 0.30000 (0.33014) rec: 0.30000(0.33014) f1: 0.30000 (0.33014)
Test: [21600/167]	 Time: 0.738	 Loss: 1.09778082 ( 1.09865363)	Bal_acc: 33.01652997 preci: 0.37778 (0.33017) rec: 0.37778(0.33017) f1: 0.37778 (0.33017)
Test: [25200/167]	 Time: 0.737	 Loss: 1.09907591 ( 1.09866024)	Bal_acc: 33.08904749 preci: 0.33333 (0.33089) rec: 0.33333(0.33089) f1: 0.33333 (0.33089)
Test: [28800/167]	 Time: 0.737	 Loss: 1.09798265 ( 1.09863499)	Bal_acc: 33.32298237 preci: 0.33889 (0.33323) rec: 0.33889(0.33323) f1: 0.33889 (0.33323)
val f 0.3333668242017907 val loss 1.0986359464116844 val acc 33.33668106722544
EarlyStopping counter: 12 out of 50
Epoch: [13][0/167]  lr: 3e-05  Time: 2.019 (itavg:2.019) (2.019)  Data: 0.565 (0.565) Loss: 1.09885728 (1.09885728) (1.09885728)  bal_acc: 35.55556 (35.55556) preci: 0.35556 (0.35556) rec: 0.35556 (0.35556)  f1: 0.35556 (0.35556) jvpen: 1.000000000000 2.019 losscale:1.00000
Epoch: [13][20/167]  lr: 3e-05  Time: 1.494 (itavg:1.504) (1.529)  Data: 0.060 (0.090) Loss: 1.09860444 (1.09865063) (1.09866047)  bal_acc: 36.66667 (32.61905) preci: 0.36667 (0.32619) rec: 0.36667 (0.32619)  f1: 0.36667 (0.32619) jvpen: 1.000000000000 30.087 losscale:1.00000
Epoch: [13][40/167]  lr: 3e-05  Time: 1.483 (itavg:1.495) (1.513)  Data: 0.050 (0.073) Loss: 1.09894550 (1.09860990) (1.09863580)  bal_acc: 29.44444 (33.17073) preci: 0.29444 (0.33171) rec: 0.29444 (0.33171)  f1: 0.29444 (0.33171) jvpen: 1.000000000000 29.907 losscale:1.00000
Epoch: [13][60/167]  lr: 3e-05  Time: 1.485 (itavg:1.498) (1.508)  Data: 0.052 (0.067) Loss: 1.09828997 (1.09856638) (1.09861304)  bal_acc: 32.77778 (33.43352) preci: 0.32778 (0.33434) rec: 0.32778 (0.33434)  f1: 0.32778 (0.33434) jvpen: 1.000000000000 29.966 losscale:1.00000
Epoch: [13][80/167]  lr: 3e-05  Time: 1.501 (itavg:1.498) (1.505)  Data: 0.046 (0.065) Loss: 1.09890056 (1.09856391) (1.09860091)  bal_acc: 30.00000 (33.51166) preci: 0.30000 (0.33512) rec: 0.30000 (0.33512)  f1: 0.30000 (0.33512) jvpen: 1.000000000000 29.963 losscale:1.00000
Epoch: [13][100/167]  lr: 3e-05  Time: 1.506 (itavg:1.500) (1.504)  Data: 0.054 (0.063) Loss: 1.09858108 (1.09886832) (1.09865386)  bal_acc: 33.33334 (33.30033) preci: 0.33333 (0.33300) rec: 0.33333 (0.33300)  f1: 0.33333 (0.33300) jvpen: 1.000000000000 30.000 losscale:1.00000
Epoch: [13][120/167]  lr: 3e-05  Time: 1.499 (itavg:1.497) (1.503)  Data: 0.050 (0.061) Loss: 1.09860992 (1.09862171) (1.09864855)  bal_acc: 34.44445 (33.18182) preci: 0.34444 (0.33182) rec: 0.34444 (0.33182)  f1: 0.34444 (0.33182) jvpen: 1.000000000000 29.943 losscale:1.00000
Epoch: [13][140/167]  lr: 3e-05  Time: 1.502 (itavg:1.497) (1.502)  Data: 0.050 (0.061) Loss: 1.09916353 (1.09845673) (1.09862134)  bal_acc: 29.44444 (33.45154) preci: 0.29444 (0.33452) rec: 0.29444 (0.33452)  f1: 0.29444 (0.33452) jvpen: 1.000000000000 29.942 losscale:1.00000
Epoch: [13][160/167]  lr: 3e-05  Time: 1.489 (itavg:1.496) (1.501)  Data: 0.021 (0.060) Loss: 1.09901357 (1.09892765) (1.09865939)  bal_acc: 32.22222 (33.34369) preci: 0.32222 (0.33344) rec: 0.32222 (0.33344)  f1: 0.32222 (0.33344) jvpen: 1.000000000000 29.911 losscale:1.00000
13
Test: [0/167]	 Time: 1.230	 Loss: 1.09806824 ( 1.09806824)	Bal_acc: 38.33333588 preci: 0.38333 (0.38333) rec: 0.38333(0.38333) f1: 0.38333 (0.38333)
Test: [3600/167]	 Time: 0.756	 Loss: 1.09850347 ( 1.09876274)	Bal_acc: 32.56613868 preci: 0.36111 (0.32566) rec: 0.36111(0.32566) f1: 0.36111 (0.32566)
Test: [7200/167]	 Time: 0.743	 Loss: 1.09849012 ( 1.09869535)	Bal_acc: 32.76422868 preci: 0.36667 (0.32764) rec: 0.36667(0.32764) f1: 0.36667 (0.32764)
Test: [10800/167]	 Time: 0.738	 Loss: 1.09903443 ( 1.09869804)	Bal_acc: 32.78688643 preci: 0.30000 (0.32787) rec: 0.30000(0.32787) f1: 0.30000 (0.32787)
Test: [14400/167]	 Time: 0.735	 Loss: 1.09817874 ( 1.09864847)	Bal_acc: 33.07270359 preci: 0.37778 (0.33073) rec: 0.37778(0.33073) f1: 0.37778 (0.33073)
Test: [18000/167]	 Time: 0.733	 Loss: 1.09892380 ( 1.09863625)	Bal_acc: 33.03630491 preci: 0.30000 (0.33036) rec: 0.30000(0.33036) f1: 0.30000 (0.33036)
Test: [21600/167]	 Time: 0.732	 Loss: 1.09900355 ( 1.09864396)	Bal_acc: 32.99357339 preci: 0.31111 (0.32994) rec: 0.31111(0.32994) f1: 0.31111 (0.32994)
Test: [25200/167]	 Time: 0.731	 Loss: 1.09870052 ( 1.09864598)	Bal_acc: 33.08116756 preci: 0.31667 (0.33081) rec: 0.31667(0.33081) f1: 0.31667 (0.33081)
Test: [28800/167]	 Time: 0.729	 Loss: 1.09917986 ( 1.09861952)	Bal_acc: 33.30227863 preci: 0.29444 (0.33302) rec: 0.29444(0.33302) f1: 0.29444 (0.33302)
val f 0.3332664238580738 val loss 1.0986195824232445 val acc 33.32664107127362
EarlyStopping counter: 13 out of 50
Epoch: [14][0/167]  lr: 3e-05  Time: 2.016 (itavg:2.016) (2.016)  Data: 0.563 (0.563) Loss: 1.09842825 (1.09842825) (1.09842825)  bal_acc: 31.66667 (31.66667) preci: 0.31667 (0.31667) rec: 0.31667 (0.31667)  f1: 0.31667 (0.31667) jvpen: 1.000000000000 2.016 losscale:1.00000
Epoch: [14][20/167]  lr: 3e-05  Time: 1.491 (itavg:1.505) (1.529)  Data: 0.049 (0.091) Loss: 1.09859645 (1.09867408) (1.09866237)  bal_acc: 33.88889 (32.06349) preci: 0.33889 (0.32063) rec: 0.33889 (0.32063)  f1: 0.33889 (0.32063) jvpen: 1.000000000000 30.100 losscale:1.00000
Epoch: [14][40/167]  lr: 3e-05  Time: 1.491 (itavg:1.497) (1.514)  Data: 0.048 (0.073) Loss: 1.09825969 (1.09862682) (1.09864503)  bal_acc: 39.44445 (32.89973) preci: 0.39444 (0.32900) rec: 0.39444 (0.32900)  f1: 0.39444 (0.32900) jvpen: 1.000000000000 29.943 losscale:1.00000
Epoch: [14][60/167]  lr: 3e-05  Time: 1.395 (itavg:1.440) (1.490)  Data: 0.041 (0.065) Loss: 1.09861588 (1.09861310) (1.09863456)  bal_acc: 33.88889 (33.27869) preci: 0.33889 (0.33279) rec: 0.33889 (0.33279)  f1: 0.33889 (0.33279) jvpen: 1.000000000000 28.807 losscale:1.00000
Epoch: [14][80/167]  lr: 3e-05  Time: 1.398 (itavg:1.412) (1.471)  Data: 0.037 (0.060) Loss: 1.09755957 (1.09847639) (1.09859551)  bal_acc: 36.66667 (33.47737) preci: 0.36667 (0.33477) rec: 0.36667 (0.33477)  f1: 0.36667 (0.33477) jvpen: 1.000000000000 28.247 losscale:1.00000
