/var/spool/slurmd/job3733273/slurm_script: line 17: cd: /users/aarjun1/users/aarjun1/data/aarjun1/pathtracker/mot/InT-Models-main/: No such file or directory
module: loading 'anaconda/3-5.2.0'
module: anaconda: "See https://docs.ccv.brown.edu/oscar/software/anaconda for potential issues on VNC and batch jobs"
module: unloading 'python/2.7.12'
module: warning: unknown version 'python/3.8.8'
  Please contact CCV support (support@ccv.brown.edu) if you think that software
  with this module name should be installed.
2022-01-01 14:58:55.481619: W tensorflow/stream_executor/platform/default/dso_loader.cc:64] Could not load dynamic library 'libcudart.so.11.0'; dlerror: libcudart.so.11.0: cannot open shared object file: No such file or directory; LD_LIBRARY_PATH: /gpfs/runtime/opt/intel/2017.0/lib/intel64:/gpfs/runtime/opt/intel/2017.0/mkl/lib/intel64:/gpfs/runtime/opt/java/8u111/jre/lib/amd64
2022-01-01 14:58:55.481658: I tensorflow/stream_executor/cuda/cudart_stub.cc:29] Ignore above cudart dlerror if you do not have a GPU set up on your machine.
Traceback (most recent call last):
  File "mainclean.py", line 18, in <module>
    from utils.TFRDataset import tfr_data_loader
  File "/gpfs/data/tserre/aarjun1/pathtracker/mot/InT-Models-main/utils/TFRDataset.py", line 2, in <module>
    import tensorflow as tf
  File "/users/aarjun1/.conda/envs/pytracker/lib/python3.8/site-packages/tensorflow/__init__.py", line 41, in <module>
    from tensorflow.python.tools import module_util as _module_util
  File "/users/aarjun1/.conda/envs/pytracker/lib/python3.8/site-packages/tensorflow/python/__init__.py", line 41, in <module>
    from tensorflow.python.eager import context
  File "/users/aarjun1/.conda/envs/pytracker/lib/python3.8/site-packages/tensorflow/python/eager/context.py", line 47, in <module>
    from tensorflow.python.util.deprecation import deprecated
  File "/users/aarjun1/.conda/envs/pytracker/lib/python3.8/site-packages/tensorflow/python/util/deprecation.py", line 32, in <module>
    from tensorflow.tools.docs import doc_controls
ModuleNotFoundError: No module named 'tensorflow.tools'
