## SLURM PROLOG ###############################################################
##    Job ID : 3737904
##  Job Name : color_CNN
##  Nodelist : gpu2007
##      CPUs : 1
##  Mem/Node : 30720 MB
## Directory : /gpfs/data/tserre/aarjun1/pathtracker/mot/InT-Models-main
##   Started : Sun Jan  2 07:50:46 EST 2022
###############################################################################
Tensorflow version 2.7.0
Failed to import slowfast.
Failed to import spatial sampler.
Found dataset: /users/aarjun1/scratch/pathtracker_data/mot/tfrecords/
Loading training dataset
Loading validation dataset
Init model ffhgru full bptt penalty:  False
107582
Loading parallel finished on GPU count: 4
Including parameters ['module.bn.weight', 'module.bn.bias', 'module.preproc.weight', 'module.preproc.bias', 'module.unit1.w_exc', 'module.unit1.w_inh', 'module.unit1.alpha', 'module.unit1.mu', 'module.unit1.gamma', 'module.unit1.kappa', 'module.unit1.w', 'module.unit1.a_w_gate.weight', 'module.unit1.a_w_gate.bias', 'module.unit1.a_u_gate.weight', 'module.unit1.a_u_gate.bias', 'module.unit1.i_w_gate.weight', 'module.unit1.i_w_gate.bias', 'module.unit1.i_u_gate.weight', 'module.unit1.i_u_gate.bias', 'module.unit1.e_w_gate.weight', 'module.unit1.e_w_gate.bias', 'module.unit1.e_u_gate.weight', 'module.unit1.e_u_gate.bias', 'module.unit1.bn.0.weight', 'module.unit1.bn.0.bias', 'module.unit1.bn.1.weight', 'module.unit1.bn.1.bias', 'module.readout_conv.weight', 'module.readout_conv.bias', 'module.target_conv.weight', 'module.target_conv.bias', 'module.readout_dense.weight', 'module.readout_dense.bias']
Epoch: [0][0/167]  lr: 0.03  Time: 10.931 (itavg:10.931) (10.931)  Data: 0.628 (0.628) Loss: 1.11287439 (1.11287439) (1.11287439)  bal_acc: 31.66667 (31.66667) preci: 0.31667 (0.31667) rec: 0.31667 (0.31667)  f1: 0.31667 (0.31667) jvpen: 1.000000000000 10.931 losscale:1.00000
Epoch: [0][20/167]  lr: 0.03  Time: 1.522 (itavg:1.588) (2.033)  Data: 0.055 (0.097) Loss: 1.09641254 (1.11079284) (1.11089196)  bal_acc: 36.66667 (33.06878) preci: 0.36667 (0.33069) rec: 0.36667 (0.33069)  f1: 0.36667 (0.33069) jvpen: 1.000000000000 31.760 losscale:1.00000
Epoch: [0][40/167]  lr: 0.03  Time: 1.530 (itavg:1.525) (1.785)  Data: 0.057 (0.081) Loss: 1.09969962 (1.10119359) (1.10616105)  bal_acc: 34.44445 (33.33333) preci: 0.34444 (0.33333) rec: 0.34444 (0.33333)  f1: 0.34444 (0.33333) jvpen: 1.000000000000 30.504 losscale:1.00000
Epoch: [0][60/167]  lr: 0.03  Time: 1.512 (itavg:1.524) (1.700)  Data: 0.049 (0.075) Loss: 1.09849191 (1.10012364) (1.10418157)  bal_acc: 36.11111 (33.47905) preci: 0.36111 (0.33479) rec: 0.36111 (0.33479)  f1: 0.36111 (0.33479) jvpen: 1.000000000000 30.480 losscale:1.00000
Epoch: [0][80/167]  lr: 0.03  Time: 1.522 (itavg:1.525) (1.657)  Data: 0.053 (0.072) Loss: 1.10339439 (1.10367364) (1.10405615)  bal_acc: 31.66667 (33.47051) preci: 0.31667 (0.33471) rec: 0.31667 (0.33471)  f1: 0.31667 (0.33471) jvpen: 1.000000000000 30.502 losscale:1.00000
Epoch: [0][100/167]  lr: 0.03  Time: 1.517 (itavg:1.523) (1.630)  Data: 0.060 (0.070) Loss: 1.10237896 (1.10387830) (1.10402094)  bal_acc: 33.88889 (33.65787) preci: 0.33889 (0.33658) rec: 0.33889 (0.33658)  f1: 0.33889 (0.33658) jvpen: 1.000000000000 30.470 losscale:1.00000
Epoch: [0][120/167]  lr: 0.03  Time: 1.515 (itavg:1.526) (1.613)  Data: 0.061 (0.068) Loss: 1.10059929 (1.10018412) (1.10338675)  bal_acc: 31.11111 (33.60423) preci: 0.31111 (0.33604) rec: 0.31111 (0.33604)  f1: 0.31111 (0.33604) jvpen: 1.000000000000 30.524 losscale:1.00000
Epoch: [0][140/167]  lr: 0.03  Time: 1.521 (itavg:1.528) (1.601)  Data: 0.057 (0.067) Loss: 1.09867501 (1.09968721) (1.10286199)  bal_acc: 30.55556 (33.51458) preci: 0.30556 (0.33515) rec: 0.30556 (0.33515)  f1: 0.30556 (0.33515) jvpen: 1.000000000000 30.550 losscale:1.00000
Epoch: [0][160/167]  lr: 0.03  Time: 1.495 (itavg:1.523) (1.591)  Data: 0.024 (0.066) Loss: 1.09850228 (1.09973325) (1.10247333)  bal_acc: 35.00000 (33.38164) preci: 0.35000 (0.33382) rec: 0.35000 (0.33382)  f1: 0.35000 (0.33382) jvpen: 1.000000000000 30.455 losscale:1.00000
0
Test: [0/167]	 Time: 1.281	 Loss: 1.09851265 ( 1.09851265)	Bal_acc: 36.66666794 preci: 0.36667 (0.36667) rec: 0.36667(0.36667) f1: 0.36667 (0.36667)
Test: [3600/167]	 Time: 0.753	 Loss: 1.09869087 ( 1.09849689)	Bal_acc: 34.49735560 preci: 0.33889 (0.34497) rec: 0.33889(0.34497) f1: 0.33889 (0.34497)
Test: [7200/167]	 Time: 0.736	 Loss: 1.09811580 ( 1.09856274)	Bal_acc: 34.06504170 preci: 0.31667 (0.34065) rec: 0.31667(0.34065) f1: 0.31667 (0.34065)
Test: [10800/167]	 Time: 0.729	 Loss: 1.09905815 ( 1.09857922)	Bal_acc: 33.88888997 preci: 0.30000 (0.33889) rec: 0.30000(0.33889) f1: 0.30000 (0.33889)
Test: [14400/167]	 Time: 0.725	 Loss: 1.09876478 ( 1.09863722)	Bal_acc: 33.53909565 preci: 0.30000 (0.33539) rec: 0.30000(0.33539) f1: 0.30000 (0.33539)
Test: [18000/167]	 Time: 0.724	 Loss: 1.09850204 ( 1.09867225)	Bal_acc: 33.44334532 preci: 0.35000 (0.33443) rec: 0.35000(0.33443) f1: 0.35000 (0.33443)
Test: [21600/167]	 Time: 0.723	 Loss: 1.09739244 ( 1.09864256)	Bal_acc: 33.53535457 preci: 0.37222 (0.33535) rec: 0.37222(0.33535) f1: 0.37222 (0.33535)
Test: [25200/167]	 Time: 0.722	 Loss: 1.09909952 ( 1.09864646)	Bal_acc: 33.52639975 preci: 0.28889 (0.33526) rec: 0.28889(0.33526) f1: 0.28889 (0.33526)
Test: [28800/167]	 Time: 0.721	 Loss: 1.09922576 ( 1.09862925)	Bal_acc: 33.40234745 preci: 0.25556 (0.33402) rec: 0.25556(0.33402) f1: 0.25556 (0.33402)
val f 0.33370149835764645 val loss 1.0986364052956363 val acc 33.37014823362052
Epoch: [1][0/167]  lr: 0.03  Time: 2.035 (itavg:2.035) (2.035)  Data: 0.562 (0.562) Loss: 1.09844983 (1.09844983) (1.09844983)  bal_acc: 34.44445 (34.44445) preci: 0.34444 (0.34444) rec: 0.34444 (0.34444)  f1: 0.34444 (0.34444) jvpen: 1.000000000000 2.035 losscale:1.00000
Epoch: [1][20/167]  lr: 0.03  Time: 1.528 (itavg:1.530) (1.554)  Data: 0.048 (0.091) Loss: 1.09924471 (1.09925560) (1.09921723)  bal_acc: 31.66667 (32.98942) preci: 0.31667 (0.32989) rec: 0.31667 (0.32989)  f1: 0.31667 (0.32989) jvpen: 1.000000000000 30.597 losscale:1.00000
Epoch: [1][40/167]  lr: 0.03  Time: 1.517 (itavg:1.522) (1.538)  Data: 0.043 (0.073) Loss: 1.10051835 (1.09875963) (1.09899401)  bal_acc: 33.33334 (33.03523) preci: 0.33333 (0.33035) rec: 0.33333 (0.33035)  f1: 0.33333 (0.33035) jvpen: 1.000000000000 30.442 losscale:1.00000
Epoch: [1][60/167]  lr: 0.03  Time: 1.524 (itavg:1.529) (1.535)  Data: 0.064 (0.070) Loss: 1.10264599 (1.09948143) (1.09915382)  bal_acc: 30.00000 (33.47905) preci: 0.30000 (0.33479) rec: 0.30000 (0.33479)  f1: 0.30000 (0.33479) jvpen: 1.000000000000 30.571 losscale:1.00000
Epoch: [1][80/167]  lr: 0.03  Time: 1.535 (itavg:1.534) (1.535)  Data: 0.058 (0.069) Loss: 1.10726058 (1.09891145) (1.09909397)  bal_acc: 26.66667 (33.66255) preci: 0.26667 (0.33663) rec: 0.26667 (0.33663)  f1: 0.26667 (0.33663) jvpen: 1.000000000000 30.683 losscale:1.00000
Epoch: [1][100/167]  lr: 0.03  Time: 1.528 (itavg:1.525) (1.533)  Data: 0.064 (0.066) Loss: 1.11770642 (1.10112891) (1.09949693)  bal_acc: 24.44444 (33.41034) preci: 0.24444 (0.33410) rec: 0.24444 (0.33410)  f1: 0.24444 (0.33410) jvpen: 1.000000000000 30.494 losscale:1.00000
Epoch: [1][120/167]  lr: 0.03  Time: 1.535 (itavg:1.523) (1.531)  Data: 0.044 (0.064) Loss: 1.10117066 (1.09936442) (1.09947503)  bal_acc: 31.11111 (33.42975) preci: 0.31111 (0.33430) rec: 0.31111 (0.33430)  f1: 0.31111 (0.33430) jvpen: 1.000000000000 30.455 losscale:1.00000
Epoch: [1][140/167]  lr: 0.03  Time: 1.537 (itavg:1.531) (1.531)  Data: 0.064 (0.064) Loss: 1.09884608 (1.09836276) (1.09931726)  bal_acc: 32.77778 (33.53428) preci: 0.32778 (0.33534) rec: 0.32778 (0.33534)  f1: 0.32778 (0.33534) jvpen: 1.000000000000 30.628 losscale:1.00000
Epoch: [1][160/167]  lr: 0.03  Time: 1.499 (itavg:1.526) (1.531)  Data: 0.022 (0.063) Loss: 1.10125661 (1.09920896) (1.09930381)  bal_acc: 30.55556 (33.46101) preci: 0.30556 (0.33461) rec: 0.30556 (0.33461)  f1: 0.30556 (0.33461) jvpen: 1.000000000000 30.524 losscale:1.00000
1
Test: [0/167]	 Time: 1.219	 Loss: 1.09975719 ( 1.09975719)	Bal_acc: 32.77777863 preci: 0.32778 (0.32778) rec: 0.32778(0.32778) f1: 0.32778 (0.32778)
Test: [3600/167]	 Time: 0.750	 Loss: 1.10095704 ( 1.09868666)	Bal_acc: 34.49735542 preci: 0.33333 (0.34497) rec: 0.33333(0.34497) f1: 0.33333 (0.34497)
Test: [7200/167]	 Time: 0.735	 Loss: 1.09700930 ( 1.09897532)	Bal_acc: 34.02439136 preci: 0.35556 (0.34024) rec: 0.35556(0.34024) f1: 0.35556 (0.34024)
Test: [10800/167]	 Time: 0.731	 Loss: 1.09506869 ( 1.09906499)	Bal_acc: 33.98907208 preci: 0.38889 (0.33989) rec: 0.38889(0.33989) f1: 0.38889 (0.33989)
Test: [14400/167]	 Time: 0.728	 Loss: 1.10312998 ( 1.09947147)	Bal_acc: 33.54595443 preci: 0.29444 (0.33546) rec: 0.29444(0.33546) f1: 0.29444 (0.33546)
Test: [18000/167]	 Time: 0.726	 Loss: 1.09908831 ( 1.09950126)	Bal_acc: 33.43234432 preci: 0.34444 (0.33432) rec: 0.34444(0.33432) f1: 0.34444 (0.33432)
Test: [21600/167]	 Time: 0.726	 Loss: 1.09848714 ( 1.09942278)	Bal_acc: 33.54912868 preci: 0.33889 (0.33549) rec: 0.33889(0.33549) f1: 0.33889 (0.33549)
Test: [25200/167]	 Time: 0.726	 Loss: 1.09931052 ( 1.09950377)	Bal_acc: 33.51457946 preci: 0.33889 (0.33515) rec: 0.33889(0.33515) f1: 0.33889 (0.33515)
Test: [28800/167]	 Time: 0.724	 Loss: 1.10160613 ( 1.09973827)	Bal_acc: 33.32988373 preci: 0.32222 (0.33330) rec: 0.32222(0.33330) f1: 0.32222 (0.33330)
val f 0.3338688333709556 val loss 1.0996834915804576 val acc 33.38688190873847
Epoch: [2][0/167]  lr: 0.03  Time: 2.029 (itavg:2.029) (2.029)  Data: 0.565 (0.565) Loss: 1.09613752 (1.09613752) (1.09613752)  bal_acc: 37.22223 (37.22223) preci: 0.37222 (0.37222) rec: 0.37222 (0.37222)  f1: 0.37222 (0.37222) jvpen: 1.000000000000 2.029 losscale:1.00000
Epoch: [2][20/167]  lr: 0.03  Time: 1.527 (itavg:1.530) (1.554)  Data: 0.061 (0.092) Loss: 1.09791172 (1.09938970) (1.09923484)  bal_acc: 35.00000 (33.99471) preci: 0.35000 (0.33995) rec: 0.35000 (0.33995)  f1: 0.35000 (0.33995) jvpen: 1.000000000000 30.596 losscale:1.00000
Epoch: [2][40/167]  lr: 0.03  Time: 1.526 (itavg:1.526) (1.540)  Data: 0.040 (0.072) Loss: 1.09892094 (1.09925020) (1.09924233)  bal_acc: 33.33334 (33.84824) preci: 0.33333 (0.33848) rec: 0.33333 (0.33848)  f1: 0.33333 (0.33848) jvpen: 1.000000000000 30.521 losscale:1.00000
Epoch: [2][60/167]  lr: 0.03  Time: 1.526 (itavg:1.526) (1.535)  Data: 0.044 (0.065) Loss: 1.10062766 (1.10016348) (1.09954435)  bal_acc: 32.77778 (33.53370) preci: 0.32778 (0.33534) rec: 0.32778 (0.33534)  f1: 0.32778 (0.33534) jvpen: 1.000000000000 30.519 losscale:1.00000
Epoch: [2][80/167]  lr: 0.03  Time: 1.512 (itavg:1.527) (1.533)  Data: 0.042 (0.064) Loss: 1.09717894 (1.09893738) (1.09939448)  bal_acc: 37.22223 (33.64884) preci: 0.37222 (0.33649) rec: 0.37222 (0.33649)  f1: 0.37222 (0.33649) jvpen: 1.000000000000 30.537 losscale:1.00000
