## SLURM PROLOG ###############################################################
##    Job ID : 3735735
##  Job Name : color_CNN
##  Nodelist : gpu2005
##      CPUs : 1
##  Mem/Node : 30720 MB
## Directory : /gpfs/data/tserre/aarjun1/pathtracker/mot/InT-Models-main
##   Started : Sat Jan  1 16:53:46 EST 2022
###############################################################################
Tensorflow version 2.7.0
Failed to import slowfast.
Failed to import spatial sampler.
Found dataset: /users/aarjun1/scratch/pathtracker_data/mot/tfrecords/
Loading training dataset
Loading validation dataset
Init model ffhgru full bptt penalty:  False
107258
Loading parallel finished on GPU count: 4
Including parameters ['module.bn.weight', 'module.bn.bias', 'module.preproc.weight', 'module.preproc.bias', 'module.unit1.w_exc', 'module.unit1.w_inh', 'module.unit1.alpha', 'module.unit1.mu', 'module.unit1.gamma', 'module.unit1.kappa', 'module.unit1.w', 'module.unit1.a_w_gate.weight', 'module.unit1.a_w_gate.bias', 'module.unit1.a_u_gate.weight', 'module.unit1.a_u_gate.bias', 'module.unit1.i_w_gate.weight', 'module.unit1.i_w_gate.bias', 'module.unit1.i_u_gate.weight', 'module.unit1.i_u_gate.bias', 'module.unit1.e_w_gate.weight', 'module.unit1.e_w_gate.bias', 'module.unit1.e_u_gate.weight', 'module.unit1.e_u_gate.bias', 'module.unit1.bn.0.weight', 'module.unit1.bn.0.bias', 'module.unit1.bn.1.weight', 'module.unit1.bn.1.bias', 'module.readout_conv.weight', 'module.readout_conv.bias', 'module.target_conv.weight', 'module.target_conv.bias', 'module.readout_dense.weight', 'module.readout_dense.bias']
Epoch: [0][0/167]  lr: 0.0003  Time: 10.902 (itavg:10.902) (10.902)  Data: 0.587 (0.587) Loss: 1.41758275 (1.41758275) (1.41758275)  bal_acc: 32.77778 (32.77778) preci: 0.32778 (0.32778) rec: 0.32778 (0.32778)  f1: 0.32778 (0.32778) jvpen: 1.000000000000 10.902 losscale:1.00000
Epoch: [0][20/167]  lr: 0.0003  Time: 1.497 (itavg:1.555) (2.000)  Data: 0.055 (0.090) Loss: 1.42729867 (1.39311980) (1.39428470)  bal_acc: 29.44444 (32.98942) preci: 0.29444 (0.32989) rec: 0.29444 (0.32989)  f1: 0.29444 (0.32989) jvpen: 1.000000000000 31.107 losscale:1.00000
Epoch: [0][40/167]  lr: 0.0003  Time: 1.474 (itavg:1.489) (1.751)  Data: 0.058 (0.075) Loss: 1.39545631 (1.35586849) (1.37554509)  bal_acc: 30.00000 (33.22493) preci: 0.30000 (0.33225) rec: 0.30000 (0.33225)  f1: 0.30000 (0.33225) jvpen: 1.000000000000 29.778 losscale:1.00000
Epoch: [0][60/167]  lr: 0.0003  Time: 1.486 (itavg:1.490) (1.665)  Data: 0.050 (0.070) Loss: 1.24410665 (1.33157135) (1.36112747)  bal_acc: 40.00000 (33.50638) preci: 0.40000 (0.33506) rec: 0.40000 (0.33506)  f1: 0.40000 (0.33506) jvpen: 1.000000000000 29.808 losscale:1.00000
Epoch: [0][80/167]  lr: 0.0003  Time: 1.491 (itavg:1.491) (1.622)  Data: 0.053 (0.067) Loss: 1.36952400 (1.33800762) (1.35541886)  bal_acc: 30.55556 (33.37449) preci: 0.30556 (0.33374) rec: 0.30556 (0.33374)  f1: 0.30556 (0.33374) jvpen: 1.000000000000 29.827 losscale:1.00000
Epoch: [0][100/167]  lr: 0.0003  Time: 1.490 (itavg:1.489) (1.596)  Data: 0.047 (0.064) Loss: 1.30916345 (1.32878303) (1.35014444)  bal_acc: 33.88889 (33.29483) preci: 0.33889 (0.33295) rec: 0.33889 (0.33295)  f1: 0.33889 (0.33295) jvpen: 1.000000000000 29.787 losscale:1.00000
Epoch: [0][120/167]  lr: 0.0003  Time: 1.480 (itavg:1.490) (1.579)  Data: 0.051 (0.063) Loss: 1.26894128 (1.30664276) (1.34295408)  bal_acc: 36.11111 (33.40221) preci: 0.36111 (0.33402) rec: 0.36111 (0.33402)  f1: 0.36111 (0.33402) jvpen: 1.000000000000 29.803 losscale:1.00000
Epoch: [0][140/167]  lr: 0.0003  Time: 1.489 (itavg:1.492) (1.566)  Data: 0.042 (0.062) Loss: 1.27720380 (1.29941319) (1.33677807)  bal_acc: 33.88889 (33.36486) preci: 0.33889 (0.33365) rec: 0.33889 (0.33365)  f1: 0.33889 (0.33365) jvpen: 1.000000000000 29.842 losscale:1.00000
Epoch: [0][160/167]  lr: 0.0003  Time: 1.473 (itavg:1.492) (1.557)  Data: 0.021 (0.061) Loss: 1.22490418 (1.26454153) (1.32780459)  bal_acc: 33.88889 (33.28157) preci: 0.33889 (0.33282) rec: 0.33889 (0.33282)  f1: 0.33889 (0.33282) jvpen: 1.000000000000 29.834 losscale:1.00000
0
Test: [0/167]	 Time: 1.232	 Loss: 1.21027362 ( 1.21027362)	Bal_acc: 32.77777863 preci: 0.32778 (0.32778) rec: 0.32778(0.32778) f1: 0.32778 (0.32778)
Test: [3600/167]	 Time: 0.750	 Loss: 1.19877934 ( 1.20628533)	Bal_acc: 33.17460414 preci: 0.33889 (0.33175) rec: 0.33889(0.33175) f1: 0.33889 (0.33175)
Test: [7200/167]	 Time: 0.739	 Loss: 1.20675707 ( 1.20618751)	Bal_acc: 33.17073282 preci: 0.32778 (0.33171) rec: 0.32778(0.33171) f1: 0.32778 (0.33171)
Test: [10800/167]	 Time: 0.734	 Loss: 1.15512240 ( 1.20589885)	Bal_acc: 33.19672241 preci: 0.38333 (0.33197) rec: 0.38333(0.33197) f1: 0.38333 (0.33197)
Test: [14400/167]	 Time: 0.731	 Loss: 1.19480729 ( 1.20476350)	Bal_acc: 33.29904085 preci: 0.34444 (0.33299) rec: 0.34444(0.33299) f1: 0.34444 (0.33299)
Test: [18000/167]	 Time: 0.730	 Loss: 1.19270062 ( 1.20124237)	Bal_acc: 33.65786690 preci: 0.34444 (0.33658) rec: 0.34444(0.33658) f1: 0.34444 (0.33658)
Test: [21600/167]	 Time: 0.730	 Loss: 1.17361200 ( 1.20192962)	Bal_acc: 33.59045098 preci: 0.36667 (0.33590) rec: 0.36667(0.33590) f1: 0.36667 (0.33590)
Test: [25200/167]	 Time: 0.730	 Loss: 1.18114483 ( 1.20405610)	Bal_acc: 33.36091506 preci: 0.35556 (0.33361) rec: 0.35556(0.33361) f1: 0.35556 (0.33361)
Test: [28800/167]	 Time: 0.729	 Loss: 1.19695389 ( 1.20413291)	Bal_acc: 33.34023556 preci: 0.33889 (0.33340) rec: 0.33889(0.33340) f1: 0.33889 (0.33340)
val f 0.33299868796245163 val loss 1.204497805560928
Epoch: [1][0/167]  lr: 0.0003  Time: 2.003 (itavg:2.003) (2.003)  Data: 0.569 (0.569) Loss: 1.19799972 (1.19799972) (1.19799972)  bal_acc: 33.88889 (33.88889) preci: 0.33889 (0.33889) rec: 0.33889 (0.33889)  f1: 0.33889 (0.33889) jvpen: 1.000000000000 2.003 losscale:1.00000
Epoch: [1][20/167]  lr: 0.0003  Time: 1.485 (itavg:1.498) (1.522)  Data: 0.055 (0.093) Loss: 1.11652386 (1.16678021) (1.16826685)  bal_acc: 36.11111 (33.09524) preci: 0.36111 (0.33095) rec: 0.36111 (0.33095)  f1: 0.36111 (0.33095) jvpen: 1.000000000000 29.969 losscale:1.00000
Epoch: [1][40/167]  lr: 0.0003  Time: 1.481 (itavg:1.492) (1.508)  Data: 0.047 (0.075) Loss: 1.09537923 (1.10960106) (1.13964939)  bal_acc: 37.22223 (33.38753) preci: 0.37222 (0.33388) rec: 0.37222 (0.33388)  f1: 0.37222 (0.33388) jvpen: 1.000000000000 29.838 losscale:1.00000
Epoch: [1][60/167]  lr: 0.0003  Time: 1.486 (itavg:1.499) (1.505)  Data: 0.045 (0.068) Loss: 1.09958816 (1.09956737) (1.12650775)  bal_acc: 38.88889 (32.94171) preci: 0.38889 (0.32942) rec: 0.38889 (0.32942)  f1: 0.38889 (0.32942) jvpen: 1.000000000000 29.971 losscale:1.00000
Epoch: [1][80/167]  lr: 0.0003  Time: 1.494 (itavg:1.495) (1.502)  Data: 0.045 (0.066) Loss: 1.09837210 (1.09873456) (1.11965017)  bal_acc: 30.00000 (33.12757) preci: 0.30000 (0.33128) rec: 0.30000 (0.33128)  f1: 0.30000 (0.33128) jvpen: 1.000000000000 29.907 losscale:1.00000
Epoch: [1][100/167]  lr: 0.0003  Time: 1.497 (itavg:1.495) (1.501)  Data: 0.044 (0.063) Loss: 1.09890473 (1.09888402) (1.11553806)  bal_acc: 28.88889 (32.83828) preci: 0.28889 (0.32838) rec: 0.28889 (0.32838)  f1: 0.28889 (0.32838) jvpen: 1.000000000000 29.903 losscale:1.00000
Epoch: [1][120/167]  lr: 0.0003  Time: 1.497 (itavg:1.492) (1.499)  Data: 0.052 (0.063) Loss: 1.09719145 (1.09868191) (1.11275192)  bal_acc: 38.88889 (32.88797) preci: 0.38889 (0.32888) rec: 0.38889 (0.32888)  f1: 0.38889 (0.32888) jvpen: 1.000000000000 29.848 losscale:1.00000
Epoch: [1][140/167]  lr: 0.0003  Time: 1.472 (itavg:1.494) (1.499)  Data: 0.043 (0.062) Loss: 1.09848833 (1.09864991) (1.11075163)  bal_acc: 34.44445 (32.86446) preci: 0.34444 (0.32864) rec: 0.34444 (0.32864)  f1: 0.34444 (0.32864) jvpen: 1.000000000000 29.880 losscale:1.00000
Epoch: [1][160/167]  lr: 0.0003  Time: 1.478 (itavg:1.493) (1.498)  Data: 0.021 (0.061) Loss: 1.09846640 (1.09874119) (1.10925965)  bal_acc: 32.77778 (32.68806) preci: 0.32778 (0.32688) rec: 0.32778 (0.32688)  f1: 0.32778 (0.32688) jvpen: 1.000000000000 29.863 losscale:1.00000
1
Test: [0/167]	 Time: 1.221	 Loss: 1.09805858 ( 1.09805858)	Bal_acc: 35.55555725 preci: 0.35556 (0.35556) rec: 0.35556(0.35556) f1: 0.35556 (0.35556)
Test: [3600/167]	 Time: 0.749	 Loss: 1.09870636 ( 1.09862422)	Bal_acc: 32.64550363 preci: 0.32778 (0.32646) rec: 0.32778(0.32646) f1: 0.32778 (0.32646)
Test: [7200/167]	 Time: 0.737	 Loss: 1.09793341 ( 1.09868058)	Bal_acc: 32.57452681 preci: 0.37778 (0.32575) rec: 0.37778(0.32575) f1: 0.37778 (0.32575)
Test: [10800/167]	 Time: 0.732	 Loss: 1.09911656 ( 1.09866005)	Bal_acc: 32.82331626 preci: 0.31111 (0.32823) rec: 0.31111(0.32823) f1: 0.31111 (0.32823)
Test: [14400/167]	 Time: 0.729	 Loss: 1.09905493 ( 1.09866583)	Bal_acc: 33.03840981 preci: 0.33889 (0.33038) rec: 0.33889(0.33038) f1: 0.33889 (0.33038)
Test: [18000/167]	 Time: 0.729	 Loss: 1.09959650 ( 1.09869456)	Bal_acc: 33.07480857 preci: 0.30000 (0.33075) rec: 0.30000(0.33075) f1: 0.30000 (0.33075)
Test: [21600/167]	 Time: 0.728	 Loss: 1.09810960 ( 1.09867381)	Bal_acc: 33.06244376 preci: 0.40556 (0.33062) rec: 0.40556(0.33062) f1: 0.40556 (0.33062)
Test: [25200/167]	 Time: 0.727	 Loss: 1.09962308 ( 1.09867507)	Bal_acc: 33.07328715 preci: 0.32778 (0.33073) rec: 0.32778(0.33073) f1: 0.32778 (0.33073)
Test: [28800/167]	 Time: 0.726	 Loss: 1.09828234 ( 1.09865496)	Bal_acc: 33.26777202 preci: 0.32778 (0.33268) rec: 0.32778(0.33268) f1: 0.32778 (0.33268)
val f 0.3333333584379001 val loss 1.0986439743673946
Epoch: [2][0/167]  lr: 0.0003  Time: 2.023 (itavg:2.023) (2.023)  Data: 0.573 (0.573) Loss: 1.09864831 (1.09864831) (1.09864831)  bal_acc: 36.66667 (36.66667) preci: 0.36667 (0.36667) rec: 0.36667 (0.36667)  f1: 0.36667 (0.36667) jvpen: 1.000000000000 2.023 losscale:1.00000
Epoch: [2][20/167]  lr: 0.0003  Time: 1.499 (itavg:1.502) (1.526)  Data: 0.045 (0.093) Loss: 1.09880614 (1.09862901) (1.09862993)  bal_acc: 36.66667 (33.59788) preci: 0.36667 (0.33598) rec: 0.36667 (0.33598)  f1: 0.36667 (0.33598) jvpen: 1.000000000000 30.031 losscale:1.00000
Epoch: [2][40/167]  lr: 0.0003  Time: 1.485 (itavg:1.495) (1.511)  Data: 0.049 (0.074) Loss: 1.09902048 (1.09878184) (1.09870403)  bal_acc: 27.77778 (32.72358) preci: 0.27778 (0.32724) rec: 0.27778 (0.32724)  f1: 0.27778 (0.32724) jvpen: 1.000000000000 29.890 losscale:1.00000
Epoch: [2][60/167]  lr: 0.0003  Time: 1.498 (itavg:1.494) (1.505)  Data: 0.050 (0.068) Loss: 1.09792864 (1.09861389) (1.09867448)  bal_acc: 37.77778 (32.94171) preci: 0.37778 (0.32942) rec: 0.37778 (0.32942)  f1: 0.37778 (0.32942) jvpen: 1.000000000000 29.874 losscale:1.00000
Epoch: [2][80/167]  lr: 0.0003  Time: 1.494 (itavg:1.495) (1.503)  Data: 0.043 (0.066) Loss: 1.09850657 (1.09866368) (1.09867181)  bal_acc: 34.44445 (33.08642) preci: 0.34444 (0.33086) rec: 0.34444 (0.33086)  f1: 0.34444 (0.33086) jvpen: 1.000000000000 29.905 losscale:1.00000
Epoch: [2][100/167]  lr: 0.0003  Time: 1.488 (itavg:1.494) (1.501)  Data: 0.058 (0.064) Loss: 1.09899127 (1.09910657) (1.09875790)  bal_acc: 32.77778 (32.75578) preci: 0.32778 (0.32756) rec: 0.32778 (0.32756)  f1: 0.32778 (0.32756) jvpen: 1.000000000000 29.874 losscale:1.00000
Epoch: [2][120/167]  lr: 0.0003  Time: 1.482 (itavg:1.494) (1.500)  Data: 0.045 (0.062) Loss: 1.09954321 (1.09870853) (1.09874974)  bal_acc: 28.88889 (32.81910) preci: 0.28889 (0.32819) rec: 0.28889 (0.32819)  f1: 0.28889 (0.32819) jvpen: 1.000000000000 29.874 losscale:1.00000
Epoch: [2][140/167]  lr: 0.0003  Time: 1.494 (itavg:1.493) (1.499)  Data: 0.049 (0.062) Loss: 1.09923792 (1.09847749) (1.09871112)  bal_acc: 31.66667 (33.01025) preci: 0.31667 (0.33010) rec: 0.31667 (0.33010)  f1: 0.31667 (0.33010) jvpen: 1.000000000000 29.858 losscale:1.00000
Epoch: [2][160/167]  lr: 0.0003  Time: 1.467 (itavg:1.491) (1.498)  Data: 0.022 (0.061) Loss: 1.09842086 (1.09886123) (1.09872977)  bal_acc: 36.66667 (32.99517) preci: 0.36667 (0.32995) rec: 0.36667 (0.32995)  f1: 0.36667 (0.32995) jvpen: 1.000000000000 29.814 losscale:1.00000
2
Test: [0/167]	 Time: 1.220	 Loss: 1.09838903 ( 1.09838903)	Bal_acc: 36.66666794 preci: 0.36667 (0.36667) rec: 0.36667(0.36667) f1: 0.36667 (0.36667)
Test: [3600/167]	 Time: 0.748	 Loss: 1.09879053 ( 1.09859603)	Bal_acc: 32.72486868 preci: 0.30556 (0.32725) rec: 0.30556(0.32725) f1: 0.30556 (0.32725)
Test: [7200/167]	 Time: 0.736	 Loss: 1.09953463 ( 1.09868737)	Bal_acc: 32.49322580 preci: 0.33889 (0.32493) rec: 0.33889(0.32493) f1: 0.33889 (0.32493)
Test: [10800/167]	 Time: 0.732	 Loss: 1.09895587 ( 1.09866659)	Bal_acc: 32.74134886 preci: 0.29444 (0.32741) rec: 0.29444(0.32741) f1: 0.29444 (0.32741)
Test: [14400/167]	 Time: 0.730	 Loss: 1.09925795 ( 1.09871165)	Bal_acc: 33.07270328 preci: 0.31667 (0.33073) rec: 0.31667(0.33073) f1: 0.31667 (0.33073)
Test: [18000/167]	 Time: 0.729	 Loss: 1.10062027 ( 1.09873705)	Bal_acc: 33.01430232 preci: 0.28889 (0.33014) rec: 0.28889(0.33014) f1: 0.28889 (0.33014)
Test: [21600/167]	 Time: 0.729	 Loss: 1.09878993 ( 1.09871904)	Bal_acc: 32.97979886 preci: 0.30556 (0.32980) rec: 0.30556(0.32980) f1: 0.30556 (0.32980)
Test: [25200/167]	 Time: 0.728	 Loss: 1.09991634 ( 1.09870612)	Bal_acc: 33.07328696 preci: 0.30556 (0.33073) rec: 0.30556(0.33073) f1: 0.30556 (0.33073)
Test: [28800/167]	 Time: 0.727	 Loss: 1.09830272 ( 1.09868730)	Bal_acc: 33.27467315 preci: 0.36111 (0.33275) rec: 0.36111(0.33275) f1: 0.36111 (0.33275)
val f 0.33356762740267326 val loss 1.0986702097467629
Epoch: [3][0/167]  lr: 0.0003  Time: 2.027 (itavg:2.027) (2.027)  Data: 0.581 (0.581) Loss: 1.09941208 (1.09941208) (1.09941208)  bal_acc: 32.22222 (32.22222) preci: 0.32222 (0.32222) rec: 0.32222 (0.32222)  f1: 0.32222 (0.32222) jvpen: 1.000000000000 2.027 losscale:1.00000
Epoch: [3][20/167]  lr: 0.0003  Time: 1.489 (itavg:1.501) (1.526)  Data: 0.062 (0.095) Loss: 1.10195863 (1.09853387) (1.09857569)  bal_acc: 30.00000 (32.27513) preci: 0.30000 (0.32275) rec: 0.30000 (0.32275)  f1: 0.30000 (0.32275) jvpen: 1.000000000000 30.025 losscale:1.00000
Epoch: [3][40/167]  lr: 0.0003  Time: 1.494 (itavg:1.493) (1.510)  Data: 0.048 (0.077) Loss: 1.09808862 (1.09903188) (1.09879823)  bal_acc: 35.55556 (32.99458) preci: 0.35556 (0.32995) rec: 0.35556 (0.32995)  f1: 0.35556 (0.32995) jvpen: 1.000000000000 29.861 losscale:1.00000
Epoch: [3][60/167]  lr: 0.0003  Time: 1.488 (itavg:1.496) (1.506)  Data: 0.060 (0.070) Loss: 1.10020137 (1.09912305) (1.09890473)  bal_acc: 26.11111 (32.61384) preci: 0.26111 (0.32614) rec: 0.26111 (0.32614)  f1: 0.26111 (0.32614) jvpen: 1.000000000000 29.929 losscale:1.00000
Epoch: [3][80/167]  lr: 0.0003  Time: 1.484 (itavg:1.498) (1.504)  Data: 0.043 (0.067) Loss: 1.09870839 (1.09875952) (1.09886887)  bal_acc: 33.33334 (32.81893) preci: 0.33333 (0.32819) rec: 0.33333 (0.32819)  f1: 0.33333 (0.32819) jvpen: 1.000000000000 29.957 losscale:1.00000
Epoch: [3][100/167]  lr: 0.0003  Time: 1.490 (itavg:1.496) (1.502)  Data: 0.057 (0.065) Loss: 1.09933734 (1.09894130) (1.09888321)  bal_acc: 33.33334 (32.59076) preci: 0.33333 (0.32591) rec: 0.33333 (0.32591)  f1: 0.33333 (0.32591) jvpen: 1.000000000000 29.919 losscale:1.00000
Epoch: [3][120/167]  lr: 0.0003  Time: 1.488 (itavg:1.495) (1.501)  Data: 0.045 (0.063) Loss: 1.10062182 (1.09891977) (1.09888926)  bal_acc: 29.44444 (32.67677) preci: 0.29444 (0.32677) rec: 0.29444 (0.32677)  f1: 0.29444 (0.32677) jvpen: 1.000000000000 29.906 losscale:1.00000
Epoch: [3][140/167]  lr: 0.0003  Time: 1.500 (itavg:1.497) (1.501)  Data: 0.051 (0.062) Loss: 1.09872508 (1.09858781) (1.09884650)  bal_acc: 29.44444 (32.78566) preci: 0.29444 (0.32786) rec: 0.29444 (0.32786)  f1: 0.29444 (0.32786) jvpen: 1.000000000000 29.949 losscale:1.00000
Epoch: [3][160/167]  lr: 0.0003  Time: 1.485 (itavg:1.495) (1.500)  Data: 0.021 (0.061) Loss: 1.09847677 (1.09873351) (1.09883246)  bal_acc: 34.44445 (32.83989) preci: 0.34444 (0.32840) rec: 0.34444 (0.32840)  f1: 0.34444 (0.32840) jvpen: 1.000000000000 29.891 losscale:1.00000
3
Test: [0/167]	 Time: 1.227	 Loss: 1.09864974 ( 1.09864974)	Bal_acc: 35.00000000 preci: 0.35000 (0.35000) rec: 0.35000(0.35000) f1: 0.35000 (0.35000)
Test: [3600/167]	 Time: 0.752	 Loss: 1.09910738 ( 1.09866322)	Bal_acc: 32.77777890 preci: 0.28889 (0.32778) rec: 0.28889(0.32778) f1: 0.28889 (0.32778)
Test: [7200/167]	 Time: 0.736	 Loss: 1.09960771 ( 1.09868623)	Bal_acc: 32.53387642 preci: 0.27778 (0.32534) rec: 0.27778(0.32534) f1: 0.27778 (0.32534)
Test: [10800/167]	 Time: 0.733	 Loss: 1.09895813 ( 1.09864261)	Bal_acc: 32.71402640 preci: 0.30556 (0.32714) rec: 0.30556(0.32714) f1: 0.30556 (0.32714)
Test: [14400/167]	 Time: 0.731	 Loss: 1.09808767 ( 1.09865433)	Bal_acc: 33.05898591 preci: 0.38333 (0.33059) rec: 0.38333(0.33059) f1: 0.38333 (0.33059)
Test: [18000/167]	 Time: 0.729	 Loss: 1.09942520 ( 1.09868095)	Bal_acc: 32.94829580 preci: 0.30000 (0.32948) rec: 0.30000(0.32948) f1: 0.30000 (0.32948)
Test: [21600/167]	 Time: 0.729	 Loss: 1.09882045 ( 1.09866170)	Bal_acc: 33.04407810 preci: 0.32222 (0.33044) rec: 0.32222(0.33044) f1: 0.32222 (0.33044)
Test: [25200/167]	 Time: 0.727	 Loss: 1.09874094 ( 1.09866160)	Bal_acc: 32.98266443 preci: 0.30000 (0.32983) rec: 0.30000(0.32983) f1: 0.30000 (0.32983)
Test: [28800/167]	 Time: 0.726	 Loss: 1.09824729 ( 1.09862922)	Bal_acc: 33.32298229 preci: 0.32778 (0.33323) rec: 0.32778(0.33323) f1: 0.32778 (0.33323)
val f 0.333534162536443 val loss 1.0986273834504277
EarlyStopping counter: 1 out of 50
Epoch: [4][0/167]  lr: 0.0003  Time: 2.013 (itavg:2.013) (2.013)  Data: 0.573 (0.573) Loss: 1.09881341 (1.09881341) (1.09881341)  bal_acc: 32.77778 (32.77778) preci: 0.32778 (0.32778) rec: 0.32778 (0.32778)  f1: 0.32778 (0.32778) jvpen: 1.000000000000 2.013 losscale:1.00000
Epoch: [4][20/167]  lr: 0.0003  Time: 1.482 (itavg:1.493) (1.518)  Data: 0.047 (0.093) Loss: 1.09854186 (1.09856584) (1.09857763)  bal_acc: 33.88889 (33.20106) preci: 0.33889 (0.33201) rec: 0.33889 (0.33201)  f1: 0.33889 (0.33201) jvpen: 1.000000000000 29.867 losscale:1.00000
Epoch: [4][40/167]  lr: 0.0003  Time: 1.496 (itavg:1.494) (1.506)  Data: 0.047 (0.076) Loss: 1.09800923 (1.09886798) (1.09871927)  bal_acc: 37.77778 (33.00813) preci: 0.37778 (0.33008) rec: 0.37778 (0.33008)  f1: 0.37778 (0.33008) jvpen: 1.000000000000 29.878 losscale:1.00000
Epoch: [4][60/167]  lr: 0.0003  Time: 1.486 (itavg:1.492) (1.502)  Data: 0.046 (0.069) Loss: 1.09872437 (1.09872133) (1.09871994)  bal_acc: 29.44444 (32.90528) preci: 0.29444 (0.32905) rec: 0.29444 (0.32905)  f1: 0.29444 (0.32905) jvpen: 1.000000000000 29.846 losscale:1.00000
Epoch: [4][80/167]  lr: 0.0003  Time: 1.487 (itavg:1.492) (1.499)  Data: 0.039 (0.066) Loss: 1.09874988 (1.09862295) (1.09869599)  bal_acc: 32.22222 (33.10014) preci: 0.32222 (0.33100) rec: 0.32222 (0.33100)  f1: 0.32222 (0.33100) jvpen: 1.000000000000 29.838 losscale:1.00000
Epoch: [4][100/167]  lr: 0.0003  Time: 1.495 (itavg:1.493) (1.498)  Data: 0.042 (0.064) Loss: 1.10023212 (1.09896234) (1.09874874)  bal_acc: 32.77778 (32.98130) preci: 0.32778 (0.32981) rec: 0.32778 (0.32981)  f1: 0.32778 (0.32981) jvpen: 1.000000000000 29.869 losscale:1.00000
Epoch: [4][120/167]  lr: 0.0003  Time: 1.489 (itavg:1.492) (1.497)  Data: 0.055 (0.062) Loss: 1.09916186 (1.09853069) (1.09871269)  bal_acc: 32.22222 (33.03949) preci: 0.32222 (0.33039) rec: 0.32222 (0.33039)  f1: 0.32222 (0.33039) jvpen: 1.000000000000 29.844 losscale:1.00000
Epoch: [4][140/167]  lr: 0.0003  Time: 1.484 (itavg:1.491) (1.496)  Data: 0.051 (0.061) Loss: 1.09908545 (1.09880000) (1.09872508)  bal_acc: 31.66667 (33.06541) preci: 0.31667 (0.33065) rec: 0.31667 (0.33065)  f1: 0.31667 (0.33065) jvpen: 1.000000000000 29.813 losscale:1.00000
Epoch: [4][160/167]  lr: 0.0003  Time: 1.470 (itavg:1.492) (1.496)  Data: 0.021 (0.060) Loss: 1.09902680 (1.09876823) (1.09873044)  bal_acc: 30.55556 (33.00552) preci: 0.30556 (0.33006) rec: 0.30556 (0.33006)  f1: 0.30556 (0.33006) jvpen: 1.000000000000 29.846 losscale:1.00000
4
Test: [0/167]	 Time: 1.232	 Loss: 1.09821510 ( 1.09821510)	Bal_acc: 40.55555725 preci: 0.40556 (0.40556) rec: 0.40556(0.40556) f1: 0.40556 (0.40556)
Test: [3600/167]	 Time: 0.753	 Loss: 1.09836888 ( 1.09865543)	Bal_acc: 32.80423355 preci: 0.35000 (0.32804) rec: 0.35000(0.32804) f1: 0.35000 (0.32804)
Test: [7200/167]	 Time: 0.738	 Loss: 1.09878230 ( 1.09867423)	Bal_acc: 32.53387609 preci: 0.30556 (0.32534) rec: 0.30556(0.32534) f1: 0.30556 (0.32534)
Test: [10800/167]	 Time: 0.733	 Loss: 1.09886420 ( 1.09864799)	Bal_acc: 32.91439072 preci: 0.30000 (0.32914) rec: 0.30000(0.32914) f1: 0.30000 (0.32914)
Test: [14400/167]	 Time: 0.731	 Loss: 1.09816217 ( 1.09865068)	Bal_acc: 32.89437680 preci: 0.41111 (0.32894) rec: 0.41111(0.32894) f1: 0.41111 (0.32894)
Test: [18000/167]	 Time: 0.730	 Loss: 1.09895027 ( 1.09864301)	Bal_acc: 32.99230013 preci: 0.28333 (0.32992) rec: 0.28333(0.32992) f1: 0.28333 (0.32992)
Test: [21600/167]	 Time: 0.730	 Loss: 1.09817719 ( 1.09863861)	Bal_acc: 33.00275571 preci: 0.41111 (0.33003) rec: 0.41111(0.33003) f1: 0.41111 (0.33003)
Test: [25200/167]	 Time: 0.729	 Loss: 1.09879291 ( 1.09863686)	Bal_acc: 33.06934691 preci: 0.31667 (0.33069) rec: 0.31667(0.33069) f1: 0.31667 (0.33069)
Test: [28800/167]	 Time: 0.727	 Loss: 1.09855759 ( 1.09862144)	Bal_acc: 33.29882777 preci: 0.35556 (0.33299) rec: 0.35556(0.33299) f1: 0.35556 (0.33299)
val f 0.3333333578993039 val loss 1.098619945078011
EarlyStopping counter: 2 out of 50
Epoch: [5][0/167]  lr: 0.0003  Time: 2.019 (itavg:2.019) (2.019)  Data: 0.568 (0.568) Loss: 1.09832084 (1.09832084) (1.09832084)  bal_acc: 37.77778 (37.77778) preci: 0.37778 (0.37778) rec: 0.37778 (0.37778)  f1: 0.37778 (0.37778) jvpen: 1.000000000000 2.019 losscale:1.00000
Epoch: [5][20/167]  lr: 0.0003  Time: 1.493 (itavg:1.499) (1.524)  Data: 0.061 (0.093) Loss: 1.09828079 (1.09866210) (1.09864585)  bal_acc: 36.11111 (33.06878) preci: 0.36111 (0.33069) rec: 0.36111 (0.33069)  f1: 0.36111 (0.33069) jvpen: 1.000000000000 29.978 losscale:1.00000
Epoch: [5][40/167]  lr: 0.0003  Time: 1.483 (itavg:1.494) (1.509)  Data: 0.052 (0.076) Loss: 1.09944236 (1.09876214) (1.09870258)  bal_acc: 30.00000 (33.21138) preci: 0.30000 (0.33211) rec: 0.30000 (0.33211)  f1: 0.30000 (0.33211) jvpen: 1.000000000000 29.880 losscale:1.00000
Epoch: [5][60/167]  lr: 0.0003  Time: 1.476 (itavg:1.492) (1.503)  Data: 0.059 (0.069) Loss: 1.09834266 (1.09866579) (1.09869052)  bal_acc: 33.88889 (33.24226) preci: 0.33889 (0.33242) rec: 0.33889 (0.33242)  f1: 0.33889 (0.33242) jvpen: 1.000000000000 29.830 losscale:1.00000
Epoch: [5][80/167]  lr: 0.0003  Time: 1.494 (itavg:1.498) (1.502)  Data: 0.047 (0.066) Loss: 1.09868813 (1.09879419) (1.09871612)  bal_acc: 37.22223 (33.39506) preci: 0.37222 (0.33395) rec: 0.37222 (0.33395)  f1: 0.37222 (0.33395) jvpen: 1.000000000000 29.957 losscale:1.00000
Epoch: [5][100/167]  lr: 0.0003  Time: 1.494 (itavg:1.494) (1.500)  Data: 0.045 (0.064) Loss: 1.10043800 (1.09908476) (1.09878911)  bal_acc: 28.33333 (32.98680) preci: 0.28333 (0.32987) rec: 0.28333 (0.32987)  f1: 0.28333 (0.32987) jvpen: 1.000000000000 29.871 losscale:1.00000
Epoch: [5][120/167]  lr: 0.0003  Time: 1.490 (itavg:1.493) (1.499)  Data: 0.054 (0.063) Loss: 1.09653449 (1.09878153) (1.09878786)  bal_acc: 40.55556 (32.99816) preci: 0.40556 (0.32998) rec: 0.40556 (0.32998)  f1: 0.40556 (0.32998) jvpen: 1.000000000000 29.859 losscale:1.00000
Epoch: [5][140/167]  lr: 0.0003  Time: 1.484 (itavg:1.491) (1.498)  Data: 0.063 (0.062) Loss: 1.09782052 (1.09880472) (1.09879025)  bal_acc: 37.22223 (32.99054) preci: 0.37222 (0.32991) rec: 0.37222 (0.32991)  f1: 0.37222 (0.32991) jvpen: 1.000000000000 29.825 losscale:1.00000
Epoch: [5][160/167]  lr: 0.0003  Time: 1.471 (itavg:1.493) (1.497)  Data: 0.022 (0.061) Loss: 1.09911811 (1.09885917) (1.09879881)  bal_acc: 33.33334 (32.87785) preci: 0.33333 (0.32878) rec: 0.33333 (0.32878)  f1: 0.33333 (0.32878) jvpen: 1.000000000000 29.870 losscale:1.00000
5
Test: [0/167]	 Time: 1.240	 Loss: 1.09844887 ( 1.09844887)	Bal_acc: 35.00000000 preci: 0.35000 (0.35000) rec: 0.35000(0.35000) f1: 0.35000 (0.35000)
Test: [3600/167]	 Time: 0.752	 Loss: 1.09875870 ( 1.09871684)	Bal_acc: 31.58730225 preci: 0.33889 (0.31587) rec: 0.33889(0.31587) f1: 0.33889 (0.31587)
Test: [7200/167]	 Time: 0.738	 Loss: 1.09875739 ( 1.09867609)	Bal_acc: 31.95122007 preci: 0.32778 (0.31951) rec: 0.32778(0.31951) f1: 0.32778 (0.31951)
Test: [10800/167]	 Time: 0.733	 Loss: 1.09882402 ( 1.09866787)	Bal_acc: 32.53187680 preci: 0.31667 (0.32532) rec: 0.31667(0.32532) f1: 0.31667 (0.32532)
Test: [14400/167]	 Time: 0.729	 Loss: 1.09839427 ( 1.09863909)	Bal_acc: 32.74348494 preci: 0.33889 (0.32743) rec: 0.33889(0.32743) f1: 0.33889 (0.32743)
Test: [18000/167]	 Time: 0.728	 Loss: 1.09833252 ( 1.09862611)	Bal_acc: 32.73927473 preci: 0.37222 (0.32739) rec: 0.37222(0.32739) f1: 0.37222 (0.32739)
Test: [21600/167]	 Time: 0.728	 Loss: 1.09870565 ( 1.09862549)	Bal_acc: 32.93388518 preci: 0.33333 (0.32934) rec: 0.33333(0.32934) f1: 0.33333 (0.32934)
Test: [25200/167]	 Time: 0.727	 Loss: 1.09883392 ( 1.09863039)	Bal_acc: 33.06934683 preci: 0.29444 (0.33069) rec: 0.29444(0.33069) f1: 0.29444 (0.33069)
Test: [28800/167]	 Time: 0.726	 Loss: 1.09844863 ( 1.09862014)	Bal_acc: 33.18495600 preci: 0.31667 (0.33185) rec: 0.31667(0.33185) f1: 0.31667 (0.33185)
val f 0.3315595936882927 val loss 1.0986184068472988
EarlyStopping counter: 3 out of 50
Epoch: [6][0/167]  lr: 0.0003  Time: 2.028 (itavg:2.028) (2.028)  Data: 0.574 (0.574) Loss: 1.09877467 (1.09877467) (1.09877467)  bal_acc: 33.33334 (33.33334) preci: 0.33333 (0.33333) rec: 0.33333 (0.33333)  f1: 0.33333 (0.33333) jvpen: 1.000000000000 2.028 losscale:1.00000
Epoch: [6][20/167]  lr: 0.0003  Time: 1.486 (itavg:1.497) (1.522)  Data: 0.052 (0.093) Loss: 1.09861743 (1.09865709) (1.09866269)  bal_acc: 33.33334 (33.25397) preci: 0.33333 (0.33254) rec: 0.33333 (0.33254)  f1: 0.33333 (0.33254) jvpen: 1.000000000000 29.940 losscale:1.00000
Epoch: [6][40/167]  lr: 0.0003  Time: 1.479 (itavg:1.494) (1.508)  Data: 0.050 (0.076) Loss: 1.09864807 (1.09871597) (1.09868868)  bal_acc: 26.66667 (32.24932) preci: 0.26667 (0.32249) rec: 0.26667 (0.32249)  f1: 0.26667 (0.32249) jvpen: 1.000000000000 29.876 losscale:1.00000
Epoch: [6][60/167]  lr: 0.0003  Time: 1.490 (itavg:1.491) (1.503)  Data: 0.060 (0.069) Loss: 1.09958816 (1.09873158) (1.09870275)  bal_acc: 31.66667 (32.72313) preci: 0.31667 (0.32723) rec: 0.31667 (0.32723)  f1: 0.31667 (0.32723) jvpen: 1.000000000000 29.818 losscale:1.00000
Epoch: [6][80/167]  lr: 0.0003  Time: 1.494 (itavg:1.493) (1.500)  Data: 0.052 (0.066) Loss: 1.09679687 (1.09862435) (1.09868339)  bal_acc: 45.00000 (32.76406) preci: 0.45000 (0.32764) rec: 0.45000 (0.32764)  f1: 0.45000 (0.32764) jvpen: 1.000000000000 29.865 losscale:1.00000
Epoch: [6][100/167]  lr: 0.0003  Time: 1.487 (itavg:1.493) (1.499)  Data: 0.041 (0.064) Loss: 1.09966540 (1.09903393) (1.09875280)  bal_acc: 29.44444 (32.36524) preci: 0.29444 (0.32365) rec: 0.29444 (0.32365)  f1: 0.29444 (0.32365) jvpen: 1.000000000000 29.865 losscale:1.00000
Epoch: [6][120/167]  lr: 0.0003  Time: 1.494 (itavg:1.490) (1.497)  Data: 0.054 (0.062) Loss: 1.09937429 (1.09868593) (1.09874175)  bal_acc: 32.22222 (32.52984) preci: 0.32222 (0.32530) rec: 0.32222 (0.32530)  f1: 0.32222 (0.32530) jvpen: 1.000000000000 29.793 losscale:1.00000
Epoch: [6][140/167]  lr: 0.0003  Time: 1.481 (itavg:1.493) (1.497)  Data: 0.061 (0.062) Loss: 1.09831822 (1.09870971) (1.09873721)  bal_acc: 33.33334 (32.56501) preci: 0.33333 (0.32565) rec: 0.33333 (0.32565)  f1: 0.33333 (0.32565) jvpen: 1.000000000000 29.868 losscale:1.00000
Epoch: [6][160/167]  lr: 0.0003  Time: 1.478 (itavg:1.493) (1.496)  Data: 0.021 (0.061) Loss: 1.09853578 (1.09890217) (1.09875770)  bal_acc: 34.44445 (32.45342) preci: 0.34444 (0.32453) rec: 0.34444 (0.32453)  f1: 0.34444 (0.32453) jvpen: 1.000000000000 29.857 losscale:1.00000
6
Test: [0/167]	 Time: 1.208	 Loss: 1.09889281 ( 1.09889281)	Bal_acc: 31.11111259 preci: 0.31111 (0.31111) rec: 0.31111(0.31111) f1: 0.31111 (0.31111)
Test: [3600/167]	 Time: 0.753	 Loss: 1.09876060 ( 1.09875377)	Bal_acc: 33.01587405 preci: 0.33333 (0.33016) rec: 0.33333(0.33016) f1: 0.33333 (0.33016)
Test: [7200/167]	 Time: 0.741	 Loss: 1.09900403 ( 1.09870661)	Bal_acc: 33.21138303 preci: 0.31667 (0.33211) rec: 0.31667(0.33211) f1: 0.31667 (0.33211)
Test: [10800/167]	 Time: 0.736	 Loss: 1.09868896 ( 1.09869007)	Bal_acc: 33.13297003 preci: 0.33333 (0.33133) rec: 0.33333(0.33133) f1: 0.33333 (0.33133)
Test: [14400/167]	 Time: 0.734	 Loss: 1.09841049 ( 1.09865518)	Bal_acc: 33.31275829 preci: 0.33333 (0.33313) rec: 0.33333(0.33313) f1: 0.33333 (0.33313)
Test: [18000/167]	 Time: 0.732	 Loss: 1.09917986 ( 1.09862985)	Bal_acc: 33.56435751 preci: 0.33333 (0.33564) rec: 0.33333(0.33564) f1: 0.33333 (0.33564)
Test: [21600/167]	 Time: 0.731	 Loss: 1.09927356 ( 1.09863600)	Bal_acc: 33.49403225 preci: 0.26111 (0.33494) rec: 0.26111(0.33494) f1: 0.26111 (0.33494)
Test: [25200/167]	 Time: 0.730	 Loss: 1.09863937 ( 1.09864460)	Bal_acc: 33.35303489 preci: 0.26667 (0.33353) rec: 0.26667(0.33353) f1: 0.26667 (0.33353)
Test: [28800/167]	 Time: 0.729	 Loss: 1.09881377 ( 1.09863894)	Bal_acc: 33.26087055 preci: 0.32778 (0.33261) rec: 0.32778(0.33261) f1: 0.32778 (0.33261)
val f 0.3332998919558812 val loss 1.0986294193440174
EarlyStopping counter: 4 out of 50
Epoch: [7][0/167]  lr: 0.0003  Time: 2.032 (itavg:2.032) (2.032)  Data: 0.569 (0.569) Loss: 1.09811223 (1.09811223) (1.09811223)  bal_acc: 41.11111 (41.11111) preci: 0.41111 (0.41111) rec: 0.41111 (0.41111)  f1: 0.41111 (0.41111) jvpen: 1.000000000000 2.033 losscale:1.00000
Epoch: [7][20/167]  lr: 0.0003  Time: 1.489 (itavg:1.500) (1.525)  Data: 0.056 (0.097) Loss: 1.09925067 (1.09871921) (1.09869031)  bal_acc: 33.88889 (33.28042) preci: 0.33889 (0.33280) rec: 0.33889 (0.33280)  f1: 0.33889 (0.33280) jvpen: 1.000000000000 29.995 losscale:1.00000
Epoch: [7][40/167]  lr: 0.0003  Time: 1.499 (itavg:1.492) (1.509)  Data: 0.047 (0.076) Loss: 1.09959602 (1.09889477) (1.09879004)  bal_acc: 29.44444 (32.45258) preci: 0.29444 (0.32453) rec: 0.29444 (0.32453)  f1: 0.29444 (0.32453) jvpen: 1.000000000000 29.847 losscale:1.00000
Epoch: [7][60/167]  lr: 0.0003  Time: 1.488 (itavg:1.492) (1.504)  Data: 0.044 (0.071) Loss: 1.09849024 (1.09866765) (1.09874992)  bal_acc: 35.00000 (32.65938) preci: 0.35000 (0.32659) rec: 0.35000 (0.32659)  f1: 0.35000 (0.32659) jvpen: 1.000000000000 29.847 losscale:1.00000
Epoch: [7][80/167]  lr: 0.0003  Time: 1.502 (itavg:1.493) (1.501)  Data: 0.043 (0.068) Loss: 1.09845841 (1.09864488) (1.09872398)  bal_acc: 37.22223 (32.90809) preci: 0.37222 (0.32908) rec: 0.37222 (0.32908)  f1: 0.37222 (0.32908) jvpen: 1.000000000000 29.853 losscale:1.00000
